{"meta": {"format": 3, "version": "7.9.2", "timestamp": "2025-07-09T13:53:36.875834", "branch_coverage": true, "show_contexts": false}, "files": {"src/agents/base_agent.py": {"executed_lines": [], "summary": {"covered_lines": 0, "num_statements": 0, "percent_covered": 100.0, "percent_covered_display": "100.00", "missing_lines": 0, "excluded_lines": 0, "num_branches": 0, "num_partial_branches": 0, "covered_branches": 0, "missing_branches": 0}, "missing_lines": [], "excluded_lines": [], "executed_branches": [], "missing_branches": [], "functions": {"": {"executed_lines": [], "summary": {"covered_lines": 0, "num_statements": 0, "percent_covered": 100.0, "percent_covered_display": "100.00", "missing_lines": 0, "excluded_lines": 0, "num_branches": 0, "num_partial_branches": 0, "covered_branches": 0, "missing_branches": 0}, "missing_lines": [], "excluded_lines": [], "executed_branches": [], "missing_branches": []}}, "classes": {"": {"executed_lines": [], "summary": {"covered_lines": 0, "num_statements": 0, "percent_covered": 100.0, "percent_covered_display": "100.00", "missing_lines": 0, "excluded_lines": 0, "num_branches": 0, "num_partial_branches": 0, "covered_branches": 0, "missing_branches": 0}, "missing_lines": [], "excluded_lines": [], "executed_branches": [], "missing_branches": []}}}, "src/agents/create_agent.py": {"executed_lines": [], "summary": {"covered_lines": 0, "num_statements": 15, "percent_covered": 0.0, "percent_covered_display": "0.00", "missing_lines": 15, "excluded_lines": 0, "num_branches": 0, "num_partial_branches": 0, "covered_branches": 0, "missing_branches": 0}, "missing_lines": [36, 39, 51, 65, 66, 67, 69, 83, 85, 99, 101, 115, 117, 158, 159], "excluded_lines": [], "executed_branches": [], "missing_branches": [], "functions": {"CreateAgent.__init__": {"executed_lines": [], "summary": {"covered_lines": 0, "num_statements": 3, "percent_covered": 0.0, "percent_covered_display": "0.00", "missing_lines": 3, "excluded_lines": 0, "num_branches": 0, "num_partial_branches": 0, "covered_branches": 0, "missing_branches": 0}, "missing_lines": [65, 66, 67], "excluded_lines": [], "executed_branches": [], "missing_branches": []}, "CreateAgent.get_agent_id": {"executed_lines": [], "summary": {"covered_lines": 0, "num_statements": 1, "percent_covered": 0.0, "percent_covered_display": "0.00", "missing_lines": 1, "excluded_lines": 0, "num_branches": 0, "num_partial_branches": 0, "covered_branches": 0, "missing_branches": 0}, "missing_lines": [83], "excluded_lines": [], "executed_branches": [], "missing_branches": []}, "CreateAgent.get_knowledge_path": {"executed_lines": [], "summary": {"covered_lines": 0, "num_statements": 1, "percent_covered": 0.0, "percent_covered_display": "0.00", "missing_lines": 1, "excluded_lines": 0, "num_branches": 0, "num_partial_branches": 0, "covered_branches": 0, "missing_branches": 0}, "missing_lines": [99], "excluded_lines": [], "executed_branches": [], "missing_branches": []}, "CreateAgent.get_qdrant_collection": {"executed_lines": [], "summary": {"covered_lines": 0, "num_statements": 1, "percent_covered": 0.0, "percent_covered_display": "0.00", "missing_lines": 1, "excluded_lines": 0, "num_branches": 0, "num_partial_branches": 0, "covered_branches": 0, "missing_branches": 0}, "missing_lines": [115], "excluded_lines": [], "executed_branches": [], "missing_branches": []}, "CreateAgent.generate_prompt": {"executed_lines": [], "summary": {"covered_lines": 0, "num_statements": 2, "percent_covered": 0.0, "percent_covered_display": "0.00", "missing_lines": 2, "excluded_lines": 0, "num_branches": 0, "num_partial_branches": 0, "covered_branches": 0, "missing_branches": 0}, "missing_lines": [158, 159], "excluded_lines": [], "executed_branches": [], "missing_branches": []}, "": {"executed_lines": [], "summary": {"covered_lines": 0, "num_statements": 7, "percent_covered": 0.0, "percent_covered_display": "0.00", "missing_lines": 7, "excluded_lines": 0, "num_branches": 0, "num_partial_branches": 0, "covered_branches": 0, "missing_branches": 0}, "missing_lines": [36, 39, 51, 69, 85, 101, 117], "excluded_lines": [], "executed_branches": [], "missing_branches": []}}, "classes": {"CreateAgent": {"executed_lines": [], "summary": {"covered_lines": 0, "num_statements": 8, "percent_covered": 0.0, "percent_covered_display": "0.00", "missing_lines": 8, "excluded_lines": 0, "num_branches": 0, "num_partial_branches": 0, "covered_branches": 0, "missing_branches": 0}, "missing_lines": [65, 66, 67, 83, 99, 115, 158, 159], "excluded_lines": [], "executed_branches": [], "missing_branches": []}, "": {"executed_lines": [], "summary": {"covered_lines": 0, "num_statements": 7, "percent_covered": 0.0, "percent_covered_display": "0.00", "missing_lines": 7, "excluded_lines": 0, "num_branches": 0, "num_partial_branches": 0, "covered_branches": 0, "missing_branches": 0}, "missing_lines": [36, 39, 51, 69, 85, 101, 117], "excluded_lines": [], "executed_branches": [], "missing_branches": []}}}, "src/agents/registry.py": {"executed_lines": [], "summary": {"covered_lines": 0, "num_statements": 0, "percent_covered": 100.0, "percent_covered_display": "100.00", "missing_lines": 0, "excluded_lines": 0, "num_branches": 0, "num_partial_branches": 0, "covered_branches": 0, "missing_branches": 0}, "missing_lines": [], "excluded_lines": [], "executed_branches": [], "missing_branches": [], "functions": {"": {"executed_lines": [], "summary": {"covered_lines": 0, "num_statements": 0, "percent_covered": 100.0, "percent_covered_display": "100.00", "missing_lines": 0, "excluded_lines": 0, "num_branches": 0, "num_partial_branches": 0, "covered_branches": 0, "missing_branches": 0}, "missing_lines": [], "excluded_lines": [], "executed_branches": [], "missing_branches": []}}, "classes": {"": {"executed_lines": [], "summary": {"covered_lines": 0, "num_statements": 0, "percent_covered": 100.0, "percent_covered_display": "100.00", "missing_lines": 0, "excluded_lines": 0, "num_branches": 0, "num_partial_branches": 0, "covered_branches": 0, "missing_branches": 0}, "missing_lines": [], "excluded_lines": [], "executed_branches": [], "missing_branches": []}}}, "src/api/models/create_models_core.py": {"executed_lines": [1, 7, 9, 12, 13, 15, 21, 26, 30, 35, 36, 37, 43, 44, 45, 54, 55, 57, 61, 65, 69, 74, 78, 84, 85, 87, 91, 95, 99, 105, 106, 108, 113, 117, 121, 125, 129, 135, 136, 138, 142, 148, 149, 151, 155, 159, 163], "summary": {"covered_lines": 40, "num_statements": 48, "percent_covered": 74.07407407407408, "percent_covered_display": "74.07", "missing_lines": 8, "excluded_lines": 0, "num_branches": 6, "num_partial_branches": 0, "covered_branches": 0, "missing_branches": 6}, "missing_lines": [39, 40, 41, 47, 48, 49, 50, 51], "excluded_lines": [], "executed_branches": [], "missing_branches": [[39, 40], [39, 41], [47, 48], [47, 51], [49, 50], [49, 51]], "functions": {"CreateRequestModel.validate_prompt": {"executed_lines": [], "summary": {"covered_lines": 0, "num_statements": 3, "percent_covered": 0.0, "percent_covered_display": "0.00", "missing_lines": 3, "excluded_lines": 0, "num_branches": 2, "num_partial_branches": 0, "covered_branches": 0, "missing_branches": 2}, "missing_lines": [39, 40, 41], "excluded_lines": [], "executed_branches": [], "missing_branches": [[39, 40], [39, 41]]}, "CreateRequestModel.validate_domain": {"executed_lines": [], "summary": {"covered_lines": 0, "num_statements": 5, "percent_covered": 0.0, "percent_covered_display": "0.00", "missing_lines": 5, "excluded_lines": 0, "num_branches": 4, "num_partial_branches": 0, "covered_branches": 0, "missing_branches": 4}, "missing_lines": [47, 48, 49, 50, 51], "excluded_lines": [], "executed_branches": [], "missing_branches": [[47, 48], [47, 51], [49, 50], [49, 51]]}, "": {"executed_lines": [1, 7, 9, 12, 13, 15, 21, 26, 30, 35, 36, 37, 43, 44, 45, 54, 55, 57, 61, 65, 69, 74, 78, 84, 85, 87, 91, 95, 99, 105, 106, 108, 113, 117, 121, 125, 129, 135, 136, 138, 142, 148, 149, 151, 155, 159, 163], "summary": {"covered_lines": 40, "num_statements": 40, "percent_covered": 100.0, "percent_covered_display": "100.00", "missing_lines": 0, "excluded_lines": 0, "num_branches": 0, "num_partial_branches": 0, "covered_branches": 0, "missing_branches": 0}, "missing_lines": [], "excluded_lines": [], "executed_branches": [], "missing_branches": []}}, "classes": {"CreateRequestModel": {"executed_lines": [], "summary": {"covered_lines": 0, "num_statements": 8, "percent_covered": 0.0, "percent_covered_display": "0.00", "missing_lines": 8, "excluded_lines": 0, "num_branches": 6, "num_partial_branches": 0, "covered_branches": 0, "missing_branches": 6}, "missing_lines": [39, 40, 41, 47, 48, 49, 50, 51], "excluded_lines": [], "executed_branches": [], "missing_branches": [[39, 40], [39, 41], [47, 48], [47, 51], [49, 50], [49, 51]]}, "CreateResponseModel": {"executed_lines": [], "summary": {"covered_lines": 0, "num_statements": 0, "percent_covered": 100.0, "percent_covered_display": "100.00", "missing_lines": 0, "excluded_lines": 0, "num_branches": 0, "num_partial_branches": 0, "covered_branches": 0, "missing_branches": 0}, "missing_lines": [], "excluded_lines": [], "executed_branches": [], "missing_branches": []}, "ErrorResponseModel": {"executed_lines": [], "summary": {"covered_lines": 0, "num_statements": 0, "percent_covered": 100.0, "percent_covered_display": "100.00", "missing_lines": 0, "excluded_lines": 0, "num_branches": 0, "num_partial_branches": 0, "covered_branches": 0, "missing_branches": 0}, "missing_lines": [], "excluded_lines": [], "executed_branches": [], "missing_branches": []}, "HealthResponseModel": {"executed_lines": [], "summary": {"covered_lines": 0, "num_statements": 0, "percent_covered": 100.0, "percent_covered_display": "100.00", "missing_lines": 0, "excluded_lines": 0, "num_branches": 0, "num_partial_branches": 0, "covered_branches": 0, "missing_branches": 0}, "missing_lines": [], "excluded_lines": [], "executed_branches": [], "missing_branches": []}, "DomainResponseModel": {"executed_lines": [], "summary": {"covered_lines": 0, "num_statements": 0, "percent_covered": 100.0, "percent_covered_display": "100.00", "missing_lines": 0, "excluded_lines": 0, "num_branches": 0, "num_partial_branches": 0, "covered_branches": 0, "missing_branches": 0}, "missing_lines": [], "excluded_lines": [], "executed_branches": [], "missing_branches": []}, "FrameworkInfoResponseModel": {"executed_lines": [], "summary": {"covered_lines": 0, "num_statements": 0, "percent_covered": 100.0, "percent_covered_display": "100.00", "missing_lines": 0, "excluded_lines": 0, "num_branches": 0, "num_partial_branches": 0, "covered_branches": 0, "missing_branches": 0}, "missing_lines": [], "excluded_lines": [], "executed_branches": [], "missing_branches": []}, "": {"executed_lines": [1, 7, 9, 12, 13, 15, 21, 26, 30, 35, 36, 37, 43, 44, 45, 54, 55, 57, 61, 65, 69, 74, 78, 84, 85, 87, 91, 95, 99, 105, 106, 108, 113, 117, 121, 125, 129, 135, 136, 138, 142, 148, 149, 151, 155, 159, 163], "summary": {"covered_lines": 40, "num_statements": 40, "percent_covered": 100.0, "percent_covered_display": "100.00", "missing_lines": 0, "excluded_lines": 0, "num_branches": 0, "num_partial_branches": 0, "covered_branches": 0, "missing_branches": 0}, "missing_lines": [], "excluded_lines": [], "executed_branches": [], "missing_branches": []}}}, "src/api/routers/create_core.py": {"executed_lines": [1, 7, 9, 11, 18, 21, 31, 34, 41, 82, 89, 105, 112, 124, 131], "summary": {"covered_lines": 14, "num_statements": 24, "percent_covered": 58.333333333333336, "percent_covered_display": "58.33", "missing_lines": 10, "excluded_lines": 0, "num_branches": 0, "num_partial_branches": 0, "covered_branches": 0, "missing_branches": 0}, "missing_lines": [53, 55, 61, 70, 71, 75, 76, 95, 118, 137], "excluded_lines": [], "executed_branches": [], "missing_branches": [], "functions": {"process_prompt": {"executed_lines": [], "summary": {"covered_lines": 0, "num_statements": 7, "percent_covered": 0.0, "percent_covered_display": "0.00", "missing_lines": 7, "excluded_lines": 0, "num_branches": 0, "num_partial_branches": 0, "covered_branches": 0, "missing_branches": 0}, "missing_lines": [53, 55, 61, 70, 71, 75, 76], "excluded_lines": [], "executed_branches": [], "missing_branches": []}, "health_check": {"executed_lines": [], "summary": {"covered_lines": 0, "num_statements": 1, "percent_covered": 0.0, "percent_covered_display": "0.00", "missing_lines": 1, "excluded_lines": 0, "num_branches": 0, "num_partial_branches": 0, "covered_branches": 0, "missing_branches": 0}, "missing_lines": [95], "excluded_lines": [], "executed_branches": [], "missing_branches": []}, "get_domains": {"executed_lines": [], "summary": {"covered_lines": 0, "num_statements": 1, "percent_covered": 0.0, "percent_covered_display": "0.00", "missing_lines": 1, "excluded_lines": 0, "num_branches": 0, "num_partial_branches": 0, "covered_branches": 0, "missing_branches": 0}, "missing_lines": [118], "excluded_lines": [], "executed_branches": [], "missing_branches": []}, "get_framework_info": {"executed_lines": [], "summary": {"covered_lines": 0, "num_statements": 1, "percent_covered": 0.0, "percent_covered_display": "0.00", "missing_lines": 1, "excluded_lines": 0, "num_branches": 0, "num_partial_branches": 0, "covered_branches": 0, "missing_branches": 0}, "missing_lines": [137], "excluded_lines": [], "executed_branches": [], "missing_branches": []}, "": {"executed_lines": [1, 7, 9, 11, 18, 21, 31, 34, 41, 82, 89, 105, 112, 124, 131], "summary": {"covered_lines": 14, "num_statements": 14, "percent_covered": 100.0, "percent_covered_display": "100.00", "missing_lines": 0, "excluded_lines": 0, "num_branches": 0, "num_partial_branches": 0, "covered_branches": 0, "missing_branches": 0}, "missing_lines": [], "excluded_lines": [], "executed_branches": [], "missing_branches": []}}, "classes": {"": {"executed_lines": [1, 7, 9, 11, 18, 21, 31, 34, 41, 82, 89, 105, 112, 124, 131], "summary": {"covered_lines": 14, "num_statements": 24, "percent_covered": 58.333333333333336, "percent_covered_display": "58.33", "missing_lines": 10, "excluded_lines": 0, "num_branches": 0, "num_partial_branches": 0, "covered_branches": 0, "missing_branches": 0}, "missing_lines": [53, 55, 61, 70, 71, 75, 76, 95, 118, 137], "excluded_lines": [], "executed_branches": [], "missing_branches": []}}}, "src/api/routers/monitoring.py": {"executed_lines": [], "summary": {"covered_lines": 0, "num_statements": 78, "percent_covered": 0.0, "percent_covered_display": "0.00", "missing_lines": 78, "excluded_lines": 0, "num_branches": 0, "num_partial_branches": 0, "covered_branches": 0, "missing_branches": 0}, "missing_lines": [7, 8, 10, 11, 13, 20, 30, 33, 34, 35, 36, 37, 40, 43, 44, 45, 48, 51, 52, 53, 56, 59, 60, 61, 62, 63, 66, 72, 78, 79, 81, 90, 96, 102, 103, 105, 106, 109, 114, 121, 127, 138, 139, 141, 148, 154, 160, 161, 164, 167, 168, 174, 181, 190, 195, 201, 202, 204, 207, 212, 218, 219, 221, 224, 229, 235, 238, 240, 247, 252, 258, 259, 261, 264, 269, 275, 276, 278], "excluded_lines": [], "executed_branches": [], "missing_branches": [], "functions": {"get_metrics": {"executed_lines": [], "summary": {"covered_lines": 0, "num_statements": 3, "percent_covered": 0.0, "percent_covered_display": "0.00", "missing_lines": 3, "excluded_lines": 0, "num_branches": 0, "num_partial_branches": 0, "covered_branches": 0, "missing_branches": 0}, "missing_lines": [78, 79, 81], "excluded_lines": [], "executed_branches": [], "missing_branches": []}, "get_sla_compliance": {"executed_lines": [], "summary": {"covered_lines": 0, "num_statements": 6, "percent_covered": 0.0, "percent_covered_display": "0.00", "missing_lines": 6, "excluded_lines": 0, "num_branches": 0, "num_partial_branches": 0, "covered_branches": 0, "missing_branches": 0}, "missing_lines": [102, 103, 105, 106, 109, 114], "excluded_lines": [], "executed_branches": [], "missing_branches": []}, "get_sla_violations": {"executed_lines": [], "summary": {"covered_lines": 0, "num_statements": 3, "percent_covered": 0.0, "percent_covered_display": "0.00", "missing_lines": 3, "excluded_lines": 0, "num_branches": 0, "num_partial_branches": 0, "covered_branches": 0, "missing_branches": 0}, "missing_lines": [138, 139, 141], "excluded_lines": [], "executed_branches": [], "missing_branches": []}, "get_health": {"executed_lines": [], "summary": {"covered_lines": 0, "num_statements": 7, "percent_covered": 0.0, "percent_covered_display": "0.00", "missing_lines": 7, "excluded_lines": 0, "num_branches": 0, "num_partial_branches": 0, "covered_branches": 0, "missing_branches": 0}, "missing_lines": [160, 161, 164, 167, 168, 174, 181], "excluded_lines": [], "executed_branches": [], "missing_branches": []}, "reset_metrics": {"executed_lines": [], "summary": {"covered_lines": 0, "num_statements": 3, "percent_covered": 0.0, "percent_covered_display": "0.00", "missing_lines": 3, "excluded_lines": 0, "num_branches": 0, "num_partial_branches": 0, "covered_branches": 0, "missing_branches": 0}, "missing_lines": [201, 202, 204], "excluded_lines": [], "executed_branches": [], "missing_branches": []}, "clear_sla_violations": {"executed_lines": [], "summary": {"covered_lines": 0, "num_statements": 3, "percent_covered": 0.0, "percent_covered_display": "0.00", "missing_lines": 3, "excluded_lines": 0, "num_branches": 0, "num_partial_branches": 0, "covered_branches": 0, "missing_branches": 0}, "missing_lines": [218, 219, 221], "excluded_lines": [], "executed_branches": [], "missing_branches": []}, "get_system_resources": {"executed_lines": [], "summary": {"covered_lines": 0, "num_statements": 3, "percent_covered": 0.0, "percent_covered_display": "0.00", "missing_lines": 3, "excluded_lines": 0, "num_branches": 0, "num_partial_branches": 0, "covered_branches": 0, "missing_branches": 0}, "missing_lines": [235, 238, 240], "excluded_lines": [], "executed_branches": [], "missing_branches": []}, "start_resource_monitoring": {"executed_lines": [], "summary": {"covered_lines": 0, "num_statements": 3, "percent_covered": 0.0, "percent_covered_display": "0.00", "missing_lines": 3, "excluded_lines": 0, "num_branches": 0, "num_partial_branches": 0, "covered_branches": 0, "missing_branches": 0}, "missing_lines": [258, 259, 261], "excluded_lines": [], "executed_branches": [], "missing_branches": []}, "stop_resource_monitoring": {"executed_lines": [], "summary": {"covered_lines": 0, "num_statements": 3, "percent_covered": 0.0, "percent_covered_display": "0.00", "missing_lines": 3, "excluded_lines": 0, "num_branches": 0, "num_partial_branches": 0, "covered_branches": 0, "missing_branches": 0}, "missing_lines": [275, 276, 278], "excluded_lines": [], "executed_branches": [], "missing_branches": []}, "": {"executed_lines": [], "summary": {"covered_lines": 0, "num_statements": 44, "percent_covered": 0.0, "percent_covered_display": "0.00", "missing_lines": 44, "excluded_lines": 0, "num_branches": 0, "num_partial_branches": 0, "covered_branches": 0, "missing_branches": 0}, "missing_lines": [7, 8, 10, 11, 13, 20, 30, 33, 34, 35, 36, 37, 40, 43, 44, 45, 48, 51, 52, 53, 56, 59, 60, 61, 62, 63, 66, 72, 90, 96, 121, 127, 148, 154, 190, 195, 207, 212, 224, 229, 247, 252, 264, 269], "excluded_lines": [], "executed_branches": [], "missing_branches": []}}, "classes": {"MetricsResponse": {"executed_lines": [], "summary": {"covered_lines": 0, "num_statements": 0, "percent_covered": 100.0, "percent_covered_display": "100.00", "missing_lines": 0, "excluded_lines": 0, "num_branches": 0, "num_partial_branches": 0, "covered_branches": 0, "missing_branches": 0}, "missing_lines": [], "excluded_lines": [], "executed_branches": [], "missing_branches": []}, "SLAComplianceResponse": {"executed_lines": [], "summary": {"covered_lines": 0, "num_statements": 0, "percent_covered": 100.0, "percent_covered_display": "100.00", "missing_lines": 0, "excluded_lines": 0, "num_branches": 0, "num_partial_branches": 0, "covered_branches": 0, "missing_branches": 0}, "missing_lines": [], "excluded_lines": [], "executed_branches": [], "missing_branches": []}, "SLAViolationResponse": {"executed_lines": [], "summary": {"covered_lines": 0, "num_statements": 0, "percent_covered": 100.0, "percent_covered_display": "100.00", "missing_lines": 0, "excluded_lines": 0, "num_branches": 0, "num_partial_branches": 0, "covered_branches": 0, "missing_branches": 0}, "missing_lines": [], "excluded_lines": [], "executed_branches": [], "missing_branches": []}, "HealthResponse": {"executed_lines": [], "summary": {"covered_lines": 0, "num_statements": 0, "percent_covered": 100.0, "percent_covered_display": "100.00", "missing_lines": 0, "excluded_lines": 0, "num_branches": 0, "num_partial_branches": 0, "covered_branches": 0, "missing_branches": 0}, "missing_lines": [], "excluded_lines": [], "executed_branches": [], "missing_branches": []}, "": {"executed_lines": [], "summary": {"covered_lines": 0, "num_statements": 78, "percent_covered": 0.0, "percent_covered_display": "0.00", "missing_lines": 78, "excluded_lines": 0, "num_branches": 0, "num_partial_branches": 0, "covered_branches": 0, "missing_branches": 0}, "missing_lines": [7, 8, 10, 11, 13, 20, 30, 33, 34, 35, 36, 37, 40, 43, 44, 45, 48, 51, 52, 53, 56, 59, 60, 61, 62, 63, 66, 72, 78, 79, 81, 90, 96, 102, 103, 105, 106, 109, 114, 121, 127, 138, 139, 141, 148, 154, 160, 161, 164, 167, 168, 174, 181, 190, 195, 201, 202, 204, 207, 212, 218, 219, 221, 224, 229, 235, 238, 240, 247, 252, 258, 259, 261, 264, 269, 275, 276, 278], "excluded_lines": [], "executed_branches": [], "missing_branches": []}}}, "src/config/constants.py": {"executed_lines": [1, 9, 22, 31, 38, 39, 42], "summary": {"covered_lines": 6, "num_statements": 6, "percent_covered": 100.0, "percent_covered_display": "100.00", "missing_lines": 0, "excluded_lines": 0, "num_branches": 0, "num_partial_branches": 0, "covered_branches": 0, "missing_branches": 0}, "missing_lines": [], "excluded_lines": [], "executed_branches": [], "missing_branches": [], "functions": {"": {"executed_lines": [1, 9, 22, 31, 38, 39, 42], "summary": {"covered_lines": 6, "num_statements": 6, "percent_covered": 100.0, "percent_covered_display": "100.00", "missing_lines": 0, "excluded_lines": 0, "num_branches": 0, "num_partial_branches": 0, "covered_branches": 0, "missing_branches": 0}, "missing_lines": [], "excluded_lines": [], "executed_branches": [], "missing_branches": []}}, "classes": {"": {"executed_lines": [1, 9, 22, 31, 38, 39, 42], "summary": {"covered_lines": 6, "num_statements": 6, "percent_covered": 100.0, "percent_covered_display": "100.00", "missing_lines": 0, "excluded_lines": 0, "num_branches": 0, "num_partial_branches": 0, "covered_branches": 0, "missing_branches": 0}, "missing_lines": [], "excluded_lines": [], "executed_branches": [], "missing_branches": []}}}, "src/config/health.py": {"executed_lines": [1, 8, 9, 10, 11, 12, 13, 15, 17, 18, 24, 27, 31, 33, 36, 37, 56, 60, 62, 64, 66, 70, 74, 78, 83, 87, 91, 93, 98, 99, 107, 110, 128, 163, 200, 278], "summary": {"covered_lines": 34, "num_statements": 97, "percent_covered": 29.565217391304348, "percent_covered_display": "29.57", "missing_lines": 63, "excluded_lines": 0, "num_branches": 18, "num_partial_branches": 0, "covered_branches": 0, "missing_branches": 18}, "missing_lines": [105, 119, 120, 121, 122, 123, 125, 141, 145, 146, 149, 150, 157, 158, 160, 174, 176, 177, 180, 181, 182, 183, 186, 187, 188, 189, 192, 193, 195, 197, 220, 223, 226, 229, 232, 233, 235, 236, 237, 238, 239, 240, 241, 245, 246, 247, 248, 249, 250, 251, 254, 268, 275, 293, 294, 295, 297, 305, 306, 307, 312, 313, 314], "excluded_lines": [], "executed_branches": [], "missing_branches": [[120, 121], [120, 125], [122, 120], [122, 123], [145, 146], [145, 149], [157, 158], [157, 160], [176, 177], [176, 197], [180, 181], [180, 186], [181, 180], [181, 182], [186, 187], [186, 192], [187, 186], [187, 188]], "functions": {"ConfigurationStatusModel.config_healthy": {"executed_lines": [], "summary": {"covered_lines": 0, "num_statements": 1, "percent_covered": 0.0, "percent_covered_display": "0.00", "missing_lines": 1, "excluded_lines": 0, "num_branches": 0, "num_partial_branches": 0, "covered_branches": 0, "missing_branches": 0}, "missing_lines": [105], "excluded_lines": [], "executed_branches": [], "missing_branches": []}, "_count_configured_secrets": {"executed_lines": [], "summary": {"covered_lines": 0, "num_statements": 6, "percent_covered": 0.0, "percent_covered_display": "0.00", "missing_lines": 6, "excluded_lines": 0, "num_branches": 4, "num_partial_branches": 0, "covered_branches": 0, "missing_branches": 4}, "missing_lines": [119, 120, 121, 122, 123, 125], "excluded_lines": [], "executed_branches": [], "missing_branches": [[120, 121], [120, 125], [122, 120], [122, 123]]}, "_determine_config_source": {"executed_lines": [], "summary": {"covered_lines": 0, "num_statements": 8, "percent_covered": 0.0, "percent_covered_display": "0.00", "missing_lines": 8, "excluded_lines": 0, "num_branches": 4, "num_partial_branches": 0, "covered_branches": 0, "missing_branches": 4}, "missing_lines": [141, 145, 146, 149, 150, 157, 158, 160], "excluded_lines": [], "executed_branches": [], "missing_branches": [[145, 146], [145, 149], [157, 158], [157, 160]]}, "_sanitize_validation_errors": {"executed_lines": [], "summary": {"covered_lines": 0, "num_statements": 15, "percent_covered": 0.0, "percent_covered_display": "0.00", "missing_lines": 15, "excluded_lines": 0, "num_branches": 10, "num_partial_branches": 0, "covered_branches": 0, "missing_branches": 10}, "missing_lines": [174, 176, 177, 180, 181, 182, 183, 186, 187, 188, 189, 192, 193, 195, 197], "excluded_lines": [], "executed_branches": [], "missing_branches": [[176, 177], [176, 197], [180, 181], [180, 186], [181, 180], [181, 182], [186, 187], [186, 192], [187, 186], [187, 188]]}, "get_configuration_status": {"executed_lines": [], "summary": {"covered_lines": 0, "num_statements": 23, "percent_covered": 0.0, "percent_covered_display": "0.00", "missing_lines": 23, "excluded_lines": 0, "num_branches": 0, "num_partial_branches": 0, "covered_branches": 0, "missing_branches": 0}, "missing_lines": [220, 223, 226, 229, 232, 233, 235, 236, 237, 238, 239, 240, 241, 245, 246, 247, 248, 249, 250, 251, 254, 268, 275], "excluded_lines": [], "executed_branches": [], "missing_branches": []}, "get_configuration_health_summary": {"executed_lines": [], "summary": {"covered_lines": 0, "num_statements": 10, "percent_covered": 0.0, "percent_covered_display": "0.00", "missing_lines": 10, "excluded_lines": 0, "num_branches": 0, "num_partial_branches": 0, "covered_branches": 0, "missing_branches": 0}, "missing_lines": [293, 294, 295, 297, 305, 306, 307, 312, 313, 314], "excluded_lines": [], "executed_branches": [], "missing_branches": []}, "": {"executed_lines": [1, 8, 9, 10, 11, 12, 13, 15, 17, 18, 24, 27, 31, 33, 36, 37, 56, 60, 62, 64, 66, 70, 74, 78, 83, 87, 91, 93, 98, 99, 107, 110, 128, 163, 200, 278], "summary": {"covered_lines": 34, "num_statements": 34, "percent_covered": 100.0, "percent_covered_display": "100.00", "missing_lines": 0, "excluded_lines": 0, "num_branches": 0, "num_partial_branches": 0, "covered_branches": 0, "missing_branches": 0}, "missing_lines": [], "excluded_lines": [], "executed_branches": [], "missing_branches": []}}, "classes": {"ConfigurationStatusModel": {"executed_lines": [], "summary": {"covered_lines": 0, "num_statements": 1, "percent_covered": 0.0, "percent_covered_display": "0.00", "missing_lines": 1, "excluded_lines": 0, "num_branches": 0, "num_partial_branches": 0, "covered_branches": 0, "missing_branches": 0}, "missing_lines": [105], "excluded_lines": [], "executed_branches": [], "missing_branches": []}, "": {"executed_lines": [1, 8, 9, 10, 11, 12, 13, 15, 17, 18, 24, 27, 31, 33, 36, 37, 56, 60, 62, 64, 66, 70, 74, 78, 83, 87, 91, 93, 98, 99, 107, 110, 128, 163, 200, 278], "summary": {"covered_lines": 34, "num_statements": 96, "percent_covered": 29.82456140350877, "percent_covered_display": "29.82", "missing_lines": 62, "excluded_lines": 0, "num_branches": 18, "num_partial_branches": 0, "covered_branches": 0, "missing_branches": 18}, "missing_lines": [119, 120, 121, 122, 123, 125, 141, 145, 146, 149, 150, 157, 158, 160, 174, 176, 177, 180, 181, 182, 183, 186, 187, 188, 189, 192, 193, 195, 197, 220, 223, 226, 229, 232, 233, 235, 236, 237, 238, 239, 240, 241, 245, 246, 247, 248, 249, 250, 251, 254, 268, 275, 293, 294, 295, 297, 305, 306, 307, 312, 313, 314], "excluded_lines": [], "executed_branches": [], "missing_branches": [[120, 121], [120, 125], [122, 120], [122, 123], [145, 146], [145, 149], [157, 158], [157, 160], [176, 177], [176, 197], [180, 181], [180, 186], [181, 180], [181, 182], [186, 187], [186, 192], [187, 186], [187, 188]]}}}, "src/config/settings.py": {"executed_lines": [1, 7, 8, 9, 10, 11, 13, 14, 16, 24, 27, 28, 29, 30, 31, 32, 35, 41, 43, 46, 54, 55, 59, 60, 62, 63, 64, 65, 66, 67, 76, 79, 122, 155, 192, 193, 195, 212, 229, 230, 245, 250, 255, 260, 265, 270, 276, 281, 287, 292, 297, 303, 309, 314, 319, 325, 326, 327, 339, 346, 349, 354, 359, 364, 382, 383, 384, 396, 402, 405, 409, 417, 419, 420, 421, 433, 439, 442, 449, 456, 458, 459, 460, 472, 481, 491, 493, 494, 495, 507, 518, 520, 521, 522, 534, 540, 544, 547, 553, 559, 560, 561, 566, 578, 583, 587, 588, 591, 627, 642, 648, 651, 652, 653, 654, 657, 659, 660, 662, 663, 666, 668, 671, 672, 678, 684, 723, 743, 751, 752, 755, 764, 775, 776, 786, 789, 801, 802, 804, 805, 808, 812, 818, 819, 820, 823, 829, 839, 842, 845, 864, 900, 902, 903, 906, 907, 909, 910, 913, 915, 917, 918, 921, 922, 947, 949, 952], "summary": {"covered_lines": 164, "num_statements": 320, "percent_covered": 45.4337899543379, "percent_covered_display": "45.43", "missing_lines": 156, "excluded_lines": 0, "num_branches": 118, "num_partial_branches": 29, "covered_branches": 35, "missing_branches": 83}, "missing_lines": [56, 68, 69, 70, 71, 73, 88, 90, 91, 93, 94, 95, 96, 99, 100, 103, 104, 105, 106, 109, 111, 112, 114, 116, 117, 119, 131, 133, 134, 136, 138, 141, 142, 144, 145, 147, 149, 150, 152, 167, 168, 171, 174, 175, 178, 179, 182, 183, 186, 187, 189, 208, 209, 210, 214, 216, 217, 218, 219, 221, 222, 223, 224, 226, 340, 367, 368, 371, 372, 375, 397, 410, 434, 443, 450, 473, 483, 484, 508, 535, 562, 563, 579, 584, 602, 603, 605, 606, 607, 608, 611, 612, 615, 616, 619, 620, 624, 637, 638, 639, 664, 669, 673, 692, 693, 695, 696, 697, 700, 701, 702, 703, 704, 707, 712, 713, 716, 720, 731, 732, 734, 735, 738, 740, 756, 759, 769, 772, 777, 778, 809, 810, 811, 813, 814, 815, 824, 830, 834, 854, 856, 857, 858, 859, 861, 925, 927, 929, 931, 937, 938, 939, 968, 969, 970, 971], "excluded_lines": [], "executed_branches": [[55, 59], [62, 63], [65, 66], [65, 76], [67, 65], [339, 346], [359, 364], [396, 402], [409, 417], [433, 439], [442, 449], [449, 456], [472, 481], [481, 491], [507, 518], [534, 540], [578, 583], [583, 587], [587, 588], [662, 663], [662, 668], [663, 666], [668, 671], [671, 672], [672, 678], [755, 764], [764, 775], [776, 786], [808, 812], [812, 818], [823, 829], [829, 839], [902, 903], [902, 949], [921, 922]], "missing_branches": [[55, 56], [62, 76], [67, 68], [69, 65], [69, 70], [90, 91], [90, 93], [95, 96], [95, 119], [99, 100], [99, 103], [103, 95], [103, 104], [109, 95], [109, 111], [133, 134], [133, 136], [141, 142], [141, 152], [142, 141], [142, 144], [216, 217], [216, 221], [218, 219], [218, 221], [221, 222], [221, 226], [223, 224], [223, 226], [339, 340], [359, 367], [367, 368], [367, 371], [371, 372], [371, 375], [396, 397], [409, 410], [433, 434], [442, 443], [449, 450], [472, 473], [481, 483], [507, 508], [534, 535], [578, 579], [583, 584], [587, -566], [605, 606], [605, 624], [611, 612], [611, 615], [615, 616], [615, 619], [619, 605], [619, 620], [637, 638], [637, 639], [663, 664], [668, 669], [671, -642], [672, 673], [695, 696], [695, 700], [701, 702], [701, 712], [703, 701], [703, 704], [712, 713], [712, 720], [734, 735], [734, 740], [755, 756], [764, 769], [776, 777], [808, 809], [812, 813], [823, 824], [829, 830], [856, 857], [856, 858], [858, 859], [858, 861], [921, 925]], "functions": {"_get_project_root": {"executed_lines": [41, 43], "summary": {"covered_lines": 2, "num_statements": 2, "percent_covered": 100.0, "percent_covered_display": "100.00", "missing_lines": 0, "excluded_lines": 0, "num_branches": 0, "num_partial_branches": 0, "covered_branches": 0, "missing_branches": 0}, "missing_lines": [], "excluded_lines": [], "executed_branches": [], "missing_branches": []}, "_detect_environment": {"executed_lines": [54, 55, 59, 60, 62, 63, 64, 65, 66, 67, 76], "summary": {"covered_lines": 11, "num_statements": 17, "percent_covered": 59.25925925925926, "percent_covered_display": "59.26", "missing_lines": 6, "excluded_lines": 0, "num_branches": 10, "num_partial_branches": 3, "covered_branches": 5, "missing_branches": 5}, "missing_lines": [56, 68, 69, 70, 71, 73], "excluded_lines": [], "executed_branches": [[55, 59], [62, 63], [65, 66], [65, 76], [67, 65]], "missing_branches": [[55, 56], [62, 76], [67, 68], [69, 65], [69, 70]]}, "_load_env_file": {"executed_lines": [], "summary": {"covered_lines": 0, "num_statements": 20, "percent_covered": 0.0, "percent_covered_display": "0.00", "missing_lines": 20, "excluded_lines": 0, "num_branches": 10, "num_partial_branches": 0, "covered_branches": 0, "missing_branches": 10}, "missing_lines": [88, 90, 91, 93, 94, 95, 96, 99, 100, 103, 104, 105, 106, 109, 111, 112, 114, 116, 117, 119], "excluded_lines": [], "executed_branches": [], "missing_branches": [[90, 91], [90, 93], [95, 96], [95, 119], [99, 100], [99, 103], [103, 95], [103, 104], [109, 95], [109, 111]]}, "_load_encrypted_env_file": {"executed_lines": [], "summary": {"covered_lines": 0, "num_statements": 13, "percent_covered": 0.0, "percent_covered_display": "0.00", "missing_lines": 13, "excluded_lines": 0, "num_branches": 6, "num_partial_branches": 0, "covered_branches": 0, "missing_branches": 6}, "missing_lines": [131, 133, 134, 136, 138, 141, 142, 144, 145, 147, 149, 150, 152], "excluded_lines": [], "executed_branches": [], "missing_branches": [[133, 134], [133, 136], [141, 142], [141, 152], [142, 141], [142, 144]]}, "_env_file_settings": {"executed_lines": [], "summary": {"covered_lines": 0, "num_statements": 12, "percent_covered": 0.0, "percent_covered_display": "0.00", "missing_lines": 12, "excluded_lines": 0, "num_branches": 0, "num_partial_branches": 0, "covered_branches": 0, "missing_branches": 0}, "missing_lines": [167, 168, 171, 174, 175, 178, 179, 182, 183, 186, 187, 189], "excluded_lines": [], "executed_branches": [], "missing_branches": []}, "ConfigurationValidationError.__init__": {"executed_lines": [], "summary": {"covered_lines": 0, "num_statements": 3, "percent_covered": 0.0, "percent_covered_display": "0.00", "missing_lines": 3, "excluded_lines": 0, "num_branches": 0, "num_partial_branches": 0, "covered_branches": 0, "missing_branches": 0}, "missing_lines": [208, 209, 210], "excluded_lines": [], "executed_branches": [], "missing_branches": []}, "ConfigurationValidationError.__str__": {"executed_lines": [], "summary": {"covered_lines": 0, "num_statements": 10, "percent_covered": 0.0, "percent_covered_display": "0.00", "missing_lines": 10, "excluded_lines": 0, "num_branches": 8, "num_partial_branches": 0, "covered_branches": 0, "missing_branches": 8}, "missing_lines": [214, 216, 217, 218, 219, 221, 222, 223, 224, 226], "excluded_lines": [], "executed_branches": [], "missing_branches": [[216, 217], [216, 221], [218, 219], [218, 221], [221, 222], [221, 226], [223, 224], [223, 226]]}, "ApplicationSettings.validate_api_host": {"executed_lines": [339, 346, 349, 354, 359, 364], "summary": {"covered_lines": 6, "num_statements": 12, "percent_covered": 40.0, "percent_covered_display": "40.00", "missing_lines": 6, "excluded_lines": 0, "num_branches": 8, "num_partial_branches": 2, "covered_branches": 2, "missing_branches": 6}, "missing_lines": [340, 367, 368, 371, 372, 375], "excluded_lines": [], "executed_branches": [[339, 346], [359, 364]], "missing_branches": [[339, 340], [359, 367], [367, 368], [367, 371], [371, 372], [371, 375]]}, "ApplicationSettings.validate_version": {"executed_lines": [396, 402, 405, 409, 417], "summary": {"covered_lines": 5, "num_statements": 7, "percent_covered": 63.63636363636363, "percent_covered_display": "63.64", "missing_lines": 2, "excluded_lines": 0, "num_branches": 4, "num_partial_branches": 2, "covered_branches": 2, "missing_branches": 2}, "missing_lines": [397, 410], "excluded_lines": [], "executed_branches": [[396, 402], [409, 417]], "missing_branches": [[396, 397], [409, 410]]}, "ApplicationSettings.validate_app_name": {"executed_lines": [433, 439, 442, 449, 456], "summary": {"covered_lines": 5, "num_statements": 8, "percent_covered": 57.142857142857146, "percent_covered_display": "57.14", "missing_lines": 3, "excluded_lines": 0, "num_branches": 6, "num_partial_branches": 3, "covered_branches": 3, "missing_branches": 3}, "missing_lines": [434, 443, 450], "excluded_lines": [], "executed_branches": [[433, 439], [442, 449], [449, 456]], "missing_branches": [[433, 434], [442, 443], [449, 450]]}, "ApplicationSettings.validate_api_port_detailed": {"executed_lines": [472, 481, 491], "summary": {"covered_lines": 3, "num_statements": 6, "percent_covered": 50.0, "percent_covered_display": "50.00", "missing_lines": 3, "excluded_lines": 0, "num_branches": 4, "num_partial_branches": 2, "covered_branches": 2, "missing_branches": 2}, "missing_lines": [473, 483, 484], "excluded_lines": [], "executed_branches": [[472, 481], [481, 491]], "missing_branches": [[472, 473], [481, 483]]}, "ApplicationSettings.validate_environment_requirements": {"executed_lines": [507, 518], "summary": {"covered_lines": 2, "num_statements": 3, "percent_covered": 60.0, "percent_covered_display": "60.00", "missing_lines": 1, "excluded_lines": 0, "num_branches": 2, "num_partial_branches": 1, "covered_branches": 1, "missing_branches": 1}, "missing_lines": [508], "excluded_lines": [], "executed_branches": [[507, 518]], "missing_branches": [[507, 508]]}, "ApplicationSettings.validate_secret_not_empty": {"executed_lines": [534, 540], "summary": {"covered_lines": 2, "num_statements": 3, "percent_covered": 60.0, "percent_covered_display": "60.00", "missing_lines": 1, "excluded_lines": 0, "num_branches": 2, "num_partial_branches": 1, "covered_branches": 1, "missing_branches": 1}, "missing_lines": [535], "excluded_lines": [], "executed_branches": [[534, 540]], "missing_branches": [[534, 535]]}, "validate_encryption_available": {"executed_lines": [559, 560, 561], "summary": {"covered_lines": 3, "num_statements": 5, "percent_covered": 60.0, "percent_covered_display": "60.00", "missing_lines": 2, "excluded_lines": 0, "num_branches": 0, "num_partial_branches": 0, "covered_branches": 0, "missing_branches": 0}, "missing_lines": [562, 563], "excluded_lines": [], "executed_branches": [], "missing_branches": []}, "_log_encryption_status": {"executed_lines": [578, 583, 587, 588], "summary": {"covered_lines": 4, "num_statements": 6, "percent_covered": 58.333333333333336, "percent_covered_display": "58.33", "missing_lines": 2, "excluded_lines": 0, "num_branches": 6, "num_partial_branches": 3, "covered_branches": 3, "missing_branches": 3}, "missing_lines": [579, 584], "excluded_lines": [], "executed_branches": [[578, 583], [583, 587], [587, 588]], "missing_branches": [[578, 579], [583, 584], [587, -566]]}, "_process_validation_errors": {"executed_lines": [], "summary": {"covered_lines": 0, "num_statements": 13, "percent_covered": 0.0, "percent_covered_display": "0.00", "missing_lines": 13, "excluded_lines": 0, "num_branches": 8, "num_partial_branches": 0, "covered_branches": 0, "missing_branches": 8}, "missing_lines": [602, 603, 605, 606, 607, 608, 611, 612, 615, 616, 619, 620, 624], "excluded_lines": [], "executed_branches": [], "missing_branches": [[605, 606], [605, 624], [611, 612], [611, 615], [615, 616], [615, 619], [619, 605], [619, 620]]}, "_mask_secret_value": {"executed_lines": [], "summary": {"covered_lines": 0, "num_statements": 3, "percent_covered": 0.0, "percent_covered_display": "0.00", "missing_lines": 3, "excluded_lines": 0, "num_branches": 2, "num_partial_branches": 0, "covered_branches": 0, "missing_branches": 2}, "missing_lines": [637, 638, 639], "excluded_lines": [], "executed_branches": [], "missing_branches": [[637, 638], [637, 639]]}, "_log_configuration_status": {"executed_lines": [648, 651, 652, 653, 654, 657, 659, 660, 662, 663, 666, 668, 671, 672, 678], "summary": {"covered_lines": 15, "num_statements": 18, "percent_covered": 75.0, "percent_covered_display": "75.00", "missing_lines": 3, "excluded_lines": 0, "num_branches": 10, "num_partial_branches": 4, "covered_branches": 6, "missing_branches": 4}, "missing_lines": [664, 669, 673], "excluded_lines": [], "executed_branches": [[662, 663], [662, 668], [663, 666], [668, 671], [671, 672], [672, 678]], "missing_branches": [[663, 664], [668, 669], [671, -642], [672, 673]]}, "_validate_production_requirements": {"executed_lines": [], "summary": {"covered_lines": 0, "num_statements": 15, "percent_covered": 0.0, "percent_covered_display": "0.00", "missing_lines": 15, "excluded_lines": 0, "num_branches": 8, "num_partial_branches": 0, "covered_branches": 0, "missing_branches": 8}, "missing_lines": [692, 693, 695, 696, 697, 700, 701, 702, 703, 704, 707, 712, 713, 716, 720], "excluded_lines": [], "executed_branches": [], "missing_branches": [[695, 696], [695, 700], [701, 702], [701, 712], [703, 701], [703, 704], [712, 713], [712, 720]]}, "_validate_staging_requirements": {"executed_lines": [], "summary": {"covered_lines": 0, "num_statements": 6, "percent_covered": 0.0, "percent_covered_display": "0.00", "missing_lines": 6, "excluded_lines": 0, "num_branches": 2, "num_partial_branches": 0, "covered_branches": 0, "missing_branches": 2}, "missing_lines": [731, 732, 734, 735, 738, 740], "excluded_lines": [], "executed_branches": [], "missing_branches": [[734, 735], [734, 740]]}, "_validate_general_security": {"executed_lines": [751, 752, 755, 764, 775, 776, 786], "summary": {"covered_lines": 7, "num_statements": 13, "percent_covered": 52.63157894736842, "percent_covered_display": "52.63", "missing_lines": 6, "excluded_lines": 0, "num_branches": 6, "num_partial_branches": 3, "covered_branches": 3, "missing_branches": 3}, "missing_lines": [756, 759, 769, 772, 777, 778], "excluded_lines": [], "executed_branches": [[755, 764], [764, 775], [776, 786]], "missing_branches": [[755, 756], [764, 769], [776, 777]]}, "validate_configuration_on_startup": {"executed_lines": [801, 802, 804, 805, 808, 812, 818, 819, 820, 823, 829, 839, 842], "summary": {"covered_lines": 13, "num_statements": 22, "percent_covered": 56.666666666666664, "percent_covered_display": "56.67", "missing_lines": 9, "excluded_lines": 0, "num_branches": 8, "num_partial_branches": 4, "covered_branches": 4, "missing_branches": 4}, "missing_lines": [809, 810, 811, 813, 814, 815, 824, 830, 834], "excluded_lines": [], "executed_branches": [[808, 812], [812, 818], [823, 829], [829, 839]], "missing_branches": [[808, 809], [812, 813], [823, 824], [829, 830]]}, "validate_field_requirements_by_environment": {"executed_lines": [], "summary": {"covered_lines": 0, "num_statements": 6, "percent_covered": 0.0, "percent_covered_display": "0.00", "missing_lines": 6, "excluded_lines": 0, "num_branches": 4, "num_partial_branches": 0, "covered_branches": 0, "missing_branches": 4}, "missing_lines": [854, 856, 857, 858, 859, 861], "excluded_lines": [], "executed_branches": [], "missing_branches": [[856, 857], [856, 858], [858, 859], [858, 861]]}, "get_settings": {"executed_lines": [900, 902, 903, 906, 907, 909, 910, 913, 915, 917, 918, 921, 922, 947, 949], "summary": {"covered_lines": 15, "num_statements": 22, "percent_covered": 69.23076923076923, "percent_covered_display": "69.23", "missing_lines": 7, "excluded_lines": 0, "num_branches": 4, "num_partial_branches": 1, "covered_branches": 3, "missing_branches": 1}, "missing_lines": [925, 927, 929, 931, 937, 938, 939], "excluded_lines": [], "executed_branches": [[902, 903], [902, 949], [921, 922]], "missing_branches": [[921, 925]]}, "reload_settings": {"executed_lines": [], "summary": {"covered_lines": 0, "num_statements": 4, "percent_covered": 0.0, "percent_covered_display": "0.00", "missing_lines": 4, "excluded_lines": 0, "num_branches": 0, "num_partial_branches": 0, "covered_branches": 0, "missing_branches": 0}, "missing_lines": [968, 969, 970, 971], "excluded_lines": [], "executed_branches": [], "missing_branches": []}, "": {"executed_lines": [1, 7, 8, 9, 10, 11, 13, 14, 16, 24, 27, 28, 29, 30, 31, 32, 35, 46, 79, 122, 155, 192, 193, 195, 212, 229, 230, 245, 250, 255, 260, 265, 270, 276, 281, 287, 292, 297, 303, 309, 314, 319, 325, 326, 327, 382, 383, 384, 419, 420, 421, 458, 459, 460, 493, 494, 495, 520, 521, 522, 544, 547, 553, 566, 591, 627, 642, 684, 723, 743, 789, 845, 864, 952], "summary": {"covered_lines": 71, "num_statements": 71, "percent_covered": 100.0, "percent_covered_display": "100.00", "missing_lines": 0, "excluded_lines": 0, "num_branches": 0, "num_partial_branches": 0, "covered_branches": 0, "missing_branches": 0}, "missing_lines": [], "excluded_lines": [], "executed_branches": [], "missing_branches": []}}, "classes": {"ConfigurationValidationError": {"executed_lines": [], "summary": {"covered_lines": 0, "num_statements": 13, "percent_covered": 0.0, "percent_covered_display": "0.00", "missing_lines": 13, "excluded_lines": 0, "num_branches": 8, "num_partial_branches": 0, "covered_branches": 0, "missing_branches": 8}, "missing_lines": [208, 209, 210, 214, 216, 217, 218, 219, 221, 222, 223, 224, 226], "excluded_lines": [], "executed_branches": [], "missing_branches": [[216, 217], [216, 221], [218, 219], [218, 221], [221, 222], [221, 226], [223, 224], [223, 226]]}, "ApplicationSettings": {"executed_lines": [339, 346, 349, 354, 359, 364, 396, 402, 405, 409, 417, 433, 439, 442, 449, 456, 472, 481, 491, 507, 518, 534, 540], "summary": {"covered_lines": 23, "num_statements": 39, "percent_covered": 52.30769230769231, "percent_covered_display": "52.31", "missing_lines": 16, "excluded_lines": 0, "num_branches": 26, "num_partial_branches": 11, "covered_branches": 11, "missing_branches": 15}, "missing_lines": [340, 367, 368, 371, 372, 375, 397, 410, 434, 443, 450, 473, 483, 484, 508, 535], "excluded_lines": [], "executed_branches": [[339, 346], [359, 364], [396, 402], [409, 417], [433, 439], [442, 449], [449, 456], [472, 481], [481, 491], [507, 518], [534, 540]], "missing_branches": [[339, 340], [359, 367], [367, 368], [367, 371], [371, 372], [371, 375], [396, 397], [409, 410], [433, 434], [442, 443], [449, 450], [472, 473], [481, 483], [507, 508], [534, 535]]}, "": {"executed_lines": [1, 7, 8, 9, 10, 11, 13, 14, 16, 24, 27, 28, 29, 30, 31, 32, 35, 41, 43, 46, 54, 55, 59, 60, 62, 63, 64, 65, 66, 67, 76, 79, 122, 155, 192, 193, 195, 212, 229, 230, 245, 250, 255, 260, 265, 270, 276, 281, 287, 292, 297, 303, 309, 314, 319, 325, 326, 327, 382, 383, 384, 419, 420, 421, 458, 459, 460, 493, 494, 495, 520, 521, 522, 544, 547, 553, 559, 560, 561, 566, 578, 583, 587, 588, 591, 627, 642, 648, 651, 652, 653, 654, 657, 659, 660, 662, 663, 666, 668, 671, 672, 678, 684, 723, 743, 751, 752, 755, 764, 775, 776, 786, 789, 801, 802, 804, 805, 808, 812, 818, 819, 820, 823, 829, 839, 842, 845, 864, 900, 902, 903, 906, 907, 909, 910, 913, 915, 917, 918, 921, 922, 947, 949, 952], "summary": {"covered_lines": 141, "num_statements": 268, "percent_covered": 46.875, "percent_covered_display": "46.88", "missing_lines": 127, "excluded_lines": 0, "num_branches": 84, "num_partial_branches": 18, "covered_branches": 24, "missing_branches": 60}, "missing_lines": [56, 68, 69, 70, 71, 73, 88, 90, 91, 93, 94, 95, 96, 99, 100, 103, 104, 105, 106, 109, 111, 112, 114, 116, 117, 119, 131, 133, 134, 136, 138, 141, 142, 144, 145, 147, 149, 150, 152, 167, 168, 171, 174, 175, 178, 179, 182, 183, 186, 187, 189, 562, 563, 579, 584, 602, 603, 605, 606, 607, 608, 611, 612, 615, 616, 619, 620, 624, 637, 638, 639, 664, 669, 673, 692, 693, 695, 696, 697, 700, 701, 702, 703, 704, 707, 712, 713, 716, 720, 731, 732, 734, 735, 738, 740, 756, 759, 769, 772, 777, 778, 809, 810, 811, 813, 814, 815, 824, 830, 834, 854, 856, 857, 858, 859, 861, 925, 927, 929, 931, 937, 938, 939, 968, 969, 970, 971], "excluded_lines": [], "executed_branches": [[55, 59], [62, 63], [65, 66], [65, 76], [67, 65], [578, 583], [583, 587], [587, 588], [662, 663], [662, 668], [663, 666], [668, 671], [671, 672], [672, 678], [755, 764], [764, 775], [776, 786], [808, 812], [812, 818], [823, 829], [829, 839], [902, 903], [902, 949], [921, 922]], "missing_branches": [[55, 56], [62, 76], [67, 68], [69, 65], [69, 70], [90, 91], [90, 93], [95, 96], [95, 119], [99, 100], [99, 103], [103, 95], [103, 104], [109, 95], [109, 111], [133, 134], [133, 136], [141, 142], [141, 152], [142, 141], [142, 144], [578, 579], [583, 584], [587, -566], [605, 606], [605, 624], [611, 612], [611, 615], [615, 616], [615, 619], [619, 605], [619, 620], [637, 638], [637, 639], [663, 664], [668, 669], [671, -642], [672, 673], [695, 696], [695, 700], [701, 702], [701, 712], [703, 701], [703, 704], [712, 713], [712, 720], [734, 735], [734, 740], [755, 756], [764, 769], [776, 777], [808, 809], [812, 813], [823, 824], [829, 830], [856, 857], [856, 858], [858, 859], [858, 861], [921, 925]]}}}, "src/config/validation.py": {"executed_lines": [1, 7, 8, 10, 13, 16], "summary": {"covered_lines": 4, "num_statements": 6, "percent_covered": 66.66666666666667, "percent_covered_display": "66.67", "missing_lines": 2, "excluded_lines": 2, "num_branches": 0, "num_partial_branches": 0, "covered_branches": 0, "missing_branches": 0}, "missing_lines": [29, 31], "excluded_lines": [10, 11], "executed_branches": [], "missing_branches": [], "functions": {"validate_configuration_on_startup": {"executed_lines": [], "summary": {"covered_lines": 0, "num_statements": 2, "percent_covered": 0.0, "percent_covered_display": "0.00", "missing_lines": 2, "excluded_lines": 0, "num_branches": 0, "num_partial_branches": 0, "covered_branches": 0, "missing_branches": 0}, "missing_lines": [29, 31], "excluded_lines": [], "executed_branches": [], "missing_branches": []}, "": {"executed_lines": [1, 7, 8, 10, 13, 16], "summary": {"covered_lines": 4, "num_statements": 4, "percent_covered": 100.0, "percent_covered_display": "100.00", "missing_lines": 0, "excluded_lines": 2, "num_branches": 0, "num_partial_branches": 0, "covered_branches": 0, "missing_branches": 0}, "missing_lines": [], "excluded_lines": [10, 11], "executed_branches": [], "missing_branches": []}}, "classes": {"": {"executed_lines": [1, 7, 8, 10, 13, 16], "summary": {"covered_lines": 4, "num_statements": 6, "percent_covered": 66.66666666666667, "percent_covered_display": "66.67", "missing_lines": 2, "excluded_lines": 2, "num_branches": 0, "num_partial_branches": 0, "covered_branches": 0, "missing_branches": 0}, "missing_lines": [29, 31], "excluded_lines": [10, 11], "executed_branches": [], "missing_branches": []}}}, "src/core/create_processor_core.py": {"executed_lines": [1, 22, 23, 24, 25, 26, 27, 30, 31, 33, 42, 43, 46, 47, 50, 51, 55, 56, 58, 59, 60, 61, 62, 65, 66, 67, 69, 70, 71, 72, 75, 76, 77, 79, 80, 81, 82, 83, 84, 87, 88, 94, 100, 101, 102, 104, 106, 107, 108, 110, 147, 203, 246, 275, 307, 348, 369, 392, 443], "summary": {"covered_lines": 51, "num_statements": 187, "percent_covered": 20.077220077220076, "percent_covered_display": "20.08", "missing_lines": 136, "excluded_lines": 0, "num_branches": 72, "num_partial_branches": 1, "covered_branches": 1, "missing_branches": 71}, "missing_lines": [34, 35, 37, 38, 122, 123, 125, 126, 128, 129, 130, 133, 141, 142, 143, 145, 156, 164, 169, 170, 171, 172, 173, 176, 182, 183, 184, 185, 186, 189, 195, 196, 197, 198, 199, 201, 213, 221, 226, 227, 228, 229, 230, 233, 238, 239, 240, 241, 242, 244, 255, 262, 267, 268, 269, 270, 271, 273, 284, 292, 293, 294, 295, 296, 297, 298, 299, 300, 301, 302, 303, 305, 316, 324, 328, 329, 330, 331, 332, 335, 340, 341, 342, 343, 344, 346, 354, 379, 380, 383, 401, 404, 405, 406, 407, 408, 409, 412, 413, 414, 415, 418, 419, 420, 421, 424, 425, 426, 427, 428, 431, 432, 433, 436, 437, 438, 439, 441, 453, 454, 456, 458, 461, 464, 467, 470, 473, 487, 495, 497, 498, 499, 500, 501, 502, 505], "excluded_lines": [], "executed_branches": [[107, 108]], "missing_branches": [[107, -104], [122, 123], [122, 125], [125, 126], [125, 128], [129, 130], [129, 133], [141, 142], [141, 145], [142, 141], [142, 143], [169, 170], [169, 176], [171, 169], [171, 172], [182, 183], [182, 189], [184, 182], [184, 185], [195, 196], [195, 201], [197, 195], [197, 198], [226, 227], [226, 233], [228, 226], [228, 229], [238, 239], [238, 244], [240, 238], [240, 241], [267, 268], [267, 273], [269, 267], [269, 270], [292, 293], [292, 295], [295, 296], [295, 298], [298, 299], [298, 301], [301, 302], [301, 305], [328, 329], [328, 335], [330, 328], [330, 331], [340, 341], [340, 346], [342, 340], [342, 343], [404, 405], [404, 412], [406, 407], [406, 408], [408, 409], [408, 412], [412, 413], [412, 418], [414, 415], [414, 418], [418, 419], [418, 424], [420, 421], [420, 424], [424, 425], [424, 431], [427, 428], [427, 431], [438, 439], [438, 441]], "functions": {"CreateProcessor.__init__": {"executed_lines": [100, 101, 102], "summary": {"covered_lines": 3, "num_statements": 3, "percent_covered": 100.0, "percent_covered_display": "100.00", "missing_lines": 0, "excluded_lines": 0, "num_branches": 0, "num_partial_branches": 0, "covered_branches": 0, "missing_branches": 0}, "missing_lines": [], "excluded_lines": [], "executed_branches": [], "missing_branches": []}, "CreateProcessor._setup_logging": {"executed_lines": [106, 107, 108], "summary": {"covered_lines": 3, "num_statements": 3, "percent_covered": 80.0, "percent_covered_display": "80.00", "missing_lines": 0, "excluded_lines": 0, "num_branches": 2, "num_partial_branches": 1, "covered_branches": 1, "missing_branches": 1}, "missing_lines": [], "excluded_lines": [], "executed_branches": [[107, 108]], "missing_branches": [[107, -104]]}, "CreateProcessor.validate_input": {"executed_lines": [], "summary": {"covered_lines": 0, "num_statements": 12, "percent_covered": 0.0, "percent_covered_display": "0.00", "missing_lines": 12, "excluded_lines": 0, "num_branches": 10, "num_partial_branches": 0, "covered_branches": 0, "missing_branches": 10}, "missing_lines": [122, 123, 125, 126, 128, 129, 130, 133, 141, 142, 143, 145], "excluded_lines": [], "executed_branches": [], "missing_branches": [[122, 123], [122, 125], [125, 126], [125, 128], [129, 130], [129, 133], [141, 142], [141, 145], [142, 141], [142, 143]]}, "CreateProcessor._extract_context": {"executed_lines": [], "summary": {"covered_lines": 0, "num_statements": 20, "percent_covered": 0.0, "percent_covered_display": "0.00", "missing_lines": 20, "excluded_lines": 0, "num_branches": 12, "num_partial_branches": 0, "covered_branches": 0, "missing_branches": 12}, "missing_lines": [156, 164, 169, 170, 171, 172, 173, 176, 182, 183, 184, 185, 186, 189, 195, 196, 197, 198, 199, 201], "excluded_lines": [], "executed_branches": [], "missing_branches": [[169, 170], [169, 176], [171, 169], [171, 172], [182, 183], [182, 189], [184, 182], [184, 185], [195, 196], [195, 201], [197, 195], [197, 198]]}, "CreateProcessor._generate_request_component": {"executed_lines": [], "summary": {"covered_lines": 0, "num_statements": 14, "percent_covered": 0.0, "percent_covered_display": "0.00", "missing_lines": 14, "excluded_lines": 0, "num_branches": 8, "num_partial_branches": 0, "covered_branches": 0, "missing_branches": 8}, "missing_lines": [213, 221, 226, 227, 228, 229, 230, 233, 238, 239, 240, 241, 242, 244], "excluded_lines": [], "executed_branches": [], "missing_branches": [[226, 227], [226, 233], [228, 226], [228, 229], [238, 239], [238, 244], [240, 238], [240, 241]]}, "CreateProcessor._generate_examples_component": {"executed_lines": [], "summary": {"covered_lines": 0, "num_statements": 8, "percent_covered": 0.0, "percent_covered_display": "0.00", "missing_lines": 8, "excluded_lines": 0, "num_branches": 4, "num_partial_branches": 0, "covered_branches": 0, "missing_branches": 4}, "missing_lines": [255, 262, 267, 268, 269, 270, 271, 273], "excluded_lines": [], "executed_branches": [], "missing_branches": [[267, 268], [267, 273], [269, 267], [269, 270]]}, "CreateProcessor._generate_augmentations_component": {"executed_lines": [], "summary": {"covered_lines": 0, "num_statements": 14, "percent_covered": 0.0, "percent_covered_display": "0.00", "missing_lines": 14, "excluded_lines": 0, "num_branches": 8, "num_partial_branches": 0, "covered_branches": 0, "missing_branches": 8}, "missing_lines": [284, 292, 293, 294, 295, 296, 297, 298, 299, 300, 301, 302, 303, 305], "excluded_lines": [], "executed_branches": [], "missing_branches": [[292, 293], [292, 295], [295, 296], [295, 298], [298, 299], [298, 301], [301, 302], [301, 305]]}, "CreateProcessor._generate_tone_format_component": {"executed_lines": [], "summary": {"covered_lines": 0, "num_statements": 14, "percent_covered": 0.0, "percent_covered_display": "0.00", "missing_lines": 14, "excluded_lines": 0, "num_branches": 8, "num_partial_branches": 0, "covered_branches": 0, "missing_branches": 8}, "missing_lines": [316, 324, 328, 329, 330, 331, 332, 335, 340, 341, 342, 343, 344, 346], "excluded_lines": [], "executed_branches": [], "missing_branches": [[328, 329], [328, 335], [330, 328], [330, 331], [340, 341], [340, 346], [342, 340], [342, 343]]}, "CreateProcessor._generate_evaluation_component": {"executed_lines": [], "summary": {"covered_lines": 0, "num_statements": 1, "percent_covered": 0.0, "percent_covered_display": "0.00", "missing_lines": 1, "excluded_lines": 0, "num_branches": 0, "num_partial_branches": 0, "covered_branches": 0, "missing_branches": 0}, "missing_lines": [354], "excluded_lines": [], "executed_branches": [], "missing_branches": []}, "CreateProcessor.apply_create_framework": {"executed_lines": [], "summary": {"covered_lines": 0, "num_statements": 3, "percent_covered": 0.0, "percent_covered_display": "0.00", "missing_lines": 3, "excluded_lines": 0, "num_branches": 0, "num_partial_branches": 0, "covered_branches": 0, "missing_branches": 0}, "missing_lines": [379, 380, 383], "excluded_lines": [], "executed_branches": [], "missing_branches": []}, "CreateProcessor._build_enhanced_prompt": {"executed_lines": [], "summary": {"covered_lines": 0, "num_statements": 28, "percent_covered": 0.0, "percent_covered_display": "0.00", "missing_lines": 28, "excluded_lines": 0, "num_branches": 20, "num_partial_branches": 0, "covered_branches": 0, "missing_branches": 20}, "missing_lines": [401, 404, 405, 406, 407, 408, 409, 412, 413, 414, 415, 418, 419, 420, 421, 424, 425, 426, 427, 428, 431, 432, 433, 436, 437, 438, 439, 441], "excluded_lines": [], "executed_branches": [], "missing_branches": [[404, 405], [404, 412], [406, 407], [406, 408], [408, 409], [408, 412], [412, 413], [412, 418], [414, 415], [414, 418], [418, 419], [418, 424], [420, 421], [420, 424], [424, 425], [424, 431], [427, 428], [427, 431], [438, 439], [438, 441]]}, "CreateProcessor.process_prompt": {"executed_lines": [], "summary": {"covered_lines": 0, "num_statements": 18, "percent_covered": 0.0, "percent_covered_display": "0.00", "missing_lines": 18, "excluded_lines": 0, "num_branches": 0, "num_partial_branches": 0, "covered_branches": 0, "missing_branches": 0}, "missing_lines": [453, 454, 456, 458, 461, 464, 467, 470, 473, 487, 495, 497, 498, 499, 500, 501, 502, 505], "excluded_lines": [], "executed_branches": [], "missing_branches": []}, "": {"executed_lines": [1, 22, 23, 24, 25, 26, 27, 30, 31, 33, 42, 43, 46, 47, 50, 51, 55, 56, 58, 59, 60, 61, 62, 65, 66, 67, 69, 70, 71, 72, 75, 76, 77, 79, 80, 81, 82, 83, 84, 87, 88, 94, 104, 110, 147, 203, 246, 275, 307, 348, 369, 392, 443], "summary": {"covered_lines": 45, "num_statements": 49, "percent_covered": 91.83673469387755, "percent_covered_display": "91.84", "missing_lines": 4, "excluded_lines": 0, "num_branches": 0, "num_partial_branches": 0, "covered_branches": 0, "missing_branches": 0}, "missing_lines": [34, 35, 37, 38], "excluded_lines": [], "executed_branches": [], "missing_branches": []}}, "classes": {"CreateProcessorError": {"executed_lines": [], "summary": {"covered_lines": 0, "num_statements": 0, "percent_covered": 100.0, "percent_covered_display": "100.00", "missing_lines": 0, "excluded_lines": 0, "num_branches": 0, "num_partial_branches": 0, "covered_branches": 0, "missing_branches": 0}, "missing_lines": [], "excluded_lines": [], "executed_branches": [], "missing_branches": []}, "ValidationError": {"executed_lines": [], "summary": {"covered_lines": 0, "num_statements": 0, "percent_covered": 100.0, "percent_covered_display": "100.00", "missing_lines": 0, "excluded_lines": 0, "num_branches": 0, "num_partial_branches": 0, "covered_branches": 0, "missing_branches": 0}, "missing_lines": [], "excluded_lines": [], "executed_branches": [], "missing_branches": []}, "ProcessingError": {"executed_lines": [], "summary": {"covered_lines": 0, "num_statements": 0, "percent_covered": 100.0, "percent_covered_display": "100.00", "missing_lines": 0, "excluded_lines": 0, "num_branches": 0, "num_partial_branches": 0, "covered_branches": 0, "missing_branches": 0}, "missing_lines": [], "excluded_lines": [], "executed_branches": [], "missing_branches": []}, "Domain": {"executed_lines": [], "summary": {"covered_lines": 0, "num_statements": 0, "percent_covered": 100.0, "percent_covered_display": "100.00", "missing_lines": 0, "excluded_lines": 0, "num_branches": 0, "num_partial_branches": 0, "covered_branches": 0, "missing_branches": 0}, "missing_lines": [], "excluded_lines": [], "executed_branches": [], "missing_branches": []}, "CreateRequest": {"executed_lines": [], "summary": {"covered_lines": 0, "num_statements": 0, "percent_covered": 100.0, "percent_covered_display": "100.00", "missing_lines": 0, "excluded_lines": 0, "num_branches": 0, "num_partial_branches": 0, "covered_branches": 0, "missing_branches": 0}, "missing_lines": [], "excluded_lines": [], "executed_branches": [], "missing_branches": []}, "CreateResponse": {"executed_lines": [], "summary": {"covered_lines": 0, "num_statements": 0, "percent_covered": 100.0, "percent_covered_display": "100.00", "missing_lines": 0, "excluded_lines": 0, "num_branches": 0, "num_partial_branches": 0, "covered_branches": 0, "missing_branches": 0}, "missing_lines": [], "excluded_lines": [], "executed_branches": [], "missing_branches": []}, "CreateProcessor": {"executed_lines": [100, 101, 102, 106, 107, 108], "summary": {"covered_lines": 6, "num_statements": 138, "percent_covered": 3.3333333333333335, "percent_covered_display": "3.33", "missing_lines": 132, "excluded_lines": 0, "num_branches": 72, "num_partial_branches": 1, "covered_branches": 1, "missing_branches": 71}, "missing_lines": [122, 123, 125, 126, 128, 129, 130, 133, 141, 142, 143, 145, 156, 164, 169, 170, 171, 172, 173, 176, 182, 183, 184, 185, 186, 189, 195, 196, 197, 198, 199, 201, 213, 221, 226, 227, 228, 229, 230, 233, 238, 239, 240, 241, 242, 244, 255, 262, 267, 268, 269, 270, 271, 273, 284, 292, 293, 294, 295, 296, 297, 298, 299, 300, 301, 302, 303, 305, 316, 324, 328, 329, 330, 331, 332, 335, 340, 341, 342, 343, 344, 346, 354, 379, 380, 383, 401, 404, 405, 406, 407, 408, 409, 412, 413, 414, 415, 418, 419, 420, 421, 424, 425, 426, 427, 428, 431, 432, 433, 436, 437, 438, 439, 441, 453, 454, 456, 458, 461, 464, 467, 470, 473, 487, 495, 497, 498, 499, 500, 501, 502, 505], "excluded_lines": [], "executed_branches": [[107, 108]], "missing_branches": [[107, -104], [122, 123], [122, 125], [125, 126], [125, 128], [129, 130], [129, 133], [141, 142], [141, 145], [142, 141], [142, 143], [169, 170], [169, 176], [171, 169], [171, 172], [182, 183], [182, 189], [184, 182], [184, 185], [195, 196], [195, 201], [197, 195], [197, 198], [226, 227], [226, 233], [228, 226], [228, 229], [238, 239], [238, 244], [240, 238], [240, 241], [267, 268], [267, 273], [269, 267], [269, 270], [292, 293], [292, 295], [295, 296], [295, 298], [298, 299], [298, 301], [301, 302], [301, 305], [328, 329], [328, 335], [330, 328], [330, 331], [340, 341], [340, 346], [342, 340], [342, 343], [404, 405], [404, 412], [406, 407], [406, 408], [408, 409], [408, 412], [412, 413], [412, 418], [414, 415], [414, 418], [418, 419], [418, 424], [420, 421], [420, 424], [424, 425], [424, 431], [427, 428], [427, 431], [438, 439], [438, 441]]}, "": {"executed_lines": [1, 22, 23, 24, 25, 26, 27, 30, 31, 33, 42, 43, 46, 47, 50, 51, 55, 56, 58, 59, 60, 61, 62, 65, 66, 67, 69, 70, 71, 72, 75, 76, 77, 79, 80, 81, 82, 83, 84, 87, 88, 94, 104, 110, 147, 203, 246, 275, 307, 348, 369, 392, 443], "summary": {"covered_lines": 45, "num_statements": 49, "percent_covered": 91.83673469387755, "percent_covered_display": "91.84", "missing_lines": 4, "excluded_lines": 0, "num_branches": 0, "num_partial_branches": 0, "covered_branches": 0, "missing_branches": 0}, "missing_lines": [34, 35, 37, 38], "excluded_lines": [], "executed_branches": [], "missing_branches": []}}}, "src/core/hyde_processor.py": {"executed_lines": [], "summary": {"covered_lines": 0, "num_statements": 0, "percent_covered": 100.0, "percent_covered_display": "100.00", "missing_lines": 0, "excluded_lines": 0, "num_branches": 0, "num_partial_branches": 0, "covered_branches": 0, "missing_branches": 0}, "missing_lines": [], "excluded_lines": [], "executed_branches": [], "missing_branches": [], "functions": {"": {"executed_lines": [], "summary": {"covered_lines": 0, "num_statements": 0, "percent_covered": 100.0, "percent_covered_display": "100.00", "missing_lines": 0, "excluded_lines": 0, "num_branches": 0, "num_partial_branches": 0, "covered_branches": 0, "missing_branches": 0}, "missing_lines": [], "excluded_lines": [], "executed_branches": [], "missing_branches": []}}, "classes": {"": {"executed_lines": [], "summary": {"covered_lines": 0, "num_statements": 0, "percent_covered": 100.0, "percent_covered_display": "100.00", "missing_lines": 0, "excluded_lines": 0, "num_branches": 0, "num_partial_branches": 0, "covered_branches": 0, "missing_branches": 0}, "missing_lines": [], "excluded_lines": [], "executed_branches": [], "missing_branches": []}}}, "src/core/query_counselor.py": {"executed_lines": [], "summary": {"covered_lines": 0, "num_statements": 0, "percent_covered": 100.0, "percent_covered_display": "100.00", "missing_lines": 0, "excluded_lines": 0, "num_branches": 0, "num_partial_branches": 0, "covered_branches": 0, "missing_branches": 0}, "missing_lines": [], "excluded_lines": [], "executed_branches": [], "missing_branches": [], "functions": {"": {"executed_lines": [], "summary": {"covered_lines": 0, "num_statements": 0, "percent_covered": 100.0, "percent_covered_display": "100.00", "missing_lines": 0, "excluded_lines": 0, "num_branches": 0, "num_partial_branches": 0, "covered_branches": 0, "missing_branches": 0}, "missing_lines": [], "excluded_lines": [], "executed_branches": [], "missing_branches": []}}, "classes": {"": {"executed_lines": [], "summary": {"covered_lines": 0, "num_statements": 0, "percent_covered": 100.0, "percent_covered_display": "100.00", "missing_lines": 0, "excluded_lines": 0, "num_branches": 0, "num_partial_branches": 0, "covered_branches": 0, "missing_branches": 0}, "missing_lines": [], "excluded_lines": [], "executed_branches": [], "missing_branches": []}}}, "src/core/template_system_core.py": {"executed_lines": [1, 7, 8, 9, 10, 11, 13, 14, 17, 18, 21, 22, 24, 25, 26, 27, 28, 31, 32, 33, 35, 36, 37, 38, 39, 40, 41, 42, 45, 46, 48, 49, 50, 51, 54, 55, 61, 72, 84, 111, 122, 130, 145, 161, 215, 216, 222, 231, 255, 280, 302], "summary": {"covered_lines": 45, "num_statements": 120, "percent_covered": 32.142857142857146, "percent_covered_display": "32.14", "missing_lines": 75, "excluded_lines": 0, "num_branches": 20, "num_partial_branches": 0, "covered_branches": 0, "missing_branches": 20}, "missing_lines": [67, 68, 69, 70, 74, 75, 76, 78, 79, 80, 81, 82, 90, 91, 92, 95, 96, 97, 99, 101, 102, 103, 104, 105, 106, 107, 108, 109, 120, 128, 139, 140, 141, 142, 143, 154, 155, 156, 157, 158, 159, 171, 228, 229, 244, 245, 246, 248, 250, 251, 252, 253, 266, 268, 269, 270, 272, 273, 274, 275, 276, 278, 290, 291, 292, 294, 295, 296, 297, 298, 300, 311, 312, 313, 315], "excluded_lines": [], "executed_branches": [], "missing_branches": [[74, 75], [74, 78], [78, -72], [78, 79], [140, 141], [140, 143], [141, 140], [141, 142], [245, 246], [245, 248], [268, 269], [268, 278], [291, 292], [291, 294], [295, 296], [295, 300], [296, 295], [296, 297], [312, 313], [312, 315]], "functions": {"TemplateManager.__init__": {"executed_lines": [], "summary": {"covered_lines": 0, "num_statements": 4, "percent_covered": 0.0, "percent_covered_display": "0.00", "missing_lines": 4, "excluded_lines": 0, "num_branches": 0, "num_partial_branches": 0, "covered_branches": 0, "missing_branches": 0}, "missing_lines": [67, 68, 69, 70], "excluded_lines": [], "executed_branches": [], "missing_branches": []}, "TemplateManager._load_templates": {"executed_lines": [], "summary": {"covered_lines": 0, "num_statements": 8, "percent_covered": 0.0, "percent_covered_display": "0.00", "missing_lines": 8, "excluded_lines": 0, "num_branches": 4, "num_partial_branches": 0, "covered_branches": 0, "missing_branches": 4}, "missing_lines": [74, 75, 76, 78, 79, 80, 81, 82], "excluded_lines": [], "executed_branches": [], "missing_branches": [[74, 75], [74, 78], [78, -72], [78, 79]]}, "TemplateManager._load_template": {"executed_lines": [], "summary": {"covered_lines": 0, "num_statements": 16, "percent_covered": 0.0, "percent_covered_display": "0.00", "missing_lines": 16, "excluded_lines": 0, "num_branches": 0, "num_partial_branches": 0, "covered_branches": 0, "missing_branches": 0}, "missing_lines": [90, 91, 92, 95, 96, 97, 99, 101, 102, 103, 104, 105, 106, 107, 108, 109], "excluded_lines": [], "executed_branches": [], "missing_branches": []}, "TemplateManager.get_template": {"executed_lines": [], "summary": {"covered_lines": 0, "num_statements": 1, "percent_covered": 0.0, "percent_covered_display": "0.00", "missing_lines": 1, "excluded_lines": 0, "num_branches": 0, "num_partial_branches": 0, "covered_branches": 0, "missing_branches": 0}, "missing_lines": [120], "excluded_lines": [], "executed_branches": [], "missing_branches": []}, "TemplateManager.list_templates": {"executed_lines": [], "summary": {"covered_lines": 0, "num_statements": 1, "percent_covered": 0.0, "percent_covered_display": "0.00", "missing_lines": 1, "excluded_lines": 0, "num_branches": 0, "num_partial_branches": 0, "covered_branches": 0, "missing_branches": 0}, "missing_lines": [128], "excluded_lines": [], "executed_branches": [], "missing_branches": []}, "TemplateManager.get_templates_by_type": {"executed_lines": [], "summary": {"covered_lines": 0, "num_statements": 5, "percent_covered": 0.0, "percent_covered_display": "0.00", "missing_lines": 5, "excluded_lines": 0, "num_branches": 4, "num_partial_branches": 0, "covered_branches": 0, "missing_branches": 4}, "missing_lines": [139, 140, 141, 142, 143], "excluded_lines": [], "executed_branches": [], "missing_branches": [[140, 141], [140, 143], [141, 140], [141, 142]]}, "TemplateManager.validate_template": {"executed_lines": [], "summary": {"covered_lines": 0, "num_statements": 6, "percent_covered": 0.0, "percent_covered_display": "0.00", "missing_lines": 6, "excluded_lines": 0, "num_branches": 0, "num_partial_branches": 0, "covered_branches": 0, "missing_branches": 0}, "missing_lines": [154, 155, 156, 157, 158, 159], "excluded_lines": [], "executed_branches": [], "missing_branches": []}, "TemplateManager.create_template_structure": {"executed_lines": [], "summary": {"covered_lines": 0, "num_statements": 1, "percent_covered": 0.0, "percent_covered_display": "0.00", "missing_lines": 1, "excluded_lines": 0, "num_branches": 0, "num_partial_branches": 0, "covered_branches": 0, "missing_branches": 0}, "missing_lines": [171], "excluded_lines": [], "executed_branches": [], "missing_branches": []}, "TemplateProcessor.__init__": {"executed_lines": [], "summary": {"covered_lines": 0, "num_statements": 2, "percent_covered": 0.0, "percent_covered_display": "0.00", "missing_lines": 2, "excluded_lines": 0, "num_branches": 0, "num_partial_branches": 0, "covered_branches": 0, "missing_branches": 0}, "missing_lines": [228, 229], "excluded_lines": [], "executed_branches": [], "missing_branches": []}, "TemplateProcessor.process_template": {"executed_lines": [], "summary": {"covered_lines": 0, "num_statements": 8, "percent_covered": 0.0, "percent_covered_display": "0.00", "missing_lines": 8, "excluded_lines": 0, "num_branches": 2, "num_partial_branches": 0, "covered_branches": 0, "missing_branches": 2}, "missing_lines": [244, 245, 246, 248, 250, 251, 252, 253], "excluded_lines": [], "executed_branches": [], "missing_branches": [[245, 246], [245, 248]]}, "TemplateProcessor._substitute_variables": {"executed_lines": [], "summary": {"covered_lines": 0, "num_statements": 10, "percent_covered": 0.0, "percent_covered_display": "0.00", "missing_lines": 10, "excluded_lines": 0, "num_branches": 2, "num_partial_branches": 0, "covered_branches": 0, "missing_branches": 2}, "missing_lines": [266, 268, 269, 270, 272, 273, 274, 275, 276, 278], "excluded_lines": [], "executed_branches": [], "missing_branches": [[268, 269], [268, 278]]}, "TemplateProcessor.validate_variables": {"executed_lines": [], "summary": {"covered_lines": 0, "num_statements": 9, "percent_covered": 0.0, "percent_covered_display": "0.00", "missing_lines": 9, "excluded_lines": 0, "num_branches": 6, "num_partial_branches": 0, "covered_branches": 0, "missing_branches": 6}, "missing_lines": [290, 291, 292, 294, 295, 296, 297, 298, 300], "excluded_lines": [], "executed_branches": [], "missing_branches": [[291, 292], [291, 294], [295, 296], [295, 300], [296, 295], [296, 297]]}, "TemplateProcessor.get_template_info": {"executed_lines": [], "summary": {"covered_lines": 0, "num_statements": 4, "percent_covered": 0.0, "percent_covered_display": "0.00", "missing_lines": 4, "excluded_lines": 0, "num_branches": 2, "num_partial_branches": 0, "covered_branches": 0, "missing_branches": 2}, "missing_lines": [311, 312, 313, 315], "excluded_lines": [], "executed_branches": [], "missing_branches": [[312, 313], [312, 315]]}, "": {"executed_lines": [1, 7, 8, 9, 10, 11, 13, 14, 17, 18, 21, 22, 24, 25, 26, 27, 28, 31, 32, 33, 35, 36, 37, 38, 39, 40, 41, 42, 45, 46, 48, 49, 50, 51, 54, 55, 61, 72, 84, 111, 122, 130, 145, 161, 215, 216, 222, 231, 255, 280, 302], "summary": {"covered_lines": 45, "num_statements": 45, "percent_covered": 100.0, "percent_covered_display": "100.00", "missing_lines": 0, "excluded_lines": 0, "num_branches": 0, "num_partial_branches": 0, "covered_branches": 0, "missing_branches": 0}, "missing_lines": [], "excluded_lines": [], "executed_branches": [], "missing_branches": []}}, "classes": {"TemplateType": {"executed_lines": [], "summary": {"covered_lines": 0, "num_statements": 0, "percent_covered": 100.0, "percent_covered_display": "100.00", "missing_lines": 0, "excluded_lines": 0, "num_branches": 0, "num_partial_branches": 0, "covered_branches": 0, "missing_branches": 0}, "missing_lines": [], "excluded_lines": [], "executed_branches": [], "missing_branches": []}, "TemplateMetadata": {"executed_lines": [], "summary": {"covered_lines": 0, "num_statements": 0, "percent_covered": 100.0, "percent_covered_display": "100.00", "missing_lines": 0, "excluded_lines": 0, "num_branches": 0, "num_partial_branches": 0, "covered_branches": 0, "missing_branches": 0}, "missing_lines": [], "excluded_lines": [], "executed_branches": [], "missing_branches": []}, "TemplateSchema": {"executed_lines": [], "summary": {"covered_lines": 0, "num_statements": 0, "percent_covered": 100.0, "percent_covered_display": "100.00", "missing_lines": 0, "excluded_lines": 0, "num_branches": 0, "num_partial_branches": 0, "covered_branches": 0, "missing_branches": 0}, "missing_lines": [], "excluded_lines": [], "executed_branches": [], "missing_branches": []}, "TemplateManager": {"executed_lines": [], "summary": {"covered_lines": 0, "num_statements": 42, "percent_covered": 0.0, "percent_covered_display": "0.00", "missing_lines": 42, "excluded_lines": 0, "num_branches": 8, "num_partial_branches": 0, "covered_branches": 0, "missing_branches": 8}, "missing_lines": [67, 68, 69, 70, 74, 75, 76, 78, 79, 80, 81, 82, 90, 91, 92, 95, 96, 97, 99, 101, 102, 103, 104, 105, 106, 107, 108, 109, 120, 128, 139, 140, 141, 142, 143, 154, 155, 156, 157, 158, 159, 171], "excluded_lines": [], "executed_branches": [], "missing_branches": [[74, 75], [74, 78], [78, -72], [78, 79], [140, 141], [140, 143], [141, 140], [141, 142]]}, "TemplateProcessor": {"executed_lines": [], "summary": {"covered_lines": 0, "num_statements": 33, "percent_covered": 0.0, "percent_covered_display": "0.00", "missing_lines": 33, "excluded_lines": 0, "num_branches": 12, "num_partial_branches": 0, "covered_branches": 0, "missing_branches": 12}, "missing_lines": [228, 229, 244, 245, 246, 248, 250, 251, 252, 253, 266, 268, 269, 270, 272, 273, 274, 275, 276, 278, 290, 291, 292, 294, 295, 296, 297, 298, 300, 311, 312, 313, 315], "excluded_lines": [], "executed_branches": [], "missing_branches": [[245, 246], [245, 248], [268, 269], [268, 278], [291, 292], [291, 294], [295, 296], [295, 300], [296, 295], [296, 297], [312, 313], [312, 315]]}, "": {"executed_lines": [1, 7, 8, 9, 10, 11, 13, 14, 17, 18, 21, 22, 24, 25, 26, 27, 28, 31, 32, 33, 35, 36, 37, 38, 39, 40, 41, 42, 45, 46, 48, 49, 50, 51, 54, 55, 61, 72, 84, 111, 122, 130, 145, 161, 215, 216, 222, 231, 255, 280, 302], "summary": {"covered_lines": 45, "num_statements": 45, "percent_covered": 100.0, "percent_covered_display": "100.00", "missing_lines": 0, "excluded_lines": 0, "num_branches": 0, "num_partial_branches": 0, "covered_branches": 0, "missing_branches": 0}, "missing_lines": [], "excluded_lines": [], "executed_branches": [], "missing_branches": []}}}, "src/core/zen_mcp_error_handling.py": {"executed_lines": [1, 44, 45, 46, 47, 49, 50, 60, 63, 64, 67, 68, 71, 72, 75, 76, 79, 80, 82, 100, 156, 171, 189, 199, 209, 224, 245, 246, 248, 265, 345, 360, 374, 391, 392, 394, 415, 443, 444, 446, 473, 509, 520, 531, 541, 564, 593], "summary": {"covered_lines": 38, "num_statements": 167, "percent_covered": 18.181818181818183, "percent_covered_display": "18.18", "missing_lines": 129, "excluded_lines": 0, "num_branches": 42, "num_partial_branches": 0, "covered_branches": 0, "missing_branches": 42}, "missing_lines": [93, 94, 95, 96, 97, 98, 137, 139, 140, 141, 143, 144, 146, 147, 148, 149, 150, 151, 152, 153, 154, 168, 169, 177, 195, 196, 197, 201, 206, 207, 211, 212, 213, 214, 219, 220, 221, 222, 226, 227, 229, 230, 235, 236, 237, 242, 261, 262, 263, 300, 301, 303, 304, 305, 306, 307, 308, 309, 311, 312, 315, 316, 320, 322, 323, 325, 326, 333, 335, 336, 341, 355, 356, 358, 366, 384, 407, 408, 409, 411, 412, 413, 427, 429, 430, 431, 432, 434, 439, 440, 459, 460, 463, 464, 465, 466, 471, 485, 487, 488, 490, 491, 492, 497, 498, 502, 503, 505, 506, 507, 515, 516, 517, 518, 526, 527, 528, 529, 537, 556, 557, 559, 561, 576, 583, 590, 605, 612, 619], "excluded_lines": [], "executed_branches": [], "missing_branches": [[139, 140], [139, 146], [140, 141], [140, 143], [195, 196], [195, 197], [211, 212], [211, 221], [213, -209], [213, 214], [221, -209], [221, 222], [229, 230], [229, 236], [236, -224], [236, 237], [303, 304], [303, 335], [306, 307], [306, 308], [315, 316], [315, 322], [322, 323], [322, 325], [335, 336], [335, 341], [355, 356], [355, 358], [408, 409], [408, 411], [429, 430], [429, 434], [463, 464], [463, 471], [515, 516], [515, 518], [516, 515], [516, 517], [526, 527], [526, 529], [527, 526], [527, 528]], "functions": {"Circui
[...]
 0, "num_partial_branches": 0, "covered_branches": 0, "missing_branches": 0}, "missing_lines": [245, 261], "excluded_lines": [], "executed_branches": [], "missing_branches": []}, "resilience_decorator.decorator": {"executed_lines": [], "summary": {"covered_lines": 0, "num_statements": 4, "percent_covered": 0.0, "percent_covered_display": "0.00", "missing_lines": 4, "excluded_lines": 0, "num_branches": 0, "num_partial_branches": 0, "covered_branches": 0, "missing_branches": 0}, "missing_lines": [248, 250, 251, 259], "excluded_lines": [], "executed_branches": [], "missing_branches": []}, "resilience_decorator.decorator.wrapper": {"executed_lines": [], "summary": {"covered_lines": 0, "num_statements": 1, "percent_covered": 0.0, "percent_covered_display": "0.00", "missing_lines": 1, "excluded_lines": 0, "num_branches": 0, "num_partial_branches": 0, "covered_branches": 0, "missing_branches": 0}, "missing_lines": [252], "excluded_lines": [], "executed_branches": [], "missing_branches": []}, "": {"executed_lines": [1, 8, 9, 10, 11, 12, 13, 14, 16, 19, 20, 22, 23, 43, 44, 55, 56, 64, 65, 68, 69, 72, 73, 76, 77, 79, 80, 81, 84, 85, 86, 88, 89, 90, 92, 102, 103, 104, 106, 107, 108, 109, 110, 111, 115, 127, 128, 130, 144, 188, 209, 231], "summary": {"covered_lines": 37, "num_statements": 37, "percent_covered": 100.0, "percent_covered_display": "100.00", "missing_lines": 0, "excluded_lines": 11, "num_branches": 0, "num_partial_branches": 0, "covered_branches": 0, "missing_branches": 0}, "missing_lines": [], "excluded_lines": [22, 23, 24, 25, 26, 27, 28, 43, 44, 55, 56], "executed_branches": [], "missing_branches": []}}, "classes": {"ResilienceStrategy": {"executed_lines": [], "summary": {"covered_lines": 0, "num_statements": 0, "percent_covered": 100.0, "percent_covered_display": "100.00", "missing_lines": 0, "excluded_lines": 27, "num_branches": 0, "num_partial_branches": 0, "covered_branches": 0, "missing_branches": 0}, "missing_lines": [], "excluded_lines": [29, 30, 31, 32, 33, 34, 35, 36, 37, 38, 39, 40, 41, 45, 46, 47, 48, 49, 50, 51, 52, 53, 57, 58, 59, 60, 61], "executed_branches": [], "missing_branches": []}, "ResilienceError": {"executed_lines": [], "summary": {"covered_lines": 0, "num_statements": 0, "percent_covered": 100.0, "percent_covered_display": "100.00", "missing_lines": 0, "excluded_lines": 0, "num_branches": 0, "num_partial_branches": 0, "covered_branches": 0, "missing_branches": 0}, "missing_lines": [], "excluded_lines": [], "executed_branches": [], "missing_branches": []}, "CircuitBreakerOpenError": {"executed_lines": [], "summary": {"covered_lines": 0, "num_statements": 0, "percent_covered": 100.0, "percent_covered_display": "100.00", "missing_lines": 0, "excluded_lines": 0, "num_branches": 0, "num_partial_branches": 0, "covered_branches": 0, "missing_branches": 0}, "missing_lines": [], "excluded_lines": [], "executed_branches": [], "missing_branches": []}, "RetryExhaustedError": {"executed_lines": [], "summary": {"covered_lines": 0, "num_statements": 0, "percent_covered": 100.0, "percent_covered_display": "100.00", "missing_lines": 0, "excluded_lines": 0, "num_branches": 0, "num_partial_branches": 0, "covered_branches": 0, "missing_branches": 0}, "missing_lines": [], "excluded_lines": [], "executed_branches": [], "missing_branches": []}, "CircuitBreakerState": {"executed_lines": [], "summary": {"covered_lines": 0, "num_statements": 0, "percent_covered": 100.0, "percent_covered_display": "100.00", "missing_lines": 0, "excluded_lines": 0, "num_branches": 0, "num_partial_branches": 0, "covered_branches": 0, "missing_branches": 0}, "missing_lines": [], "excluded_lines": [], "executed_branches": [], "missing_branches": []}, "CircuitBreakerConfig": {"executed_lines": [], "summary": {"covered_lines": 0, "num_statements": 6, "percent_covered": 0.0, "percent_covered_display": "0.00", "missing_lines": 6, "excluded_lines": 0, "num_branches": 6, "num_partial_branches": 0, "covered_branches": 0, "missing_branches": 6}, "missing_lines": [94, 95, 96, 97, 98, 99], "excluded_lines": [], "executed_branches": [], "missing_branches": [[94, 95], [94, 96], [96, 97], [96, 98], [98, -92], [98, 99]]}, "RetryConfig": {"executed_lines": [], "summary": {"covered_lines": 0, "num_statements": 8, "percent_covered": 0.0, "percent_covered_display": "0.00", "missing_lines": 8, "excluded_lines": 0, "num_branches": 8, "num_partial_branches": 0, "covered_branches": 0, "missing_branches": 8}, "missing_lines": [117, 118, 119, 120, 121, 122, 123, 124], "excluded_lines": [], "executed_branches": [], "missing_branches": [[117, 118], [117, 119], [119, 120], [119, 121], [121, 122], [121, 123], [123, -115], [123, 124]]}, "CompositeResilienceHandler": {"executed_lines": [], "summary": {"covered_lines": 0, "num_statements": 31, "percent_covered": 0.0, "percent_covered_display": "0.00", "missing_lines": 31, "excluded_lines": 0, "num_branches": 8, "num_partial_branches": 0, "covered_branches": 0, "missing_branches": 8}, "missing_lines": [141, 142, 165, 167, 168, 169, 171, 173, 174, 176, 177, 178, 179, 180, 181, 182, 186, 203, 204, 205, 207, 215, 216, 218, 219, 220, 221, 224, 225, 227, 228], "excluded_lines": [], "executed_branches": [], "missing_branches": [[168, 169], [168, 171], [176, 177], [176, 186], [218, 219], [218, 227], [224, 218], [224, 225]]}, "": {"executed_lines": [1, 8, 9, 10, 11, 12, 13, 14, 16, 19, 20, 22, 23, 43, 44, 55, 56, 64, 65, 68, 69, 72, 73, 76, 77, 79, 80, 81, 84, 85, 86, 88, 89, 90, 92, 102, 103, 104, 106, 107, 108, 109, 110, 111, 115, 127, 128, 130, 144, 188, 209, 231], "summary": {"covered_lines": 37, "num_statements": 44, "percent_covered": 84.0909090909091, "percent_covered_display": "84.09", "missing_lines": 7, "excluded_lines": 11, "num_branches": 0, "num_partial_branches": 0, "covered_branches": 0, "missing_branches": 0}, "missing_lines": [245, 248, 250, 251, 252, 259, 261], "excluded_lines": [22, 23, 24, 25, 26, 27, 28, 43, 44, 55, 56], "executed_branches": [], "missing_branches": []}}}, "src/utils/secure_random.py": {"executed_lines": [1, 8, 9, 10, 12, 15, 16, 28, 30, 32, 40, 57, 74, 90, 107, 115, 131, 147, 173, 211, 214, 224, 237, 250], "summary": {"covered_lines": 22, "num_statements": 64, "percent_covered": 25.58139534883721, "percent_covered_display": "25.58", "missing_lines": 42, "excluded_lines": 0, "num_branches": 22, "num_partial_branches": 0, "covered_branches": 0, "missing_branches": 22}, "missing_lines": [38, 53, 54, 55, 70, 71, 72, 86, 87, 88, 103, 104, 105, 113, 127, 128, 129, 143, 144, 145, 160, 161, 163, 164, 167, 168, 169, 171, 192, 193, 194, 195, 196, 197, 200, 203, 204, 207, 220, 234, 247, 259], "excluded_lines": [], "executed_branches": [], "missing_branches": [[53, 54], [53, 55], [70, 71], [70, 72], [86, 87], [86, 88], [103, 104], [103, 105], [127, 128], [127, 129], [143, 144], [143, 145], [160, 161], [160, 163], [163, 164], [163, 167], [192, 193], [192, 194], [194, 195], [194, 196], [196, 197], [196, 200]], "functions": {"SecureRandom.__init__": {"executed_lines": [30], "summary": {"covered_lines": 1, "num_statements": 1, "percent_covered": 100.0, "percent_covered_display": "100.00", "missing_lines": 0, "excluded_lines": 0, "num_branches": 0, "num_partial_branches": 0, "covered_branches": 0, "missing_branches": 0}, "missing_lines": [], "excluded_lines": [], "executed_branches": [], "missing_branches": []}, "SecureRandom.random": {"executed_lines": [], "summary": {"covered_lines": 0, "num_statements": 1, "percent_covered": 0.0, "percent_covered_display": "0.00", "missing_lines": 1, "excluded_lines": 0, "num_branches": 0, "num_partial_branches": 0, "covered_branches": 0, "missing_branches": 0}, "missing_lines": [38], "excluded_lines": [], "executed_branches": [], "missing_branches": []}, "SecureRandom.uniform": {"executed_lines": [], "summary": {"covered_lines": 0, "num_statements": 3, "percent_covered": 0.0, "percent_covered_display": "0.00", "missing_lines": 3, "excluded_lines": 0, "num_branches": 2, "num_partial_branches": 0, "covered_branches": 0, "missing_branches": 2}, "missing_lines": [53, 54, 55], "excluded_lines": [], "executed_branches": [], "missing_branches": [[53, 54], [53, 55]]}, "SecureRandom.randint": {"executed_lines": [], "summary": {"covered_lines": 0, "num_statements": 3, "percent_covered": 0.0, "percent_covered_display": "0.00", "missing_lines": 3, "excluded_lines": 0, "num_branches": 2, "num_partial_branches": 0, "covered_branches": 0, "missing_branches": 2}, "missing_lines": [70, 71, 72], "excluded_lines": [], "executed_branches": [], "missing_branches": [[70, 71], [70, 72]]}, "SecureRandom.choice": {"executed_lines": [], "summary": {"covered_lines": 0, "num_statements": 3, "percent_covered": 0.0, "percent_covered_display": "0.00", "missing_lines": 3, "excluded_lines": 0, "num_branches": 2, "num_partial_branches": 0, "covered_branches": 0, "missing_branches": 2}, "missing_lines": [86, 87, 88], "excluded_lines": [], "executed_branches": [], "missing_branches": [[86, 87], [86, 88]]}, "SecureRandom.sample": {"executed_lines": [], "summary": {"covered_lines": 0, "num_statements": 3, "percent_covered": 0.0, "percent_covered_display": "0.00", "missing_lines": 3, "excluded_lines": 0, "num_branches": 2, "num_partial_branches": 0, "covered_branches": 0, "missing_branches": 2}, "missing_lines": [103, 104, 105], "excluded_lines": [], "executed_branches": [], "missing_branches": [[103, 104], [103, 105]]}, "SecureRandom.shuffle": {"executed_lines": [], "summary": {"covered_lines": 0, "num_statements": 1, "percent_covered": 0.0, "percent_covered_display": "0.00", "missing_lines": 1, "excluded_lines": 0, "num_branches": 0, "num_partial_branches": 0, "covered_branches": 0, "missing_branches": 0}, "missing_lines": [113], "excluded_lines": [], "executed_branches": [], "missing_branches": []}, "SecureRandom.bytes": {"executed_lines": [], "summary": {"covered_lines": 0, "num_statements": 3, "percent_covered": 0.0, "percent_covered_display": "0.00", "missing_lines": 3, "excluded_lines": 0, "num_branches": 2, "num_partial_branches": 0, "covered_branches": 0, "missing_branches": 2}, "missing_lines": [127, 128, 129], "excluded_lines": [], "executed_branches": [], "missing_branches": [[127, 128], [127, 129]]}, "SecureRandom.hex": {"executed_lines": [], "summary": {"covered_lines": 0, "num_statements": 3, "percent_covered": 0.0, "percent_covered_display": "0.00", "missing_lines": 3, "excluded_lines": 0, "num_branches": 2, "num_partial_branches": 0, "covered_branches": 0, "missing_branches": 2}, "missing_lines": [143, 144, 145], "excluded_lines": [], "executed_branches": [], "missing_branches": [[143, 144], [143, 145]]}, "SecureRandom.jitter": {"executed_lines": [], "summary": {"covered_lines": 0, "num_statements": 8, "percent_covered": 0.0, "percent_covered_display": "0.00", "missing_lines": 8, "excluded_lines": 0, "num_branches": 4, "num_partial_branches": 0, "covered_branches": 0, "missing_branches": 4}, "missing_lines": [160, 161, 163, 164, 167, 168, 169, 171], "excluded_lines": [], "executed_branches": [], "missing_branches": [[160, 161], [160, 163], [163, 164], [163, 167]]}, "SecureRandom.exponential_backoff_jitter": {"executed_lines": [], "summary": {"covered_lines": 0, "num_statements": 10, "percent_covered": 0.0, "percent_covered_display": "0.00", "missing_lines": 10, "excluded_lines": 0, "num_branches": 6, "num_partial_branches": 0, "covered_branches": 0, "missing_branches": 6}, "missing_lines": [192, 193, 194, 195, 196, 197, 200, 203, 204, 207], "excluded_lines": [], "executed_branches": [], "missing_branches": [[192, 193], [192, 194], [194, 195], [194, 196], [196, 197], [196, 200]]}, "get_secure_random": {"executed_lines": [], "summary": {"covered_lines": 0, "num_statements": 1, "percent_covered": 0.0, "percent_covered_display": "0.00", "missing_lines": 1, "excluded_lines": 0, "num_branches": 0, "num_partial_branches": 0, "covered_branches": 0, "missing_branches": 0}, "missing_lines": [220], "excluded_lines": [], "executed_branches": [], "missing_branches": []}, "secure_jitter": {"executed_lines": [], "summary": {"covered_lines": 0, "num_statements": 1, "percent_covered": 0.0, "percent_covered_display": "0.00", "missing_lines": 1, "excluded_lines": 0, "num_branches": 0, "num_partial_branches": 0, "covered_branches": 0, "missing_branches": 0}, "missing_lines": [234], "excluded_lines": [], "executed_branches": [], "missing_branches": []}, "secure_uniform": {"executed_lines": [], "summary": {"covered_lines": 0, "num_statements": 1, "percent_covered": 0.0, "percent_covered_display": "0.00", "missing_lines": 1, "excluded_lines": 0, "num_branches": 0, "num_partial_branches": 0, "covered_branches": 0, "missing_branches": 0}, "missing_lines": [247], "excluded_lines": [], "executed_branches": [], "missing_branches": []}, "secure_choice": {"executed_lines": [], "summary": {"covered_lines": 0, "num_statements": 1, "percent_covered": 0.0, "percent_covered_display": "0.00", "missing_lines": 1, "excluded_lines": 0, "num_branches": 0, "num_partial_branches": 0, "covered_branches": 0, "missing_branches": 0}, "missing_lines": [259], "excluded_lines": [], "executed_branches": [], "missing_branches": []}, "": {"executed_lines": [1, 8, 9, 10, 12, 15, 16, 28, 32, 40, 57, 74, 90, 107, 115, 131, 147, 173, 211, 214, 224, 237, 250], "summary": {"covered_lines": 21, "num_statements": 21, "percent_covered": 100.0, "percent_covered_display": "100.00", "missing_lines": 0, "excluded_lines": 0, "num_branches": 0, "num_partial_branches": 0, "covered_branches": 0, "missing_branches": 0}, "missing_lines": [], "excluded_lines": [], "executed_branches": [], "missing_branches": []}}, "classes": {"SecureRandom": {"executed_lines": [30], "summary": {"covered_lines": 1, "num_statements": 39, "percent_covered": 1.639344262295082, "percent_covered_display": "1.64", "missing_lines": 38, "excluded_lines": 0, "num_branches": 22, "num_partial_branches": 0, "covered_branches": 0, "missing_branches": 22}, "missing_lines": [38, 53, 54, 55, 70, 71, 72, 86, 87, 88, 103, 104, 105, 113, 127, 128, 129, 143, 144, 145, 160, 161, 163, 164, 167, 168, 169, 171, 192, 193, 194, 195, 196, 197, 200, 203, 204, 207], "excluded_lines": [], "executed_branches": [], "missing_branches": [[53, 54], [53, 55], [70, 71], [70, 72], [86, 87], [86, 88], [103, 104], [103, 105], [127, 128], [127, 129], [143, 144], [143, 145], [160, 161], [160, 163], [163, 164], [163, 167], [192, 193], [192, 194], [194, 195], [194, 196], [196, 197], [196, 200]]}, "": {"executed_lines": [1, 8, 9, 10, 12, 15, 16, 28, 32, 40, 57, 74, 90, 107, 115, 131, 147, 173, 211, 214, 224, 237, 250], "summary": {"covered_lines": 21, "num_statements": 25, "percent_covered": 84.0, "percent_covered_display": "84.00", "missing_lines": 4, "excluded_lines": 0, "num_branches": 0, "num_partial_branches": 0, "covered_branches": 0, "missing_branches": 0}, "missing_lines": [220, 234, 247, 259], "excluded_lines": [], "executed_branches": [], "missing_branches": []}}}, "src/utils/setup_validator.py": {"executed_lines": [1, 8, 9, 10, 12, 13, 17, 18, 22, 29, 31, 34, 55, 85, 158, 169], "summary": {"covered_lines": 14, "num_statements": 82, "percent_covered": 13.20754716981132, "percent_covered_display": "13.21", "missing_lines": 68, "excluded_lines": 5, "num_branches": 24, "num_partial_branches": 0, "covered_branches": 0, "missing_branches": 24}, "missing_lines": [14, 15, 19, 20, 40, 43, 44, 46, 47, 49, 50, 52, 61, 62, 65, 66, 67, 68, 69, 70, 73, 74, 75, 78, 80, 82, 96, 98, 101, 102, 103, 104, 105, 106, 107, 109, 112, 113, 114, 115, 116, 117, 118, 120, 123, 124, 127, 128, 129, 131, 134, 136, 138, 139, 140, 141, 143, 144, 145, 148, 149, 150, 151, 153, 155, 164, 165, 166], "excluded_lines": [169, 171, 176, 177, 178], "executed_branches": [], "missing_branches": [[43, 44], [43, 46], [46, 47], [46, 49], [49, 50], [49, 52], [74, 75], [74, 82], [103, 104], [103, 109], [105, 106], [105, 107], [114, 115], [114, 120], [116, 117], [116, 118], [123, 124], [123, 127], [129, 131], [129, 134], [148, 149], [148, 153], [164, -158], [164, 165]], "functions": {"validate_system_requirements": {"executed_lines": [], "summary": {"covered_lines": 0, "num_statements": 8, "percent_covered": 0.0, "percent_covered_display": "0.00", "missing_lines": 8, "excluded_lines": 0, "num_branches": 6, "num_partial_branches": 0, "covered_branches": 0, "missing_branches": 6}, "missing_lines": [40, 43, 44, 46, 47, 49, 50, 52], "excluded_lines": [], "executed_branches": [], "missing_branches": [[43, 44], [43, 46], [46, 47], [46, 49], [49, 50], [49, 52]]}, "validate_environment_setup": {"executed_lines": [], "summary": {"covered_lines": 0, "num_statements": 14, "percent_covered": 0.0, "percent_covered_display": "0.00", "missing_lines": 14, "excluded_lines": 0, "num_branches": 2, "num_partial_branches": 0, "covered_branches": 0, "missing_branches": 2}, "missing_lines": [61, 62, 65, 66, 67, 68, 69, 70, 73, 74, 75, 78, 80, 82], "excluded_lines": [], "executed_branches": [], "missing_branches": [[74, 75], [74, 82]]}, "validate_startup_configuration": {"executed_lines": [], "summary": {"covered_lines": 0, "num_statements": 39, "percent_covered": 0.0, "percent_covered_display": "0.00", "missing_lines": 39, "excluded_lines": 0, "num_branches": 14, "num_partial_branches": 0, "covered_branches": 0, "missing_branches": 14}, "missing_lines": [96, 98, 101, 102, 103, 104, 105, 106, 107, 109, 112, 113, 114, 115, 116, 117, 118, 120, 123, 124, 127, 128, 129, 131, 134, 136, 138, 139, 140, 141, 143, 144, 145, 148, 149, 150, 151, 153, 155], "excluded_lines": [], "executed_branches": [], "missing_branches": [[103, 104], [103, 109], [105, 106], [105, 107], [114, 115], [114, 120], [116, 117], [116, 118], [123, 124], [123, 127], [129, 131], [129, 134], [148, 149], [148, 153]]}, "run_startup_checks": {"executed_lines": [], "summary": {"covered_lines": 0, "num_statements": 3, "percent_covered": 0.0, "percent_covered_display": "0.00", "missing_lines": 3, "excluded_lines": 0, "num_branches": 2, "num_partial_branches": 0, "covered_branches": 0, "missing_branches": 2}, "missing_lines": [164, 165, 166], "excluded_lines": [], "executed_branches": [], "missing_branches": [[164, -158], [164, 165]]}, "": {"executed_lines": [1, 8, 9, 10, 12, 13, 17, 18, 22, 29, 31, 34, 55, 85, 158, 169], "summary": {"covered_lines": 14, "num_statements": 18, "percent_covered": 77.77777777777777, "percent_covered_display": "77.78", "missing_lines": 4, "excluded_lines": 5, "num_branches": 0, "num_partial_branches": 0, "covered_branches": 0, "missing_branches": 0}, "missing_lines": [14, 15, 19, 20], "excluded_lines": [169, 171, 176, 177, 178], "executed_branches": [], "missing_branches": []}}, "classes": {"": {"executed_lines": [1, 8, 9, 10, 12, 13, 17, 18, 22, 29, 31, 34, 55, 85, 158, 169], "summary": {"covered_lines": 14, "num_statements": 82, "percent_covered": 13.20754716981132, "percent_covered_display": "13.21", "missing_lines": 68, "excluded_lines": 5, "num_branches": 24, "num_partial_branches": 0, "covered_branches": 0, "missing_branches": 24}, "missing_lines": [14, 15, 19, 20, 40, 43, 44, 46, 47, 49, 50, 52, 61, 62, 65, 66, 67, 68, 69, 70, 73, 74, 75, 78, 80, 82, 96, 98, 101, 102, 103, 104, 105, 106, 107, 109, 112, 113, 114, 115, 116, 117, 118, 120, 123, 124, 127, 128, 129, 131, 134, 136, 138, 139, 140, 141, 143, 144, 145, 148, 149, 150, 151, 153, 155, 164, 165, 166], "excluded_lines": [169, 171, 176, 177, 178], "executed_branches": [], "missing_branches": [[43, 44], [43, 46], [46, 47], [46, 49], [49, 50], [49, 52], [74, 75], [74, 82], [103, 104], [103, 109], [105, 106], [105, 107], [114, 115], [114, 120], [116, 117], [116, 118], [123, 124], [123, 127], [129, 131], [129, 134], [148, 149], [148, 153], [164, -158], [164, 165]]}}}}, "totals": {"covered_lines": 854, "num_statements": 2208, "percent_covered": 32.532751091703055, "percent_covered_display": "32.53", "missing_lines": 1354, "excluded_lines": 71, "num_branches": 540, "num_partial_branches": 34, "covered_branches": 40, "missing_branches": 500}}
