{"meta": {"format": 3, "version": "7.9.2", "timestamp": "2025-07-26T13:44:26.287542", "branch_coverage": true, "show_contexts": false}, "files": {"examples/config_demo.py": {"executed_lines": [2, 8, 9, 10, 13, 15, 18, 21, 24, 25, 26, 27, 28, 29, 32, 33, 34, 35, 36, 37, 40], "summary": {"covered_lines": 19, "num_statements": 19, "percent_covered": 100.0, "percent_covered_display": "100.00", "missing_lines": 0, "excluded_lines": 2, "num_branches": 6, "num_partial_branches": 0, "covered_branches": 6, "missing_branches": 0}, "missing_lines": [], "excluded_lines": [40, 41], "executed_branches": [[32, 33], [32, 34], [34, 35], [34, 36], [36, -18], [36, 37]], "missing_branches": [], "functions": {"main": {"executed_lines": [21, 24, 25, 26, 27, 28, 29, 32, 33, 34, 35, 36, 37], "summary": {"covered_lines": 13, "num_statements": 13, "percent_covered": 100.0, "percent_covered_display": "100.00", "missing_lines": 0, "excluded_lines": 0, "num_branches": 6, "num_partial_branches": 0, "covered_branches": 6, "missing_branches": 0}, "missing_lines": [], "excluded_lines": [], "executed_branches": [[32, 33], [32, 34], [34, 35], [34, 36], [36, -18], [36, 37]], "missing_branches": []}, "": {"executed_lines": [2, 8, 9, 10, 13, 15, 18, 40], "summary": {"covered_lines": 6, "num_statements": 6, "percent_covered": 100.0, "percent_covered_display": "100.00", "missing_lines": 0, "excluded_lines": 2, "num_branches": 0, "num_partial_branches": 0, "covered_branches": 0, "missing_branches": 0}, "missing_lines": [], "excluded_lines": [40, 41], "executed_branches": [], "missing_branches": []}}, "classes": {"": {"executed_lines": [2, 8, 9, 10, 13, 15, 18, 21, 24, 25, 26, 27, 28, 29, 32, 33, 34, 35, 36, 37, 40], "summary": {"covered_lines": 19, "num_statements": 19, "percent_covered": 100.0, "percent_covered_display": "100.00", "missing_lines": 0, "excluded_lines": 2, "num_branches": 6, "num_partial_branches": 0, "covered_branches": 6, "missing_branches": 0}, "missing_lines": [], "excluded_lines": [40, 41], "executed_branches": [[32, 33], [32, 34], [34, 35], [34, 36], [36, -18], [36, 37]], "missing_branches": []}}}, "examples/encryption_usage.py": {"executed_lines": [2, 8, 12, 15, 34, 36, 39, 54, 76, 77, 78, 79, 80, 81, 83, 84, 85, 86, 89, 91, 93, 94, 97, 140, 141, 144, 146, 148, 149, 151, 161, 162, 163, 165, 166, 167, 168, 169, 170, 171, 174, 176, 178, 179, 181, 188, 189, 190, 192, 193, 194, 195, 196, 197, 200], "summary": {"covered_lines": 53, "num_statements": 53, "percent_covered": 100.0, "percent_covered_display": "100.00", "missing_lines": 0, "excluded_lines": 26, "num_branches": 4, "num_partial_branches": 0, "covered_branches": 4, "missing_branches": 0}, "missing_lines": [], "excluded_lines": [200, 202, 203, 205, 206, 207, 209, 210, 211, 212, 213, 214, 215, 216, 218, 219, 220, 221, 222, 223, 224, 225, 227, 228, 229, 231], "executed_branches": [[162, 163], [162, 165], [189, 190], [189, 192]], "missing_branches": [], "functions": {"setup_example_environment": {"executed_lines": [15], "summary": {"covered_lines": 1, "num_statements": 1, "percent_covered": 100.0, "percent_covered_display": "100.00", "missing_lines": 0, "excluded_lines": 0, "num_branches": 0, "num_partial_branches": 0, "covered_branches": 0, "missing_branches": 0}, "missing_lines": [], "excluded_lines": [], "executed_branches": [], "missing_branches": []}, "create_example_env_files": {"executed_lines": [36, 39, 54, 76, 77, 78, 79, 80, 81, 83, 84, 85, 86], "summary": {"covered_lines": 13, "num_statements": 13, "percent_covered": 100.0, "percent_covered_display": "100.00", "missing_lines": 0, "excluded_lines": 0, "num_branches": 0, "num_partial_branches": 0, "covered_branches": 0, "missing_branches": 0}, "missing_lines": [], "excluded_lines": [], "executed_branches": [], "missing_branches": []}, "demonstrate_settings_usage": {"executed_lines": [91, 93, 94, 97, 140, 141], "summary": {"covered_lines": 6, "num_statements": 6, "percent_covered": 100.0, "percent_covered_display": "100.00", "missing_lines": 0, "excluded_lines": 0, "num_branches": 0, "num_partial_branches": 0, "covered_branches": 0, "missing_branches": 0}, "missing_lines": [], "excluded_lines": [], "executed_branches": [], "missing_branches": []}, "demonstrate_encryption_workflow": {"executed_lines": [146, 148, 149, 151, 161, 162, 163, 165, 166, 167, 168, 169, 170, 171], "summary": {"covered_lines": 14, "num_statements": 14, "percent_covered": 100.0, "percent_covered_display": "100.00", "missing_lines": 0, "excluded_lines": 0, "num_branches": 2, "num_partial_branches": 0, "covered_branches": 2, "missing_branches": 0}, "missing_lines": [], "excluded_lines": [], "executed_branches": [[162, 163], [162, 165]], "missing_branches": []}, "demonstrate_development_setup": {"executed_lines": [176, 178, 179, 181, 188, 189, 190, 192, 193, 194, 195, 196, 197], "summary": {"covered_lines": 13, "num_statements": 13, "percent_covered": 100.0, "percent_covered_display": "100.00", "missing_lines": 0, "excluded_lines": 0, "num_branches": 2, "num_partial_branches": 0, "covered_branches": 2, "missing_branches": 0}, "missing_lines": [], "excluded_lines": [], "executed_branches": [[189, 190], [189, 192]], "missing_branches": []}, "": {"executed_lines": [2, 8, 12, 34, 89, 144, 174, 200], "summary": {"covered_lines": 6, "num_statements": 6, "percent_covered": 100.0, "percent_covered_display": "100.00", "missing_lines": 0, "excluded_lines": 26, "num_branches": 0, "num_partial_branches": 0, "covered_branches": 0, "missing_branches": 0}, "missing_lines": [], "excluded_lines": [200, 202, 203, 205, 206, 207, 209, 210, 211, 212, 213, 214, 215, 216, 218, 219, 220, 221, 222, 223, 224, 225, 227, 228, 229, 231], "executed_branches": [], "missing_branches": []}}, "classes": {"": {"executed_lines": [2, 8, 12, 15, 34, 36, 39, 54, 76, 77, 78, 79, 80, 81, 83, 84, 85, 86, 89, 91, 93, 94, 97, 140, 141, 144, 146, 148, 149, 151, 161, 162, 163, 165, 166, 167, 168, 169, 170, 171, 174, 176, 178, 179, 181, 188, 189, 190, 192, 193, 194, 195, 196, 197, 200], "summary": {"covered_lines": 53, "num_statements": 53, "percent_covered": 100.0, "percent_covered_display": "100.00", "missing_lines": 0, "excluded_lines": 26, "num_branches": 4, "num_partial_branches": 0, "covered_branches": 4, "missing_branches": 0}, "missing_lines": [], "excluded_lines": [200, 202, 203, 205, 206, 207, 209, 210, 211, 212, 213, 214, 215, 216, 218, 219, 220, 221, 222, 223, 224, 225, 227, 228, 229, 231], "executed_branches": [[162, 163], [162, 165], [189, 190], [189, 192]], "missing_branches": []}}}, "examples/health_check_demo.py": {"executed_lines": [2, 12, 13, 15, 16, 17, 18, 19, 20, 22, 31, 33, 36, 38, 42, 44, 45, 50, 53, 58, 59, 60, 63, 68, 69, 70, 75, 80, 85, 90, 95, 96, 97, 103, 106, 107, 108, 109, 111, 113, 115, 116, 119, 122, 124, 126, 127, 130, 131, 132, 133, 134, 135, 136, 137, 139, 143, 144, 147, 149, 151, 153, 155, 156, 159, 170, 172, 173, 177, 181, 182, 185, 187, 192, 194, 195, 200, 207, 208, 210, 213, 224, 225, 228, 229, 230, 231, 232, 237, 238, 241, 246, 247, 250, 254, 255, 260, 262, 264, 266, 273, 274, 275, 276, 277, 280, 283, 285, 288, 291, 298, 299, 300, 301, 303, 304, 308, 313, 314, 318, 322, 323, 326, 328, 331, 334, 336, 339, 341, 344, 345, 347, 350, 352, 355, 357, 360, 361, 362, 363, 364, 365, 366, 368, 369, 370, 371, 372, 375], "summary": {"covered_lines": 147, "num_statements": 147, "percent_covered": 99.42196531791907, "percent_covered_display": "99.42", "missing_lines": 0, "excluded_lines": 2, "num_branches": 26, "num_partial_branches": 1, "covered_branches": 25, "missing_branches": 1}, "missing_lines": [], "excluded_lines": [375, 376], "executed_branches": [[106, 107], [106, 111], [108, 109], [108, 113], [131, -122], [131, 132], [132, 133], [132, 136], [136, 137], [136, 139], [172, 173], [172, 177], [207, 208], [207, 210], [231, 232], [299, 300], [299, 303], [300, 299], [300, 301], [303, 304], [303, 308], [313, 314], [313, 318], [344, 345], [344, 347]], "missing_branches": [[231, -185]], "functions": {"demonstrate_configuration_status": {"executed_lines": [38, 42, 44, 45, 50, 53, 58, 59, 60, 63, 68, 69, 70, 75, 80, 85, 90, 95, 96, 97, 103, 106, 107, 108, 109, 111, 113, 115, 116, 119], "summary": {"covered_lines": 30, "num_statements": 30, "percent_covered": 100.0, "percent_covered_display": "100.00", "missing_lines": 0, "excluded_lines": 0, "num_branches": 4, "num_partial_branches": 0, "covered_branches": 4, "missing_branches": 0}, "missing_lines": [], "excluded_lines": [], "executed_branches": [[106, 107], [106, 111], [108, 109], [108, 113]], "missing_branches": []}, "demonstrate_health_summary": {"executed_lines": [124, 126, 127, 130, 131, 132, 133, 134, 135, 136, 137, 139, 143, 144], "summary": {"covered_lines": 14, "num_statements": 14, "percent_covered": 100.0, "percent_covered_display": "100.00", "missing_lines": 0, "excluded_lines": 0, "num_branches": 6, "num_partial_branches": 0, "covered_branches": 6, "missing_branches": 0}, "missing_lines": [], "excluded_lines": [], "executed_branches": [[131, -122], [131, 132], [132, 133], [132, 136], [136, 137], [136, 139]], "missing_branches": []}, "demonstrate_json_serialization": {"executed_lines": [149, 151, 153, 155, 156, 159, 170, 172, 173, 177, 181, 182], "summary": {"covered_lines": 12, "num_statements": 12, "percent_covered": 100.0, "percent_covered_display": "100.00", "missing_lines": 0, "excluded_lines": 0, "num_branches": 2, "num_partial_branches": 0, "covered_branches": 2, "missing_branches": 0}, "missing_lines": [], "excluded_lines": [], "executed_branches": [[172, 173], [172, 177]], "missing_branches": []}, "demonstrate_http_endpoints": {"executed_lines": [187, 192, 194, 195, 200, 207, 208, 210, 213, 224, 225, 228, 229, 230, 231, 232, 237, 238, 241, 246, 247, 250, 254, 255], "summary": {"covered_lines": 24, "num_statements": 24, "percent_covered": 96.42857142857143, "percent_covered_display": "96.43", "missing_lines": 0, "excluded_lines": 0, "num_branches": 4, "num_partial_branches": 1, "covered_branches": 3, "missing_branches": 1}, "missing_lines": [], "excluded_lines": [], "executed_branches": [[207, 208], [207, 210], [231, 232]], "missing_branches": [[231, -185]]}, "demonstrate_security_features": {"executed_lines": [262, 264, 266, 273, 274, 275, 276, 277, 280, 283, 285, 288, 291, 298, 299, 300, 301, 303, 304, 308, 313, 314, 318, 322, 323], "summary": {"covered_lines": 25, "num_statements": 25, "percent_covered": 100.0, "percent_covered_display": "100.00", "missing_lines": 0, "excluded_lines": 0, "num_branches": 8, "num_partial_branches": 0, "covered_branches": 8, "missing_branches": 0}, "missing_lines": [], "excluded_lines": [], "executed_branches": [[299, 300], [299, 303], [300, 299], [300, 301], [303, 304], [303, 308], [313, 314], [313, 318]], "missing_branches": []}, "main": {"executed_lines": [328, 331, 334, 336, 339, 341, 344, 345, 347, 350, 352, 355, 357, 360, 361, 362, 363, 364, 365, 366, 368, 369, 370, 371, 372], "summary": {"covered_lines": 25, "num_statements": 25, "percent_covered": 100.0, "percent_covered_display": "100.00", "missing_lines": 0, "excluded_lines": 0, "num_branches": 2, "num_partial_branches": 0, "covered_branches": 2, "missing_branches": 0}, "missing_lines": [], "excluded_lines": [], "executed_branches": [[344, 345], [344, 347]], "missing_branches": []}, "": {"executed_lines": [2, 12, 13, 15, 16, 17, 18, 19, 20, 22, 31, 33, 36, 122, 147, 185, 260, 326, 375], "summary": {"covered_lines": 17, "num_statements": 17, "percent_covered": 100.0, "percent_covered_display": "100.00", "missing_lines": 0, "excluded_lines": 2, "num_branches": 0, "num_partial_branches": 0, "covered_branches": 0, "missing_branches": 0}, "missing_lines": [], "excluded_lines": [375, 376], "executed_branches": [], "missing_branches": []}}, "classes": {"": {"executed_lines": [2, 12, 13, 15, 16, 17, 18, 19, 20, 22, 31, 33, 36, 38, 42, 44, 45, 50, 53, 58, 59, 60, 63, 68, 69, 70, 75, 80, 85, 90, 95, 96, 97, 103, 106, 107, 108, 109, 111, 113, 115, 116, 119, 122, 124, 126, 127, 130, 131, 132, 133, 134, 135, 136, 137, 139, 143, 144, 147, 149, 151, 153, 155, 156, 159, 170, 172, 173, 177, 181, 182, 185, 187, 192, 194, 195, 200, 207, 208, 210, 213, 224, 225, 228, 229, 230, 231, 232, 237, 238, 241, 246, 247, 250, 254, 255, 260, 262, 264, 266, 273, 274, 275, 276, 277, 280, 283, 285, 288, 291, 298, 299, 300, 301, 303, 304, 308, 313, 314, 318, 322, 323, 326, 328, 331, 334, 336, 339, 341, 344, 345, 347, 350, 352, 355, 357, 360, 361, 362, 363, 364, 365, 366, 368, 369, 370, 371, 372, 375], "summary": {"covered_lines": 147, "num_statements": 147, "percent_covered": 99.42196531791907, "percent_covered_display": "99.42", "missing_lines": 0, "excluded_lines": 2, "num_branches": 26, "num_partial_branches": 1, "covered_branches": 25, "missing_branches": 1}, "missing_lines": [], "excluded_lines": [375, 376], "executed_branches": [[106, 107], [106, 111], [108, 109], [108, 113], [131, -122], [131, 132], [132, 133], [132, 136], [136, 137], [136, 139], [172, 173], [172, 177], [207, 208], [207, 210], [231, 232], [299, 300], [299, 303], [300, 299], [300, 301], [303, 304], [303, 308], [313, 314], [313, 318], [344, 345], [344, 347]], "missing_branches": [[231, -185]]}}}, "examples/openrouter_client_demo.py": {"executed_lines": [2, 22, 23, 24, 26, 27, 30, 31, 34, 36, 39, 40, 42, 44, 45, 47, 48, 49, 51, 54, 55, 56, 58, 60, 61, 62, 65, 66, 67, 68, 69, 70, 73, 74, 87, 88, 89, 91, 92, 93, 94, 95, 96, 97, 99, 101, 102, 105, 106, 107, 108, 109, 111, 112, 116, 117, 118, 121, 123, 126, 128, 129, 130, 131, 132, 135, 136, 138, 139, 140, 141, 143, 144, 145, 148, 150, 152, 155, 157, 158, 160, 172, 174, 175, 176, 179, 181, 183, 184, 185, 187, 188, 190, 191, 194, 198, 201, 202, 203, 206], "summary": {"covered_lines": 98, "num_statements": 98, "percent_covered": 100.0, "percent_covered_display": "100.00", "missing_lines": 0, "excluded_lines": 2, "num_branches": 12, "num_partial_branches": 0, "covered_branches": 12, "missing_branches": 0}, "missing_lines": [], "excluded_lines": [206, 207], "executed_branches": [[47, 48], [47, 51], [60, 61], [60, 65], [91, 92], [91, 99], [140, 141], [140, 143], [157, -148], [157, 158], [184, 185], [184, 187]], "missing_branches": [], "functions": {"demo_basic_functionality": {"executed_lines": [36, 39, 40, 42, 44, 45, 47, 48, 49, 51, 54, 55, 56, 58, 60, 61, 62, 65, 66, 67, 68, 69, 70, 73, 74, 87, 88, 89, 91, 92, 93, 94, 95, 96, 97, 99, 101, 102, 105, 106, 107, 108, 109, 111, 112, 116, 117, 118], "summary": {"covered_lines": 48, "num_statements": 48, "percent_covered": 100.0, "percent_covered_display": "100.00", "missing_lines": 0, "excluded_lines": 0, "num_branches": 6, "num_partial_branches": 0, "covered_branches": 6, "missing_branches": 0}, "missing_lines": [], "excluded_lines": [], "executed_branches": [[47, 48], [47, 51], [60, 61], [60, 65], [91, 92], [91, 99]], "missing_branches": []}, "demo_error_handling": {"executed_lines": [123, 126, 128, 129, 130, 131, 132, 135, 136, 138, 139, 140, 141, 143, 144, 145], "summary": {"covered_lines": 16, "num_statements": 16, "percent_covered": 100.0, "percent_covered_display": "100.00", "missing_lines": 0, "excluded_lines": 0, "num_branches": 2, "num_partial_branches": 0, "covered_branches": 2, "missing_branches": 0}, "missing_lines": [], "excluded_lines": [], "executed_branches": [[140, 141], [140, 143]], "missing_branches": []}, "demo_model_integration": {"executed_lines": [150, 152, 155, 157, 158, 160, 172, 174, 175, 176], "summary": {"covered_lines": 10, "num_statements": 10, "percent_covered": 100.0, "percent_covered_display": "100.00", "missing_lines": 0, "excluded_lines": 0, "num_branches": 2, "num_partial_branches": 0, "covered_branches": 2, "missing_branches": 0}, "missing_lines": [], "excluded_lines": [], "executed_branches": [[157, -148], [157, 158]], "missing_branches": []}, "check_environment": {"executed_lines": [181, 183, 184, 185, 187, 188, 190, 191], "summary": {"covered_lines": 8, "num_statements": 8, "percent_covered": 100.0, "percent_covered_display": "100.00", "missing_lines": 0, "excluded_lines": 0, "num_branches": 2, "num_partial_branches": 0, "covered_branches": 2, "missing_branches": 0}, "missing_lines": [], "excluded_lines": [], "executed_branches": [[184, 185], [184, 187]], "missing_branches": []}, "main": {"executed_lines": [198, 201, 202, 203], "summary": {"covered_lines": 4, "num_statements": 4, "percent_covered": 100.0, "percent_covered_display": "100.00", "missing_lines": 0, "excluded_lines": 0, "num_branches": 0, "num_partial_branches": 0, "covered_branches": 0, "missing_branches": 0}, "missing_lines": [], "excluded_lines": [], "executed_branches": [], "missing_branches": []}, "": {"executed_lines": [2, 22, 23, 24, 26, 27, 30, 31, 34, 121, 148, 179, 194, 206], "summary": {"covered_lines": 12, "num_statements": 12, "percent_covered": 100.0, "percent_covered_display": "100.00", "missing_lines": 0, "excluded_lines": 2, "num_branches": 0, "num_partial_branches": 0, "covered_branches": 0, "missing_branches": 0}, "missing_lines": [], "excluded_lines": [206, 207], "executed_branches": [], "missing_branches": []}}, "classes": {"": {"executed_lines": [2, 22, 23, 24, 26, 27, 30, 31, 34, 36, 39, 40, 42, 44, 45, 47, 48, 49, 51, 54, 55, 56, 58, 60, 61, 62, 65, 66, 67, 68, 69, 70, 73, 74, 87, 88, 89, 91, 92, 93, 94, 95, 96, 97, 99, 101, 102, 105, 106, 107, 108, 109, 111, 112, 116, 117, 118, 121, 123, 126, 128, 129, 130, 131, 132, 135, 136, 138, 139, 140, 141, 143, 144, 145, 148, 150, 152, 155, 157, 158, 160, 172, 174, 175, 176, 179, 181, 183, 184, 185, 187, 188, 190, 191, 194, 198, 201, 202, 203, 206], "summary": {"covered_lines": 98, "num_statements": 98, "percent_covered": 100.0, "percent_covered_display": "100.00", "missing_lines": 0, "excluded_lines": 2, "num_branches": 12, "num_partial_branches": 0, "covered_branches": 12, "missing_branches": 0}, "missing_lines": [], "excluded_lines": [206, 207], "executed_branches": [[47, 48], [47, 51], [60, 61], [60, 65], [91, 92], [91, 99], [140, 141], [140, 143], [157, -148], [157, 158], [184, 185], [184, 187]], "missing_branches": []}}}, "examples/vector_store_usage.py": {"executed_lines": [1, 9, 10, 11, 12, 14, 15, 26, 27, 30, 31, 33, 34, 38, 46, 47, 50, 53, 78, 81, 82, 89, 90, 91, 94, 96, 98, 99, 102, 104, 106, 148, 151, 153, 160, 162, 169, 170, 171, 172, 176, 183, 184, 191, 193, 194, 198, 199, 200, 203, 206, 212, 215, 217, 220, 221, 222, 235, 238, 239, 242, 243, 249, 251, 252, 253, 255, 257, 258, 261, 263, 264, 267, 268, 269, 276, 279, 280, 281, 284, 285, 286, 287, 289, 290, 291, 292, 295, 296, 297, 300, 302, 304, 305, 309, 311, 312, 316, 317, 319, 320, 321, 322, 323, 324, 325, 328, 332, 335, 338, 339, 340, 343, 345, 346, 348, 349, 353, 362, 363, 367, 368, 371, 373, 375, 378, 380, 381, 383, 384, 387, 390, 420, 421, 422, 425, 426, 427, 429, 435, 436, 437, 439, 442, 445, 448, 458, 459, 460, 465], "summary": {"covered_lines": 147, "num_statements": 150, "percent_covered": 94.89795918367346, "percent_covered_display": "94.90", "missing_lines": 3, "excluded_lines": 2, "num_branches": 46, "num_partial_branches": 7, "covered_branches": 39, "missing_branches": 7}, "missing_lines": [326, 461, 462], "excluded_lines": [465, 466], "executed_branches": [[90, 91], [90, 94], [160, 162], [160, 176], [170, 160], [170, 171], [171, 170], [171, 172], [183, -98], [183, 184], [212, 215], [212, 255], [217, 220], [217, 251], [221, 222], [221, 238], [238, 239], [251, 252], [252, 212], [252, 253], [268, 269], [268, 279], [285, 286], [285, 295], [320, 321], [325, 328], [338, 339], [338, 343], [380, 381], [380, 387], [383, 384], [420, 421], [420, 425], [421, 422], [435, -367], [435, 436], [436, 437], [458, -442], [458, 459]], "missing_branches": [[238, 212], [251, 212], [320, 332], [325, 326], [383, 380], [421, 420], [436, 435]], "functions": {"VectorStoreExamples.basic_mock_store_usage": {"executed_lines": [38, 46, 47, 50, 53, 78, 81, 82, 89, 90, 91, 94, 96], "summary": {"covered_lines": 13, "num_statements": 13, "percent_covered": 100.0, "percent_covered_display": "100.00", "missing_lines": 0, "excluded_lines": 0, "num_branches": 2, "num_partial_branches": 0, "covered_branches": 2, "missing_branches": 0}, "missing_lines": [], "excluded_lines": [], "executed_branches": [[90, 91], [90, 94]], "missing_branches": []}, "VectorStoreExamples.advanced_search_strategies": {"executed_lines": [102, 104, 106, 148, 151, 153, 160, 162, 169, 170, 171, 172, 176, 183, 184, 191], "summary": {"covered_lines": 16, "num_statements": 16, "percent_covered": 100.0, "percent_covered_display": "100.00", "missing_lines": 0, "excluded_lines": 0, "num_branches": 8, "num_partial_branches": 0, "covered_branches": 8, "missing_branches": 0}, "missing_lines": [], "excluded_lines": [], "executed_branches": [[160, 162], [160, 176], [170, 160], [170, 171], [171, 170], [171, 172], [183, -98], [183, 184]], "missing_branches": []}, "VectorStoreExamples.hyde_processor_integration": {"executed_lines": [198, 199, 200, 203, 206, 212, 215, 217, 220, 221, 222, 235, 238, 239, 242, 243, 249, 251, 252, 253, 255], "summary": {"covered_lines": 21, "num_statements": 21, "percent_covered": 93.93939393939394, "percent_covered_display": "93.94", "missing_lines": 0, "excluded_lines": 0, "num_branches": 12, "num_partial_branches": 2, "covered_branches": 10, "missing_branches": 2}, "missing_lines": [], "excluded_lines": [], "executed_branches": [[212, 215], [212, 255], [217, 220], [217, 251], [221, 222], [221, 238], [238, 239], [251, 252], [252, 212], [252, 253]], "missing_branches": [[238, 212], [251, 212]]}, "VectorStoreExamples.performance_monitoring": {"executed_lines": [261, 263, 264, 267, 268, 269, 276, 279, 280, 281, 284, 285, 286, 287, 289, 290, 291, 292, 295, 296, 297, 300, 302], "summary": {"covered_lines": 23, "num_statements": 23, "percent_covered": 100.0, "percent_covered_display": "100.00", "missing_lines": 0, "excluded_lines": 0, "num_branches": 4, "num_partial_branches": 0, "covered_branches": 4, "missing_branches": 0}, "missing_lines": [], "excluded_lines": [], "executed_branches": [[268, 269], [268, 279], [285, 286], [285, 295]], "missing_branches": []}, "VectorStoreExamples.error_handling_and_resilience": {"executed_lines": [309, 311, 312, 316, 317, 319, 320, 321, 322, 323, 324, 325, 328, 332, 335, 338, 339, 340, 343, 345, 346], "summary": {"covered_lines": 21, "num_statements": 22, "percent_covered": 89.28571428571429, "percent_covered_display": "89.29", "missing_lines": 1, "excluded_lines": 0, "num_branches": 6, "num_partial_branches": 2, "covered_branches": 4, "missing_branches": 2}, "missing_lines": [326], "excluded_lines": [], "executed_branches": [[320, 321], [325, 328], [338, 339], [338, 343]], "missing_branches": [[320, 332], [325, 326]]}, "VectorStoreExamples.qdrant_configuration_example": {"executed_lines": [353, 362, 363], "summary": {"covered_lines": 3, "num_statements": 3, "percent_covered": 100.0, "percent_covered_display": "100.00", "missing_lines": 0, "excluded_lines": 0, "num_branches": 0, "num_partial_branches": 0, "covered_branches": 0, "missing_branches": 0}, "missing_lines": [], "excluded_lines": [], "executed_branches": [], "missing_branches": []}, "VectorStoreExamples.collection_management": {"executed_lines": [371, 373, 375, 378, 380, 381, 383, 384, 387, 390, 420, 421, 422, 425, 426, 427, 429, 435, 436, 437, 439], "summary": {"covered_lines": 21, "num_statements": 21, "percent_covered": 90.9090909090909, "percent_covered_display": "90.91", "missing_lines": 0, "excluded_lines": 0, "num_branches": 12, "num_partial_branches": 3, "covered_branches": 9, "missing_branches": 3}, "missing_lines": [], "excluded_lines": [], "executed_branches": [[380, 381], [380, 387], [383, 384], [420, 421], [420, 425], [421, 422], [435, -367], [435, 436], [436, 437]], "missing_branches": [[383, 380], [421, 420], [436, 435]]}, "main": {"executed_lines": [445, 448, 458, 459, 460], "summary": {"covered_lines": 5, "num_statements": 7, "percent_covered": 77.77777777777777, "percent_covered_display": "77.78", "missing_lines": 2, "excluded_lines": 0, "num_branches": 2, "num_partial_branches": 0, "covered_branches": 2, "missing_branches": 0}, "missing_lines": [461, 462], "excluded_lines": [], "executed_branches": [[458, -442], [458, 459]], "missing_branches": []}, "": {"executed_lines": [1, 9, 10, 11, 12, 14, 15, 26, 27, 30, 31, 33, 34, 98, 99, 193, 194, 257, 258, 304, 305, 348, 349, 367, 368, 442, 465], "summary": {"covered_lines": 24, "num_statements": 24, "percent_covered": 100.0, "percent_covered_display": "100.00", "missing_lines": 0, "excluded_lines": 2, "num_branches": 0, "num_partial_branches": 0, "covered_branches": 0, "missing_branches": 0}, "missing_lines": [], "excluded_lines": [465, 466], "executed_branches": [], "missing_branches": []}}, "classes": {"VectorStoreExamples": {"executed_lines": [38, 46, 47, 50, 53, 78, 81, 82, 89, 90, 91, 94, 96, 102, 104, 106, 148, 151, 153, 160, 162, 169, 170, 171, 172, 176, 183, 184, 191, 198, 199, 200, 203, 206, 212, 215, 217, 220, 221, 222, 235, 238, 239, 242, 243, 249, 251, 252, 253, 255, 261, 263, 264, 267, 268, 269, 276, 279, 280, 281, 284, 285, 286, 287, 289, 290, 291, 292, 295, 296, 297, 300, 302, 309, 311, 312, 316, 317, 319, 320, 321, 322, 323, 324, 325, 328, 332, 335, 338, 339, 340, 343, 345, 346, 353, 362, 363, 371, 373, 375, 378, 380, 381, 383, 384, 387, 390, 420, 421, 422, 425, 426, 427, 429, 435, 436, 437, 439], "summary": {"covered_lines": 118, "num_statements": 119, "percent_covered": 95.0920245398773, "percent_covered_display": "95.09", "missing_lines": 1, "excluded_lines": 0, "num_branches": 44, "num_partial_branches": 7, "covered_branches": 37, "missing_branches": 7}, "missing_lines": [326], "excluded_lines": [], "executed_branches": [[90, 91], [90, 94], [160, 162], [160, 176], [170, 160], [170, 171], [171, 170], [171, 172], [183, -98], [183, 184], [212, 215], [212, 255], [217, 220], [217, 251], [221, 222], [221, 238], [238, 239], [251, 252], [252, 212], [252, 253], [268, 269], [268, 279], [285, 286], [285, 295], [320, 321], [325, 328], [338, 339], [338, 343], [380, 381], [380, 387], [383, 384], [420, 421], [420, 425], [421, 422], [435, -367], [435, 436], [436, 437]], "missing_branches": [[238, 212], [251, 212], [320, 332], [325, 326], [383, 380], [421, 420], [436, 435]]}, "": {"executed_lines": [1, 9, 10, 11, 12, 14, 15, 26, 27, 30, 31, 33, 34, 98, 99, 193, 194, 257, 258, 304, 305, 348, 349, 367, 368, 442, 445, 448, 458, 459, 460, 465], "summary": {"covered_lines": 29, "num_statements": 31, "percent_covered": 93.93939393939394, "percent_covered_display": "93.94", "missing_lines": 2, "excluded_lines": 2, "num_branches": 2, "num_partial_branches": 0, "covered_branches": 2, "missing_branches": 0}, "missing_lines": [461, 462], "excluded_lines": [465, 466], "executed_branches": [[458, -442], [458, 459]], "missing_branches": []}}}, "noxfile.py": {"executed_lines": [1, 3, 5, 8, 11, 14, 15, 17, 18, 19, 27, 28, 30, 31, 43, 44, 46, 47, 59, 60, 62, 63, 74, 75, 77, 78, 88, 89, 91, 92, 103, 104, 106, 107, 116, 117, 119, 120, 130, 131, 133, 134, 147, 148, 150, 151, 154, 155, 157, 158, 170, 171, 174, 175, 177, 178, 190, 191, 203, 204, 206, 207, 219, 220, 223, 224, 226, 227, 240, 241, 244, 245, 247, 248, 251, 252, 254, 255, 256, 257, 260, 263, 266, 267, 269, 270, 273, 274, 276, 279, 282, 285, 288, 289, 291, 292, 293, 294, 297, 298, 300, 301, 302, 305, 306, 308, 311, 314, 317, 318, 319, 329, 330, 332, 333, 339, 340, 342, 345, 348, 350, 352, 365, 368, 371, 373, 375, 376, 377, 380, 383, 386, 387, 389, 390, 393, 394, 396, 399, 400, 403, 404, 405, 406, 407, 410, 411, 412, 413, 414, 415, 416, 419, 421, 423, 424, 447, 448, 495, 496, 498, 499, 500, 503, 506, 507, 509, 512, 513], "summary": {"covered_lines": 167, "num_statements": 167, "percent_covered": 98.85714285714286, "percent_covered_display": "98.86", "missing_lines": 0, "excluded_lines": 1, "num_branches": 8, "num_partial_branches": 2, "covered_branches": 6, "missing_branches": 2}, "missing_lines": [], "excluded_lines": [448], "executed_branches": [[170, -154], [170, 171], [190, -174], [190, 191], [219, 220], [240, 241]], "missing_branches": [[219, -203], [240, -223]], "functions": {"tests": {"executed_lines": [17, 18, 19], "summary": {"covered_lines": 3, "num_statements": 3, "percent_covered": 100.0, "percent_covered_display": "100.00", "missing_lines": 0, "excluded_lines": 0, "num_branches": 0, "num_partial_branches": 0, "covered_branches": 0, "missing_branches": 0}, "missing_lines": [], "excluded_lines": [], "executed_branches": [], "missing_branches": []}, "unit": {"executed_lines": [30, 31], "summary": {"covered_lines": 2, "num_statements": 2, "percent_covered": 100.0, "percent_covered_display": "100.00", "missing_lines": 0, "excluded_lines": 0, "num_branches": 0, "num_partial_branches": 0, "covered_branches": 0, "missing_branches": 0}, "missing_lines": [], "excluded_lines": [], "executed_branches": [], "missing_branches": []}, "component": {"executed_lines": [46, 47], "summary": {"covered_lines": 2, "num_statements": 2, "percent_covered": 100.0, "percent_covered_display": "100.00", "missing_lines": 0, "excluded_lines": 0, "num_branches": 0, "num_partial_branches": 0, "covered_branches": 0, "missing_branches": 0}, "missing_lines": [], "excluded_lines": [], "executed_branches": [], "missing_branches": []}, "integration": {"executed_lines": [62, 63], "summary": {"covered_lines": 2, "num_statements": 2, "percent_covered": 100.0, "percent_covered_display": "100.00", "missing_lines": 0, "excluded_lines": 0, "num_branches": 0, "num_partial_branches": 0, "covered_branches": 0, "missing_branches": 0}, "missing_lines": [], "excluded_lines": [], "executed_branches": [], "missing_branches": []}, "e2e": {"executed_lines": [77, 78], "summary": {"covered_lines": 2, "num_statements": 2, "percent_covered": 100.0, "percent_covered_display": "100.00", "missing_lines": 0, "excluded_lines": 0, "num_branches": 0, "num_partial_branches": 0, "covered_branches": 0, "missing_branches": 0}, "missing_lines": [], "excluded_lines": [], "executed_branches": [], "missing_branches": []}, "perf": {"executed_lines": [91, 92], "summary": {"covered_lines": 2, "num_statements": 2, "percent_covered": 100.0, "percent_covered_display": "100.00", "missing_lines": 0, "excluded_lines": 0, "num_branches": 0, "num_partial_branches": 0, "covered_branches": 0, "missing_branches": 0}, "missing_lines": [], "excluded_lines": [], "executed_branches": [], "missing_branches": []}, "security_tests": {"executed_lines": [106, 107], "summary": {"covered_lines": 2, "num_statements": 2, "percent_covered": 100.0, "percent_covered_display": "100.00", "missing_lines": 0, "excluded_lines": 0, "num_branches": 0, "num_partial_branches": 0, "covered_branches": 0, "missing_branches": 0}, "missing_lines": [], "excluded_lines": [], "executed_branches": [], "missing_branches": []}, "chaos_tests": {"executed_lines": [119, 120], "summary": {"covered_lines": 2, "num_statements": 2, "percent_covered": 100.0, "percent_covered_display": "100.00", "missing_lines": 0, "excluded_lines": 0, "num_branches": 0, "num_partial_branches": 0, "covered_branches": 0, "missing_branches": 0}, "missing_lines": [], "excluded_lines": [], "executed_branches": [], "missing_branches": []}, "fast": {"executed_lines": [133, 134], "summary": {"covered_lines": 2, "num_statements": 2, "percent_covered": 100.0, "percent_covered_display": "100.00", "missing_lines": 0, "excluded_lines": 0, "num_branches": 0, "num_partial_branches": 0, "covered_branches": 0, "missing_branches": 0}, "missing_lines": [], "excluded_lines": [], "executed_branches": [], "missing_branches": []}, "metrics": {"executed_lines": [150, 151], "summary": {"covered_lines": 2, "num_statements": 2, "percent_covered": 100.0, "percent_covered_display": "100.00", "missing_lines": 0, "excluded_lines": 0, "num_branches": 0, "num_partial_branches": 0, "covered_branches": 0, "missing_branches": 0}, "missing_lines": [], "excluded_lines": [], "executed_branches": [], "missing_branches": []}, "tests_unit": {"executed_lines": [157, 158, 170, 171], "summary": {"covered_lines": 4, "num_statements": 4, "percent_covered": 100.0, "percent_covered_display": "100.00", "missing_lines": 0, "excluded_lines": 0, "num_branches": 2, "num_partial_branches": 0, "covered_branches": 2, "missing_branches": 0}, "missing_lines": [], "excluded_lines": [], "executed_branches": [[170, -154], [170, 171]], "missing_branches": []}, "tests_integration": {"executed_lines": [177, 178, 190, 191], "summary": {"covered_lines": 4, "num_statements": 4, "percent_covered": 100.0, "percent_covered_display": "100.00", "missing_lines": 0, "excluded_lines": 0, "num_branches": 2, "num_partial_branches": 0, "covered_branches": 2, "missing_branches": 0}, "missing_lines": [], "excluded_lines": [], "executed_branches": [[190, -174], [190, 191]], "missing_branches": []}, "tests_security": {"executed_lines": [206, 207, 219, 220], "summary": {"covered_lines": 4, "num_statements": 4, "percent_covered": 83.33333333333333, "percent_covered_display": "83.33", "missing_lines": 0, "excluded_lines": 0, "num_branches": 2, "num_partial_branches": 1, "covered_branches": 1, "missing_branches": 1}, "missing_lines": [], "excluded_lines": [], "executed_branches": [[219, 220]], "missing_branches": [[219, -203]]}, "tests_fast": {"executed_lines": [226, 227, 240, 241], "summary": {"covered_lines": 4, "num_statements": 4, "percent_covered": 83.33333333333333, "percent_covered_display": "83.33", "missing_lines": 0, "excluded_lines": 0, "num_branches": 2, "num_partial_branches": 1, "covered_branches": 1, "missing_branches": 1}, "missing_lines": [], "excluded_lines": [], "executed_branches": [[240, 241]], "missing_branches": [[240, -223]]}, "codecov_analysis": {"executed_lines": [247, 248], "summary": {"covered_lines": 2, "num_statements": 2, "percent_covered": 100.0, "percent_covered_display": "100.00", "missing_lines": 0, "excluded_lines": 0, "num_branches": 0, "num_partial_branches": 0, "covered_branches": 0, "missing_branches": 0}, "missing_lines": [], "excluded_lines": [], "executed_branches": [], "missing_branches": []}, "lint": {"executed_lines": [254, 255, 256, 257, 260, 263], "summary": {"covered_lines": 6, "num_statements": 6, "percent_covered": 100.0, "percent_covered_display": "100.00", "missing_lines": 0, "excluded_lines": 0, "num_branches": 0, "num_partial_branches": 0, "covered_branches": 0, "missing_branches": 0}, "missing_lines": [], "excluded_lines": [], "executed_branches": [], "missing_branches": []}, "type_check": {"executed_lines": [269, 270], "summary": {"covered_lines": 2, "num_statements": 2, "percent_covered": 100.0, "percent_covered_display": "100.00", "missing_lines": 0, "excluded_lines": 0, "num_branches": 0, "num_partial_branches": 0, "covered_branches": 0, "missing_branches": 0}, "missing_lines": [], "excluded_lines": [], "executed_branches": [], "missing_branches": []}, "security": {"executed_lines": [276, 279, 282, 285], "summary": {"covered_lines": 4, "num_statements": 4, "percent_covered": 100.0, "percent_covered_display": "100.00", "missing_lines": 0, "excluded_lines": 0, "num_branches": 0, "num_partial_branches": 0, "covered_branches": 0, "missing_branches": 0}, "missing_lines": [], "excluded_lines": [], "executed_branches": [], "missing_branches": []}, "format_code": {"executed_lines": [291, 292, 293, 294], "summary": {"covered_lines": 4, "num_statements": 4, "percent_covered": 100.0, "percent_covered_display": "100.00", "missing_lines": 0, "excluded_lines": 0, "num_branches": 0, "num_partial_branches": 0, "covered_branches": 0, "missing_branches": 0}, "missing_lines": [], "excluded_lines": [], "executed_branches": [], "missing_branches": []}, "docs": {"executed_lines": [300, 301, 302], "summary": {"covered_lines": 3, "num_statements": 3, "percent_covered": 100.0, "percent_covered_display": "100.00", "missing_lines": 0, "excluded_lines": 0, "num_branches": 0, "num_partial_branches": 0, "covered_branches": 0, "missing_branches": 0}, "missing_lines": [], "excluded_lines": [], "executed_branches": [], "missing_branches": []}, "deps": {"executed_lines": [308, 311, 314, 317, 318, 319], "summary": {"covered_lines": 6, "num_statements": 6, "percent_covered": 100.0, "percent_covered_display": "100.00", "missing_lines": 0, "excluded_lines": 0, "num_branches": 0, "num_partial_branches": 0, "covered_branches": 0, "missing_branches": 0}, "missing_lines": [], "excluded_lines": [], "executed_branches": [], "missing_branches": []}, "pre_commit": {"executed_lines": [332, 333], "summary": {"covered_lines": 2, "num_statements": 2, "percent_covered": 100.0, "percent_covered_display": "100.00", "missing_lines": 0, "excluded_lines": 0, "num_branches": 0, "num_partial_branches": 0, "covered_branches": 0, "missing_branches": 0}, "missing_lines": [], "excluded_lines": [], "executed_branches": [], "missing_branches": []}, "mutation_testing": {"executed_lines": [342, 345, 348, 350, 352, 365, 368, 371, 373, 375, 376, 377, 380, 383], "summary": {"covered_lines": 14, "num_statements": 14, "percent_covered": 100.0, "percent_covered_display": "100.00", "missing_lines": 0, "excluded_lines": 0, "num_branches": 0, "num_partial_branches": 0, "covered_branches": 0, "missing_branches": 0}, "missing_lines": [], "excluded_lines": [], "executed_branches": [], "missing_branches": []}, "contract_testing": {"executed_lines": [389, 390], "summary": {"covered_lines": 2, "num_statements": 2, "percent_covered": 100.0, "percent_covered_display": "100.00", "missing_lines": 0, "excluded_lines": 0, "num_branches": 0, "num_partial_branches": 0, "covered_branches": 0, "missing_branches": 0}, "missing_lines": [], "excluded_lines": [], "executed_branches": [], "missing_branches": []}, "dast_scanning": {"executed_lines": [396, 399, 400, 403, 404, 405, 406, 407, 410, 411, 412, 413, 414, 415, 416, 419, 421, 423, 424, 447, 448, 495, 496, 498, 499, 500, 503], "summary": {"covered_lines": 26, "num_statements": 26, "percent_covered": 100.0, "percent_covered_display": "100.00", "missing_lines": 0, "excluded_lines": 1, "num_branches": 0, "num_partial_branches": 0, "covered_branches": 0, "missing_branches": 0}, "missing_lines": [], "excluded_lines": [448], "executed_branches": [], "missing_branches": []}, "performance_testing": {"executed_lines": [509, 512, 513], "summary": {"covered_lines": 3, "num_statements": 3, "percent_covered": 100.0, "percent_covered_display": "100.00", "missing_lines": 0, "excluded_lines": 0, "num_branches": 0, "num_partial_branches": 0, "covered_branches": 0, "missing_branches": 0}, "missing_lines": [], "excluded_lines": [], "executed_branches": [], "missing_branches": []}, "": {"executed_lines": [1, 3, 5, 8, 11, 14, 15, 27, 28, 43, 44, 59, 60, 74, 75, 88, 89, 103, 104, 116, 117, 130, 131, 147, 148, 154, 155, 174, 175, 203, 204, 223, 224, 244, 245, 251, 252, 266, 267, 273, 274, 288, 289, 297, 298, 305, 306, 329, 330, 339, 340, 386, 387, 393, 394, 506, 507], "summary": {"covered_lines": 56, "num_statements": 56, "percent_covered": 100.0, "percent_covered_display": "100.00", "missing_lines": 0, "excluded_lines": 0, "num_branches": 0, "num_partial_branches": 0, "covered_branches": 0, "missing_branches": 0}, "missing_lines": [], "excluded_lines": [], "executed_branches": [], "missing_branches": []}}, "classes": {"": {"executed_lines": [1, 3, 5, 8, 11, 14, 15, 17, 18, 19, 27, 28, 30, 31, 43, 44, 46, 47, 59, 60, 62, 63, 74, 75, 77, 78, 88, 89, 91, 92, 103, 104, 106, 107, 116, 117, 119, 120, 130, 131, 133, 134, 147, 148, 150, 151, 154, 155, 157, 158, 170, 171, 174, 175, 177, 178, 190, 191, 203, 204, 206, 207, 219, 220, 223, 224, 226, 227, 240, 241, 244, 245, 247, 248, 251, 252, 254, 255, 256, 257, 260, 263, 266, 267, 269, 270, 273, 274, 276, 279, 282, 285, 288, 289, 291, 292, 293, 294, 297, 298, 300, 301, 302, 305, 306, 308, 311, 314, 317, 318, 319, 329, 330, 332, 333, 339, 340, 342, 345, 348, 350, 352, 365, 368, 371, 373, 375, 376, 377, 380, 383, 386, 387, 389, 390, 393, 394, 396, 399, 400, 403, 404, 405, 406, 407, 410, 411, 412, 413, 414, 415, 416, 419, 421, 423, 424, 447, 448, 495, 496, 498, 499, 500, 503, 506, 507, 509, 512, 513], "summary": {"covered_lines": 167, "num_statements": 167, "percent_covered": 98.85714285714286, "percent_covered_display": "98.86", "missing_lines": 0, "excluded_lines": 1, "num_branches": 8, "num_partial_branches": 2, "covered_branches": 6, "missing_branches": 2}, "missing_lines": [], "excluded_lines": [448], "executed_branches": [[170, -154], [170, 171], [190, -174], [190, 191], [219, 220], [240, 241]], "missing_branches": [[219, -203], [240, -223]]}}}, "src/agents/base_agent.py": {"executed_lines": [1, 56, 57, 58, 59, 60, 62, 69, 70, 73, 74, 106, 117, 118, 123, 124, 125, 126, 127, 128, 131, 133, 146, 147, 154, 155, 161, 163, 170, 172, 179, 182, 185, 192, 193, 196, 205, 207, 218, 219, 226, 236, 237, 240, 241, 243, 245, 266, 275, 290, 291, 293, 295, 297, 298, 304, 305, 306, 308, 309, 325, 326, 333, 335, 337, 348, 349, 350, 353, 360, 362, 365, 368, 371, 373, 374, 377, 378, 381, 392, 394, 395, 397, 398, 401, 402, 405, 417, 419, 420, 452, 474, 484, 491, 498, 500, 502, 504, 508, 511], "summary": {"covered_lines": 94, "num_statements": 94, "percent_covered": 100.0, "percent_covered_display": "100.00", "missing_lines": 0, "excluded_lines": 35, "num_branches": 16, "num_partial_branches": 0, "covered_branches": 16, "missing_branches": 0}, "missing_lines": [], "excluded_lines": [419, 420, 421, 422, 423, 424, 425, 426, 427, 428, 429, 430, 431, 432, 433, 434, 435, 436, 437, 438, 439, 440, 441, 442, 443, 444, 445, 446, 447, 448, 449, 450, 502, 503, 504], "executed_branches": [[117, 118], [117, 123], [146, 147], [146, 154], [154, 155], [154, 161], [218, -207], [218, 219], [236, 237], [236, 240], [290, 291], [290, 293], [325, 326], [325, 333], [348, 349], [348, 368]], "missing_branches": [], "functions": {"BaseAgent.__init__": {"executed_lines": [117, 118, 123, 124, 125, 126, 127, 128, 131], "summary": {"covered_lines": 9, "num_statements": 9, "percent_covered": 100.0, "percent_covered_display": "100.00", "missing_lines": 0, "excluded_lines": 0, "num_branches": 2, "num_partial_branches": 0, "covered_branches": 2, "missing_branches": 0}, "missing_lines": [], "excluded_lines": [], "executed_branches": [[117, 118], [117, 123]], "missing_branches": []}, "BaseAgent._validate_agent_id": {"executed_lines": [146, 147, 154, 155, 161], "summary": {"covered_lines": 5, "num_statements": 5, "percent_covered": 100.0, "percent_covered_display": "100.00", "missing_lines": 0, "excluded_lines": 0, "num_branches": 4, "num_partial_branches": 0, "covered_branches": 4, "missing_branches": 0}, "missing_lines": [], "excluded_lines": [], "executed_branches": [[146, 147], [146, 154], [154, 155], [154, 161]], "missing_branches": []}, "BaseAgent._initialize": {"executed_lines": [170, 172, 179, 182, 185, 192, 193, 196, 205], "summary": {"covered_lines": 9, "num_statements": 9, "percent_covered": 100.0, "percent_covered_display": "100.00", "missing_lines": 0, "excluded_lines": 0, "num_branches": 0, "num_partial_branches": 0, "covered_branches": 0, "missing_branches": 0}, "missing_lines": [], "excluded_lines": [], "executed_branches": [], "missing_branches": []}, "BaseAgent._validate_configuration": {"executed_lines": [218, 219], "summary": {"covered_lines": 2, "num_statements": 2, "percent_covered": 100.0, "percent_covered_display": "100.00", "missing_lines": 0, "excluded_lines": 0, "num_branches": 2, "num_partial_branches": 0, "covered_branches": 2, "missing_branches": 0}, "missing_lines": [], "excluded_lines": [], "executed_branches": [[218, -207], [218, 219]], "missing_branches": []}, "BaseAgent._merge_config": {"executed_lines": [236, 237, 240, 241, 243], "summary": {"covered_lines": 5, "num_statements": 5, "percent_covered": 100.0, "percent_covered_display": "100.00", "missing_lines": 0, "excluded_lines": 0, "num_branches": 2, "num_partial_branches": 0, "covered_branches": 2, "missing_branches": 0}, "missing_lines": [], "excluded_lines": [], "executed_branches": [[236, 237], [236, 240]], "missing_branches": []}, "BaseAgent._create_output": {"executed_lines": [266], "summary": {"covered_lines": 1, "num_statements": 1, "percent_covered": 100.0, "percent_covered_display": "100.00", "missing_lines": 0, "excluded_lines": 0, "num_branches": 0, "num_partial_branches": 0, "covered_branches": 0, "missing_branches": 0}, "missing_lines": [], "excluded_lines": [], "executed_branches": [], "missing_branches": []}, "BaseAgent._execute_with_timeout": {"executed_lines": [290, 291, 293, 295, 297, 298, 304, 305, 306], "summary": {"covered_lines": 9, "num_statements": 9, "percent_covered": 100.0, "percent_covered_display": "100.00", "missing_lines": 0, "excluded_lines": 0, "num_branches": 2, "num_partial_branches": 0, "covered_branches": 2, "missing_branches": 0}, "missing_lines": [], "excluded_lines": [], "executed_branches": [[290, 291], [290, 293]], "missing_branches": []}, "BaseAgent.process": {"executed_lines": [325, 326, 333, 335, 337, 348, 349, 350, 353, 360, 362, 365, 368, 371, 373, 374, 377, 378, 381, 392, 394, 395, 397, 398, 401, 402, 405, 417], "summary": {"covered_lines": 28, "num_statements": 28, "percent_covered": 100.0, "percent_covered_display": "100.00", "missing_lines": 0, "excluded_lines": 0, "num_branches": 4, "num_partial_branches": 0, "covered_branches": 4, "missing_branches": 0}, "missing_lines": [], "excluded_lines": [], "executed_branches": [[325, 326], [325, 333], [348, 349], [348, 368]], "missing_branches": []}, "BaseAgent.execute": {"executed_lines": [], "summary": {"covered_lines": 0, "num_statements": 0, "percent_covered": 100.0, "percent_covered_display": "100.00", "missing_lines": 0, "excluded_lines": 30, "num_branches": 0, "num_partial_branches": 0, "covered_branches": 0, "missing_branches": 0}, "missing_lines": [], "excluded_lines": [421, 422, 423, 424, 425, 426, 427, 428, 429, 430, 431, 432, 433, 434, 435, 436, 437, 438, 439, 440, 441, 442, 443, 444, 445, 446, 447, 448, 449, 450], "executed_branches": [], "missing_branches": []}, "BaseAgent.get_capabilities": {"executed_lines": [474], "summary": {"covered_lines": 1, "num_statements": 1, "percent_covered": 100.0, "percent_covered_display": "100.00", "missing_lines": 0, "excluded_lines": 0, "num_branches": 0, "num_partial_branches": 0, "covered_branches": 0, "missing_branches": 0}, "missing_lines": [], "excluded_lines": [], "executed_branches": [], "missing_branches": []}, "BaseAgent.get_status": {"executed_lines": [491], "summary": {"covered_lines": 1, "num_statements": 1, "percent_covered": 100.0, "percent_covered_display": "100.00", "missing_lines": 0, "excluded_lines": 0, "num_branches": 0, "num_partial_branches": 0, "covered_branches": 0, "missing_branches": 0}, "missing_lines": [], "excluded_lines": [], "executed_branches": [], "missing_branches": []}, "BaseAgent.__str__": {"executed_lines": [500], "summary": {"covered_lines": 1, "num_statements": 1, "percent_covered": 100.0, "percent_covered_display": "100.00", "missing_lines": 0, "excluded_lines": 0, "num_branches": 0, "num_partial_branches": 0, "covered_branches": 0, "missing_branches": 0}, "missing_lines": [], "excluded_lines": [], "executed_branches": [], "missing_branches": []}, "BaseAgent.__repr__": {"executed_lines": [504], "summary": {"covered_lines": 0, "num_statements": 0, "percent_covered": 100.0, "percent_covered_display": "100.00", "missing_lines": 0, "excluded_lines": 2, "num_branches": 0, "num_partial_branches": 0, "covered_branches": 0, "missing_branches": 0}, "missing_lines": [], "excluded_lines": [503, 504], "executed_branches": [], "missing_branches": []}, "": {"executed_lines": [1, 56, 57, 58, 59, 60, 62, 69, 70, 73, 74, 106, 133, 163, 207, 226, 245, 275, 308, 309, 419, 420, 452, 484, 498, 502, 508, 511], "summary": {"covered_lines": 23, "num_statements": 23, "percent_covered": 100.0, "percent_covered_display": "100.00", "missing_lines": 0, "excluded_lines": 3, "num_branches": 0, "num_partial_branches": 0, "covered_branches": 0, "missing_branches": 0}, "missing_lines": [], "excluded_lines": [419, 420, 502], "executed_branches": [], "missing_branches": []}}, "classes": {"BaseAgent": {"executed_lines": [117, 118, 123, 124, 125, 126, 127, 128, 131, 146, 147, 154, 155, 161, 170, 172, 179, 182, 185, 192, 193, 196, 205, 218, 219, 236, 237, 240, 241, 243, 266, 290, 291, 293, 295, 297, 298, 304, 305, 306, 325, 326, 333, 335, 337, 348, 349, 350, 353, 360, 362, 365, 368, 371, 373, 374, 377, 378, 381, 392, 394, 395, 397, 398, 401, 402, 405, 417, 474, 491, 500, 504], "summary": {"covered_lines": 71, "num_statements": 71, "percent_covered": 100.0, "percent_covered_display": "100.00", "missing_lines": 0, "excluded_lines": 32, "num_branches": 16, "num_partial_branches": 0, "covered_branches": 16, "missing_branches": 0}, "missing_lines": [], "excluded_lines": [421, 422, 423, 424, 425, 426, 427, 428, 429, 430, 431, 432, 433, 434, 435, 436, 437, 438, 439, 440, 441, 442, 443, 444, 445, 446, 447, 448, 449, 450, 503, 504], "executed_branches": [[117, 118], [117, 123], [146, 147], [146, 154], [154, 155], [154, 161], [218, -207], [218, 219], [236, 237], [236, 240], [290, 291], [290, 293], [325, 326], [325, 333], [348, 349], [348, 368]], "missing_branches": []}, "": {"executed_lines": [1, 56, 57, 58, 59, 60, 62, 69, 70, 73, 74, 106, 133, 163, 207, 226, 245, 275, 308, 309, 419, 420, 452, 484, 498, 502, 508, 511], "summary": {"covered_lines": 23, "num_statements": 23, "percent_covered": 100.0, "percent_covered_display": "100.00", "missing_lines": 0, "excluded_lines": 3, "num_branches": 0, "num_partial_branches": 0, "covered_branches": 0, "missing_branches": 0}, "missing_lines": [], "excluded_lines": [419, 420, 502], "executed_branches": [], "missing_branches": []}}}, "src/agents/create_agent.py": {"executed_lines": [1, 36, 39, 40, 51, 65, 66, 67, 69, 83, 85, 99, 101, 115, 117, 158, 159], "summary": {"covered_lines": 15, "num_statements": 15, "percent_covered": 100.0, "percent_covered_display": "100.00", "missing_lines": 0, "excluded_lines": 0, "num_branches": 0, "num_partial_branches": 0, "covered_branches": 0, "missing_branches": 0}, "missing_lines": [], "excluded_lines": [], "executed_branches": [], "missing_branches": [], "functions": {"CreateAgent.__init__": {"executed_lines": [65, 66, 67], "summary": {"covered_lines": 3, "num_statements": 3, "percent_covered": 100.0, "percent_covered_display": "100.00", "missing_lines": 0, "excluded_lines": 0, "num_branches": 0, "num_partial_branches": 0, "covered_branches": 0, "missing_branches": 0}, "missing_lines": [], "excluded_lines": [], "executed_branches": [], "missing_branches": []}, "CreateAgent.get_agent_id": {"executed_lines": [83], "summary": {"covered_lines": 1, "num_statements": 1, "percent_covered": 100.0, "percent_covered_display": "100.00", "missing_lines": 0, "excluded_lines": 0, "num_branches": 0, "num_partial_branches": 0, "covered_branches": 0, "missing_branches": 0}, "missing_lines": [], "excluded_lines": [], "executed_branches": [], "missing_branches": []}, "CreateAgent.get_knowledge_path": {"executed_lines": [99], "summary": {"covered_lines": 1, "num_statements": 1, "percent_covered": 100.0, "percent_covered_display": "100.00", "missing_lines": 0, "excluded_lines": 0, "num_branches": 0, "num_partial_branches": 0, "covered_branches": 0, "missing_branches": 0}, "missing_lines": [], "excluded_lines": [], "executed_branches": [], "missing_branches": []}, "CreateAgent.get_qdrant_collection": {"executed_lines": [115], "summary": {"covered_lines": 1, "num_statements": 1, "percent_covered": 100.0, "percent_covered_display": "100.00", "missing_lines": 0, "excluded_lines": 0, "num_branches": 0, "num_partial_branches": 0, "covered_branches": 0, "missing_branches": 0}, "missing_lines": [], "excluded_lines": [], "executed_branches": [], "missing_branches": []}, "CreateAgent.generate_prompt": {"executed_lines": [158, 159], "summary": {"covered_lines": 2, "num_statements": 2, "percent_covered": 100.0, "percent_covered_display": "100.00", "missing_lines": 0, "excluded_lines": 0, "num_branches": 0, "num_partial_branches": 0, "covered_branches": 0, "missing_branches": 0}, "missing_lines": [], "excluded_lines": [], "executed_branches": [], "missing_branches": []}, "": {"executed_lines": [1, 36, 39, 40, 51, 69, 85, 101, 117], "summary": {"covered_lines": 7, "num_statements": 7, "percent_covered": 100.0, "percent_covered_display": "100.00", "missing_lines": 0, "excluded_lines": 0, "num_branches": 0, "num_partial_branches": 0, "covered_branches": 0, "missing_branches": 0}, "missing_lines": [], "excluded_lines": [], "executed_branches": [], "missing_branches": []}}, "classes": {"CreateAgent": {"executed_lines": [65, 66, 67, 83, 99, 115, 158, 159], "summary": {"covered_lines": 8, "num_statements": 8, "percent_covered": 100.0, "percent_covered_display": "100.00", "missing_lines": 0, "excluded_lines": 0, "num_branches": 0, "num_partial_branches": 0, "covered_branches": 0, "missing_branches": 0}, "missing_lines": [], "excluded_lines": [], "executed_branches": [], "missing_branches": []}, "": {"executed_lines": [1, 36, 39, 40, 51, 69, 85, 101, 117], "summary": {"covered_lines": 7, "num_statements": 7, "percent_covered": 100.0, "percent_covered_display": "100.00", "missing_lines": 0, "excluded_lines": 0, "num_branches": 0, "num_partial_branches": 0, "covered_branches": 0, "missing_branches": 0}, "missing_lines": [], "excluded_lines": [], "executed_branches": [], "missing_branches": []}}}, "src/agents/examples/text_processor_agent.py": {"executed_lines": [1, 55, 56, 58, 59, 60, 61, 64, 65, 66, 108, 120, 121, 122, 123, 126, 127, 128, 130, 132, 134, 141, 144, 145, 153, 154, 162, 163, 164, 171, 172, 173, 180, 194, 196, 199, 202, 203, 212, 213, 214, 215, 216, 217, 220, 221, 222, 224, 233, 234, 235, 238, 248, 255, 257, 258, 265, 267, 278, 280, 281, 289, 290, 298, 308, 309, 310, 313, 326, 327, 328, 330, 336, 347, 350, 353, 355, 357, 368, 369, 370, 371, 372, 373, 374, 375, 377, 384, 386, 397, 414, 432, 434, 435, 436, 439, 440, 441, 442, 443, 444, 446, 447, 449, 458, 470, 471, 472, 474, 475, 476, 479, 481, 483, 495, 496, 499, 500, 503, 505, 507, 517, 520, 521, 522, 523, 524, 525, 526, 529, 530, 531, 532, 535, 536, 538, 540, 547, 563, 570, 571, 581, 585], "summary": {"covered_lines": 141, "num_statements": 141, "percent_covered": 100.0, "percent_covered_display": "100.00", "missing_lines": 0, "excluded_lines": 0, "num_branches": 52, "num_partial_branches": 0, "covered_branches": 52, "missing_branches": 0}, "missing_lines": [], "excluded_lines": [], "executed_branches": [[144, 145], [144, 153], [153, 154], [153, 162], [163, 164], [163, 171], [171, -134], [171, 172], [172, 171], [172, 173], [202, 203], [202, 212], [212, 213], [212, 214], [214, 215], [214, 216], [216, 217], [216, 221], [221, 222], [221, 224], [257, 258], [257, 265], [280, 281], [280, 289], [289, -267], [289, 290], [326, 327], [326, 330], [368, 369], [368, 370], [370, 371], [370, 372], [372, 373], [372, 374], [374, 375], [374, 377], [439, 440], [439, 442], [442, 443], [442, 446], [471, 472], [471, 479], [475, 471], [475, 476], [495, 496], [495, 499], [529, 530], [529, 535], [531, 532], [531, 535], [535, 536], [535, 538]], "missing_branches": [], "functions": {"TextProcessorAgent.__init__": {"executed_lines": [120, 121, 122, 123, 126, 127, 128, 130, 132], "summary": {"covered_lines": 9, "num_statements": 9, "percent_covered": 100.0, "percent_covered_display": "100.00", "missing_lines": 0, "excluded_lines": 0, "num_branches": 0, "num_partial_branches": 0, "covered_branches": 0, "missing_branches": 0}, "missing_lines": [], "excluded_lines": [], "executed_branches": [], "missing_branches": []}, "TextProcessorAgent._validate_configuration": {"executed_lines": [141, 144, 145, 153, 154, 162, 163, 164, 171, 172, 173], "summary": {"covered_lines": 11, "num_statements": 11, "percent_covered": 100.0, "percent_covered_display": "100.00", "missing_lines": 0, "excluded_lines": 0, "num_branches": 10, "num_partial_branches": 0, "covered_branches": 10, "missing_branches": 0}, "missing_lines": [], "excluded_lines": [], "executed_branches": [[144, 145], [144, 153], [153, 154], [153, 162], [163, 164], [163, 171], [171, -134], [171, 172], [172, 171], [172, 173]], "missing_branches": []}, "TextProcessorAgent.execute": {"executed_lines": [194, 196, 199, 202, 203, 212, 213, 214, 215, 216, 217, 220, 221, 222, 224, 233, 234, 235, 238, 248, 255, 257, 258, 265], "summary": {"covered_lines": 24, "num_statements": 24, "percent_covered": 100.0, "percent_covered_display": "100.00", "missing_lines": 0, "excluded_lines": 0, "num_branches": 12, "num_partial_branches": 0, "covered_branches": 12, "missing_branches": 0}, "missing_lines": [], "excluded_lines": [], "executed_branches": [[202, 203], [202, 212], [212, 213], [212, 214], [214, 215], [214, 216], [216, 217], [216, 221], [221, 222], [221, 224], [257, 258], [257, 265]], "missing_branches": []}, "TextProcessorAgent._validate_input": {"executed_lines": [278, 280, 281, 289, 290], "summary": {"covered_lines": 5, "num_statements": 5, "percent_covered": 100.0, "percent_covered_display": "100.00", "missing_lines": 0, "excluded_lines": 0, "num_branches": 4, "num_partial_branches": 0, "covered_branches": 4, "missing_branches": 0}, "missing_lines": [], "excluded_lines": [], "executed_branches": [[280, 281], [280, 289], [289, -267], [289, 290]], "missing_branches": []}, "TextProcessorAgent._analyze_text": {"executed_lines": [308, 309, 310, 313, 326, 327, 328, 330], "summary": {"covered_lines": 8, "num_statements": 8, "percent_covered": 100.0, "percent_covered_display": "100.00", "missing_lines": 0, "excluded_lines": 0, "num_branches": 2, "num_partial_branches": 0, "covered_branches": 2, "missing_branches": 0}, "missing_lines": [], "excluded_lines": [], "executed_branches": [[326, 327], [326, 330]], "missing_branches": []}, "TextProcessorAgent._clean_text": {"executed_lines": [347, 350, 353, 355], "summary": {"covered_lines": 4, "num_statements": 4, "percent_covered": 100.0, "percent_covered_display": "100.00", "missing_lines": 0, "excluded_lines": 0, "num_branches": 0, "num_partial_branches": 0, "covered_branches": 0, "missing_branches": 0}, "missing_lines": [], "excluded_lines": [], "executed_branches": [], "missing_branches": []}, "TextProcessorAgent._transform_text": {"executed_lines": [368, 369, 370, 371, 372, 373, 374, 375, 377, 384], "summary": {"covered_lines": 10, "num_statements": 10, "percent_covered": 100.0, "percent_covered_display": "100.00", "missing_lines": 0, "excluded_lines": 0, "num_branches": 8, "num_partial_branches": 0, "covered_branches": 8, "missing_branches": 0}, "missing_lines": [], "excluded_lines": [], "executed_branches": [[368, 369], [368, 370], [370, 371], [370, 372], [372, 373], [372, 374], [374, 375], [374, 377]], "missing_branches": []}, "TextProcessorAgent._analyze_sentiment": {"executed_lines": [397, 414, 432, 434, 435, 436, 439, 440, 441, 442, 443, 444, 446, 447, 449], "summary": {"covered_lines": 15, "num_statements": 15, "percent_covered": 100.0, "percent_covered_display": "100.00", "missing_lines": 0, "excluded_lines": 0, "num_branches": 4, "num_partial_branches": 0, "covered_branches": 4, "missing_branches": 0}, "missing_lines": [], "excluded_lines": [], "executed_branches": [[439, 440], [439, 442], [442, 443], [442, 446]], "missing_branches": []}, "TextProcessorAgent._get_most_common_words": {"executed_lines": [470, 471, 472, 474, 475, 476, 479, 481], "summary": {"covered_lines": 8, "num_statements": 8, "percent_covered": 100.0, "percent_covered_display": "100.00", "missing_lines": 0, "excluded_lines": 0, "num_branches": 4, "num_partial_branches": 0, "covered_branches": 4, "missing_branches": 0}, "missing_lines": [], "excluded_lines": [], "executed_branches": [[471, 472], [471, 479], [475, 471], [475, 476]], "missing_branches": []}, "TextProcessorAgent._calculate_readability": {"executed_lines": [495, 496, 499, 500, 503, 505], "summary": {"covered_lines": 6, "num_statements": 6, "percent_covered": 100.0, "percent_covered_display": "100.00", "missing_lines": 0, "excluded_lines": 0, "num_branches": 2, "num_partial_branches": 0, "covered_branches": 2, "missing_branches": 0}, "missing_lines": [], "excluded_lines": [], "executed_branches": [[495, 496], [495, 499]], "missing_branches": []}, "TextProcessorAgent._format_analysis": {"executed_lines": [517, 520, 521, 522, 523, 524, 525, 526, 529, 530, 531, 532, 535, 536, 538], "summary": {"covered_lines": 15, "num_statements": 15, "percent_covered": 100.0, "percent_covered_display": "100.00", "missing_lines": 0, "excluded_lines": 0, "num_branches": 6, "num_partial_branches": 0, "covered_branches": 6, "missing_branches": 0}, "missing_lines": [], "excluded_lines": [], "executed_branches": [[529, 530], [529, 535], [531, 532], [531, 535], [535, 536], [535, 538]], "missing_branches": []}, "TextProcessorAgent.get_capabilities": {"executed_lines": [547], "summary": {"covered_lines": 1, "num_statements": 1, "percent_covered": 100.0, "percent_covered_display": "100.00", "missing_lines": 0, "excluded_lines": 0, "num_branches": 0, "num_partial_branches": 0, "covered_branches": 0, "missing_branches": 0}, "missing_lines": [], "excluded_lines": [], "executed_branches": [], "missing_branches": []}, "TextProcessorAgent.get_status": {"executed_lines": [570, 571, 581], "summary": {"covered_lines": 3, "num_statements": 3, "percent_covered": 100.0, "percent_covered_display": "100.00", "missing_lines": 0, "excluded_lines": 0, "num_branches": 0, "num_partial_branches": 0, "covered_branches": 0, "missing_branches": 0}, "missing_lines": [], "excluded_lines": [], "executed_branches": [], "missing_branches": []}, "": {"executed_lines": [1, 55, 56, 58, 59, 60, 61, 64, 65, 66, 108, 134, 180, 267, 298, 336, 357, 386, 458, 483, 507, 540, 563, 585], "summary": {"covered_lines": 22, "num_statements": 22, "percent_covered": 100.0, "percent_covered_display": "100.00", "missing_lines": 0, "excluded_lines": 0, "num_branches": 0, "num_partial_branches": 0, "covered_branches": 0, "missing_branches": 0}, "missing_lines": [], "excluded_lines": [], "executed_branches": [], "missing_branches": []}}, "classes": {"TextProcessorAgent": {"executed_lines": [120, 121, 122, 123, 126, 127, 128, 130, 132, 141, 144, 145, 153, 154, 162, 163, 164, 171, 172, 173, 194, 196, 199, 202, 203, 212, 213, 214, 215, 216, 217, 220, 221, 222, 224, 233, 234, 235, 238, 248, 255, 257, 258, 265, 278, 280, 281, 289, 290, 308, 309, 310, 313, 326, 327, 328, 330, 347, 350, 353, 355, 368, 369, 370, 371, 372, 373, 374, 375, 377, 384, 397, 414, 432, 434, 435, 436, 439, 440, 441, 442, 443, 444, 446, 447, 449, 470, 471, 472, 474, 475, 476, 479, 481, 495, 496, 499, 500, 503, 505, 517, 520, 521, 522, 523, 524, 525, 526, 529, 530, 531, 532, 535, 536, 538, 547, 570, 571, 581], "summary": {"covered_lines": 119, "num_statements": 119, "percent_covered": 100.0, "percent_covered_display": "100.00", "missing_lines": 0, "excluded_lines": 0, "num_branches": 52, "num_partial_branches": 0, "covered_branches": 52, "missing_branches": 0}, "missing_lines": [], "excluded_lines": [], "executed_branches": [[144, 145], [144, 153], [153, 154], [153, 162], [163, 164], [163, 171], [171, -134], [171, 172], [172, 171], [172, 173], [202, 203], [202, 212], [212, 213], [212, 214], [214, 215], [214, 216], [216, 217], [216, 221], [221, 222], [221, 224], [257, 258], [257, 265], [280, 281], [280, 289], [289, -267], [289, 290], [326, 327], [326, 330], [368, 369], [368, 370], [370, 371], [370, 372], [372, 373], [372, 374], [374, 375], [374, 377], [439, 440], [439, 442], [442, 443], [442, 446], [471, 472], [471, 479], [475, 471], [475, 476], [495, 496], [495, 499], [529, 530], [529, 535], [531, 532], [531, 535], [535, 536], [535, 538]], "missing_branches": []}, "": {"executed_lines": [1, 55, 56, 58, 59, 60, 61, 64, 65, 66, 108, 134, 180, 267, 298, 336, 357, 386, 458, 483, 507, 540, 563, 585], "summary": {"covered_lines": 22, "num_statements": 22, "percent_covered": 100.0, "percent_covered_display": "100.00", "missing_lines": 0, "excluded_lines": 0, "num_branches": 0, "num_partial_branches": 0, "covered_branches": 0, "missing_branches": 0}, "missing_lines": [], "excluded_lines": [], "executed_branches": [], "missing_branches": []}}}, "src/agents/exceptions.py": {"executed_lines": [1, 47, 48, 51, 52, 78, 96, 97, 98, 99, 100, 101, 104, 105, 116, 118, 120, 121, 123, 124, 126, 127, 129, 131, 133, 143, 144, 169, 178, 181, 182, 208, 217, 220, 221, 246, 255, 258, 259, 286, 295, 298, 299, 318, 336, 337, 338, 339, 340, 342, 350, 351, 353, 355, 356, 358, 362, 393, 401, 404, 405, 406, 407, 410, 411, 417, 426, 455, 456, 459, 460, 467, 468, 469, 470, 477, 487], "summary": {"covered_lines": 70, "num_statements": 70, "percent_covered": 100.0, "percent_covered_display": "100.00", "missing_lines": 0, "excluded_lines": 0, "num_branches": 20, "num_partial_branches": 0, "covered_branches": 20, "missing_branches": 0}, "missing_lines": [], "excluded_lines": [], "executed_branches": [[120, 121], [120, 123], [123, 124], [123, 126], [126, 127], [126, 129], [337, 338], [337, 339], [339, 340], [339, 342], [410, 411], [410, 417], [455, 456], [455, 459], [459, 460], [459, 467], [467, 468], [467, 469], [469, 470], [469, 477]], "missing_branches": [], "functions": {"AgentError.__init__": {"executed_lines": [96, 97, 98, 99, 100, 101, 104, 105], "summary": {"covered_lines": 8, "num_statements": 8, "percent_covered": 100.0, "percent_covered_display": "100.00", "missing_lines": 0, "excluded_lines": 0, "num_branches": 0, "num_partial_branches": 0, "covered_branches": 0, "missing_branches": 0}, "missing_lines": [], "excluded_lines": [], "executed_branches": [], "missing_branches": []}, "AgentError.__str__": {"executed_lines": [118, 120, 121, 123, 124, 126, 127, 129], "summary": {"covered_lines": 8, "num_statements": 8, "percent_covered": 100.0, "percent_covered_display": "100.00", "missing_lines": 0, "excluded_lines": 0, "num_branches": 6, "num_partial_branches": 0, "covered_branches": 6, "missing_branches": 0}, "missing_lines": [], "excluded_lines": [], "executed_branches": [[120, 121], [120, 123], [123, 124], [123, 126], [126, 127], [126, 129]], "missing_branches": []}, "AgentError.to_dict": {"executed_lines": [133], "summary": {"covered_lines": 1, "num_statements": 1, "percent_covered": 100.0, "percent_covered_display": "100.00", "missing_lines": 0, "excluded_lines": 0, "num_branches": 0, "num_partial_branches": 0, "covered_branches": 0, "missing_branches": 0}, "missing_lines": [], "excluded_lines": [], "executed_branches": [], "missing_branches": []}, "AgentConfigurationError.__init__": {"executed_lines": [178], "summary": {"covered_lines": 1, "num_statements": 1, "percent_covered": 100.0, "percent_covered_display": "100.00", "missing_lines": 0, "excluded_lines": 0, "num_branches": 0, "num_partial_branches": 0, "covered_branches": 0, "missing_branches": 0}, "missing_lines": [], "excluded_lines": [], "executed_branches": [], "missing_branches": []}, "AgentExecutionError.__init__": {"executed_lines": [217], "summary": {"covered_lines": 1, "num_statements": 1, "percent_covered": 100.0, "percent_covered_display": "100.00", "missing_lines": 0, "excluded_lines": 0, "num_branches": 0, "num_partial_branches": 0, "covered_branches": 0, "missing_branches": 0}, "missing_lines": [], "excluded_lines": [], "executed_branches": [], "missing_branches": []}, "AgentRegistrationError.__init__": {"executed_lines": [255], "summary": {"covered_lines": 1, "num_statements": 1, "percent_covered": 100.0, "percent_covered_display": "100.00", "missing_lines": 0, "excluded_lines": 0, "num_branches": 0, "num_partial_branches": 0, "covered_branches": 0, "missing_branches": 0}, "missing_lines": [], "excluded_lines": [], "executed_branches": [], "missing_branches": []}, "AgentValidationError.__init__": {"executed_lines": [295], "summary": {"covered_lines": 1, "num_statements": 1, "percent_covered": 100.0, "percent_covered_display": "100.00", "missing_lines": 0, "excluded_lines": 0, "num_branches": 0, "num_partial_branches": 0, "covered_branches": 0, "missing_branches": 0}, "missing_lines": [], "excluded_lines": [], "executed_branches": [], "missing_branches": []}, "AgentTimeoutError.__init__": {"executed_lines": [336, 337, 338, 339, 340, 342], "summary": {"covered_lines": 6, "num_statements": 6, "percent_covered": 100.0, "percent_covered_display": "100.00", "missing_lines": 0, "excluded_lines": 0, "num_branches": 4, "num_partial_branches": 0, "covered_branches": 4, "missing_branches": 0}, "missing_lines": [], "excluded_lines": [], "executed_branches": [[337, 338], [337, 339], [339, 340], [339, 342]], "missing_branches": []}, "AgentTimeoutError.timeout": {"executed_lines": [353], "summary": {"covered_lines": 1, "num_statements": 1, "percent_covered": 100.0, "percent_covered_display": "100.00", "missing_lines": 0, "excluded_lines": 0, "num_branches": 0, "num_partial_branches": 0, "covered_branches": 0, "missing_branches": 0}, "missing_lines": [], "excluded_lines": [], "executed_branches": [], "missing_branches": []}, "AgentTimeoutError.processing_time": {"executed_lines": [358], "summary": {"covered_lines": 1, "num_statements": 1, "percent_covered": 100.0, "percent_covered_display": "100.00", "missing_lines": 0, "excluded_lines": 0, "num_branches": 0, "num_partial_branches": 0, "covered_branches": 0, "missing_branches": 0}, "missing_lines": [], "excluded_lines": [], "executed_branches": [], "missing_branches": []}, "create_agent_error": {"executed_lines": [393, 401, 404, 405, 406, 407, 410, 411, 417], "summary": {"covered_lines": 9, "num_statements": 9, "percent_covered": 100.0, "percent_covered_display": "100.00", "missing_lines": 0, "excluded_lines": 0, "num_branches": 2, "num_partial_branches": 0, "covered_branches": 2, "missing_branches": 0}, "missing_lines": [], "excluded_lines": [], "executed_branches": [[410, 411], [410, 417]], "missing_branches": []}, "handle_agent_error": {"executed_lines": [455, 456, 459, 460, 467, 468, 469, 470, 477], "summary": {"covered_lines": 9, "num_statements": 9, "percent_covered": 100.0, "percent_covered_display": "100.00", "missing_lines": 0, "excluded_lines": 0, "num_branches": 8, "num_partial_branches": 0, "covered_branches": 8, "missing_branches": 0}, "missing_lines": [], "excluded_lines": [], "executed_branches": [[455, 456], [455, 459], [459, 460], [459, 467], [467, 468], [467, 469], [469, 470], [469, 477]], "missing_branches": []}, "": {"executed_lines": [1, 47, 48, 51, 52, 78, 116, 131, 143, 144, 169, 181, 182, 208, 220, 221, 246, 258, 259, 286, 298, 299, 318, 350, 351, 355, 356, 362, 426, 487], "summary": {"covered_lines": 23, "num_statements": 23, "percent_covered": 100.0, "percent_covered_display": "100.00", "missing_lines": 0, "excluded_lines": 0, "num_branches": 0, "num_partial_branches": 0, "covered_branches": 0, "missing_branches": 0}, "missing_lines": [], "excluded_lines": [], "executed_branches": [], "missing_branches": []}}, "classes": {"AgentError": {"executed_lines": [96, 97, 98, 99, 100, 101, 104, 105, 118, 120, 121, 123, 124, 126, 127, 129, 133], "summary": {"covered_lines": 17, "num_statements": 17, "percent_covered": 100.0, "percent_covered_display": "100.00", "missing_lines": 0, "excluded_lines": 0, "num_branches": 6, "num_partial_branches": 0, "covered_branches": 6, "missing_branches": 0}, "missing_lines": [], "excluded_lines": [], "executed_branches": [[120, 121], [120, 123], [123, 124], [123, 126], [126, 127], [126, 129]], "missing_branches": []}, "AgentConfigurationError": {"executed_lines": [178], "summary": {"covered_lines": 1, "num_statements": 1, "percent_covered": 100.0, "percent_covered_display": "100.00", "missing_lines": 0, "excluded_lines": 0, "num_branches": 0, "num_partial_branches": 0, "covered_branches": 0, "missing_branches": 0}, "missing_lines": [], "excluded_lines": [], "executed_branches": [], "missing_branches": []}, "AgentExecutionError": {"executed_lines": [217], "summary": {"covered_lines": 1, "num_statements": 1, "percent_covered": 100.0, "percent_covered_display": "100.00", "missing_lines": 0, "excluded_lines": 0, "num_branches": 0, "num_partial_branches": 0, "covered_branches": 0, "missing_branches": 0}, "missing_lines": [], "excluded_lines": [], "executed_branches": [], "missing_branches": []}, "AgentRegistrationError": {"executed_lines": [255], "summary": {"covered_lines": 1, "num_statements": 1, "percent_covered": 100.0, "percent_covered_display": "100.00", "missing_lines": 0, "excluded_lines": 0, "num_branches": 0, "num_partial_branches": 0, "covered_branches": 0, "missing_branches": 0}, "missing_lines": [], "excluded_lines": [], "executed_branches": [], "missing_branches": []}, "AgentValidationError": {"executed_lines": [295], "summary": {"covered_lines": 1, "num_statements": 1, "percent_covered": 100.0, "percent_covered_display": "100.00", "missing_lines": 0, "excluded_lines": 0, "num_branches": 0, "num_partial_branches": 0, "covered_branches": 0, "missing_branches": 0}, "missing_lines": [], "excluded_lines": [], "executed_branches": [], "missing_branches": []}, "AgentTimeoutError": {"executed_lines": [336, 337, 338, 339, 340, 342, 353, 358], "summary": {"covered_lines": 8, "num_statements": 8, "percent_covered": 100.0, "percent_covered_display": "100.00", "missing_lines": 0, "excluded_lines": 0, "num_branches": 4, "num_partial_branches": 0, "covered_branches": 4, "missing_branches": 0}, "missing_lines": [], "excluded_lines": [], "executed_branches": [[337, 338], [337, 339], [339, 340], [339, 342]], "missing_branches": []}, "": {"executed_lines": [1, 47, 48, 51, 52, 78, 116, 131, 143, 144, 169, 181, 182, 208, 220, 221, 246, 258, 259, 286, 298, 299, 318, 350, 351, 355, 356, 362, 393, 401, 404, 405, 406, 407, 410, 411, 417, 426, 455, 456, 459, 460, 467, 468, 469, 470, 477, 487], "summary": {"covered_lines": 41, "num_statements": 41, "percent_covered": 100.0, "percent_covered_display": "100.00", "missing_lines": 0, "excluded_lines": 0, "num_branches": 10, "num_partial_branches": 0, "covered_branches": 10, "missing_branches": 0}, "missing_lines": [], "excluded_lines": [], "executed_branches": [[410, 411], [410, 417], [455, 456], [455, 459], [459, 460], [459, 467], [467, 468], [467, 469], [469, 470], [469, 477]], "missing_branches": []}}}, "src/agents/models.py": {"executed_lines": [1, 52, 53, 54, 56, 59, 60, 91, 93, 95, 100, 102, 104, 105, 106, 108, 109, 110, 112, 113, 114, 116, 117, 118, 120, 121, 122, 123, 125, 126, 127, 129, 130, 131, 133, 134, 135, 136, 138, 139, 140, 142, 143, 146, 147, 148, 149, 150, 152, 154, 167, 168, 200, 202, 204, 206, 208, 210, 212, 214, 215, 216, 218, 219, 220, 222, 223, 224, 226, 227, 230, 231, 232, 234, 236, 237, 238, 240, 241, 244, 247, 248, 250, 252, 253, 254, 256, 257, 260, 261, 262, 269, 271, 273, 293, 294, 323, 325, 327, 329, 331, 333, 334, 335, 337, 338, 341, 344, 345, 347, 349, 350, 351, 353, 354, 355, 357, 358, 359, 361, 362, 363, 365, 381, 382, 383, 386], "summary": {"covered_lines": 123, "num_statements": 123, "percent_covered": 99.40119760479043, "percent_covered_display": "99.40", "missing_lines": 0, "excluded_lines": 0, "num_branches": 44, "num_partial_branches": 1, "covered_branches": 43, "missing_branches": 1}, "missing_lines": [], "excluded_lines": [], "executed_branches": [[108, 109], [108, 110], [116, 117], [116, 123], [117, 118], [117, 120], [120, 121], [120, 123], [121, 120], [121, 122], [129, 130], [130, 131], [130, 133], [133, 134], [133, 136], [134, 133], [134, 135], [146, 147], [146, 152], [149, 150], [149, 152], [218, 219], [218, 220], [226, 227], [226, 230], [230, 231], [230, 234], [231, 230], [231, 232], [240, 241], [240, 244], [247, 248], [247, 250], [262, 269], [262, 271], [337, 338], [337, 341], [344, 345], [344, 347], [353, 354], [353, 355], [361, 362], [361, 363]], "missing_branches": [[129, 136]], "functions": {"AgentInput.validate_content": {"executed_lines": [108, 109, 110], "summary": {"covered_lines": 3, "num_statements": 3, "percent_covered": 100.0, "percent_covered_display": "100.00", "missing_lines": 0, "excluded_lines": 0, "num_branches": 2, "num_partial_branches": 0, "covered_branches": 2, "missing_branches": 0}, "missing_lines": [], "excluded_lines": [], "executed_branches": [[108, 109], [108, 110]], "missing_branches": []}, "AgentInput.validate_context": {"executed_lines": [116, 117, 118, 120, 121, 122, 123], "summary": {"covered_lines": 7, "num_statements": 7, "percent_covered": 100.0, "percent_covered_display": "100.00", "missing_lines": 0, "excluded_lines": 0, "num_branches": 8, "num_partial_branches": 0, "covered_branches": 8, "missing_branches": 0}, "missing_lines": [], "excluded_lines": [], "executed_branches": [[116, 117], [116, 123], [117, 118], [117, 120], [120, 121], [120, 123], [121, 120], [121, 122]], "missing_branches": []}, "AgentInput.validate_config_overrides": {"executed_lines": [129, 130, 131, 133, 134, 135, 136], "summary": {"covered_lines": 7, "num_statements": 7, "percent_covered": 93.33333333333333, "percent_covered_display": "93.33", "missing_lines": 0, "excluded_lines": 0, "num_branches": 8, "num_partial_branches": 1, "covered_branches": 7, "missing_branches": 1}, "missing_lines": [], "excluded_lines": [], "executed_branches": [[129, 130], [130, 131], [130, 133], [133, 134], [133, 136], [134, 133], [134, 135]], "missing_branches": [[129, 136]]}, "AgentInput.validate_model": {"executed_lines": [142, 143, 146, 147, 148, 149, 150, 152], "summary": {"covered_lines": 8, "num_statements": 8, "percent_covered": 100.0, "percent_covered_display": "100.00", "missing_lines": 0, "excluded_lines": 0, "num_branches": 4, "num_partial_branches": 0, "covered_branches": 4, "missing_branches": 0}, "missing_lines": [], "excluded_lines": [], "executed_branches": [[146, 147], [146, 152], [149, 150], [149, 152]], "missing_branches": []}, "AgentOutput.validate_content": {"executed_lines": [218, 219, 220], "summary": {"covered_lines": 3, "num_statements": 3, "percent_covered": 100.0, "percent_covered_display": "100.00", "missing_lines": 0, "excluded_lines": 0, "num_branches": 2, "num_partial_branches": 0, "covered_branches": 2, "missing_branches": 0}, "missing_lines": [], "excluded_lines": [], "executed_branches": [[218, 219], [218, 220]], "missing_branches": []}, "AgentOutput.validate_metadata": {"executed_lines": [226, 227, 230, 231, 232, 234], "summary": {"covered_lines": 6, "num_statements": 6, "percent_covered": 100.0, "percent_covered_display": "100.00", "missing_lines": 0, "excluded_lines": 0, "num_branches": 6, "num_partial_branches": 0, "covered_branches": 6, "missing_branches": 0}, "missing_lines": [], "excluded_lines": [], "executed_branches": [[226, 227], [226, 230], [230, 231], [230, 234], [231, 230], [231, 232]], "missing_branches": []}, "AgentOutput.validate_agent_id": {"executed_lines": [240, 241, 244, 247, 248, 250], "summary": {"covered_lines": 6, "num_statements": 6, "percent_covered": 100.0, "percent_covered_display": "100.00", "missing_lines": 0, "excluded_lines": 0, "num_branches": 4, "num_partial_branches": 0, "covered_branches": 4, "missing_branches": 0}, "missing_lines": [], "excluded_lines": [], "executed_branches": [[240, 241], [240, 244], [247, 248], [247, 250]], "missing_branches": []}, "AgentOutput.validate_model": {"executed_lines": [256, 257, 260, 261, 262, 269, 271], "summary": {"covered_lines": 7, "num_statements": 7, "percent_covered": 100.0, "percent_covered_display": "100.00", "missing_lines": 0, "excluded_lines": 0, "num_branches": 2, "num_partial_branches": 0, "covered_branches": 2, "missing_branches": 0}, "missing_lines": [], "excluded_lines": [], "executed_branches": [[262, 269], [262, 271]], "missing_branches": []}, "AgentConfig.validate_agent_id": {"executed_lines": [337, 338, 341, 344, 345, 347], "summary": {"covered_lines": 6, "num_statements": 6, "percent_covered": 100.0, "percent_covered_display": "100.00", "missing_lines": 0, "excluded_lines": 0, "num_branches": 4, "num_partial_branches": 0, "covered_branches": 4, "missing_branches
[...]
00.00", "missing_lines": 0, "excluded_lines": 0, "num_branches": 8, "num_partial_branches": 0, "covered_branches": 8, "missing_branches": 0}, "missing_lines": [], "excluded_lines": [], "executed_branches": [[117, 118], [117, 119], [119, 120], [119, 121], [121, 122], [121, 123], [123, -115], [123, 124]], "missing_branches": []}, "CompositeResilienceHandler": {"executed_lines": [141, 142, 165, 167, 168, 169, 171, 203, 204, 205, 207, 215, 216, 218, 219, 220, 221, 224, 227, 228], "summary": {"covered_lines": 20, "num_statements": 31, "percent_covered": 64.1025641025641, "percent_covered_display": "64.10", "missing_lines": 11, "excluded_lines": 0, "num_branches": 8, "num_partial_branches": 1, "covered_branches": 5, "missing_branches": 3}, "missing_lines": [173, 174, 176, 177, 178, 179, 180, 181, 182, 186, 225], "excluded_lines": [], "executed_branches": [[168, 169], [168, 171], [218, 219], [218, 227], [224, 218]], "missing_branches": [[176, 177], [176, 186], [224, 225]]}, "": {"executed_lines": [1, 8, 9, 10, 11, 12, 13, 14, 16, 19, 20, 22, 23, 43, 44, 55, 56, 64, 65, 68, 69, 72, 73, 76, 77, 79, 80, 81, 84, 85, 86, 88, 89, 90, 92, 102, 103, 104, 106, 107, 108, 109, 110, 111, 115, 127, 128, 130, 144, 188, 209, 231], "summary": {"covered_lines": 37, "num_statements": 44, "percent_covered": 84.0909090909091, "percent_covered_display": "84.09", "missing_lines": 7, "excluded_lines": 11, "num_branches": 0, "num_partial_branches": 0, "covered_branches": 0, "missing_branches": 0}, "missing_lines": [245, 248, 250, 251, 252, 259, 261], "excluded_lines": [22, 23, 24, 25, 26, 27, 28, 43, 44, 55, 56], "executed_branches": [], "missing_branches": []}}}, "src/utils/secure_random.py": {"executed_lines": [1, 8, 9, 10, 12, 15, 16, 28, 30, 32, 38, 40, 53, 55, 57, 70, 72, 74, 86, 88, 90, 103, 104, 105, 107, 113, 115, 127, 129, 131, 143, 145, 147, 160, 163, 167, 168, 169, 171, 173, 192, 194, 196, 200, 203, 204, 207, 211, 214, 220, 224, 234, 237, 247, 250, 259], "summary": {"covered_lines": 54, "num_statements": 64, "percent_covered": 76.74418604651163, "percent_covered_display": "76.74", "missing_lines": 10, "excluded_lines": 0, "num_branches": 22, "num_partial_branches": 10, "covered_branches": 12, "missing_branches": 10}, "missing_lines": [54, 71, 87, 128, 144, 161, 164, 193, 195, 197], "excluded_lines": [], "executed_branches": [[53, 55], [70, 72], [86, 88], [103, 104], [103, 105], [127, 129], [143, 145], [160, 163], [163, 167], [192, 194], [194, 196], [196, 200]], "missing_branches": [[53, 54], [70, 71], [86, 87], [127, 128], [143, 144], [160, 161], [163, 164], [192, 193], [194, 195], [196, 197]], "functions": {"SecureRandom.__init__": {"executed_lines": [30], "summary": {"covered_lines": 1, "num_statements": 1, "percent_covered": 100.0, "percent_covered_display": "100.00", "missing_lines": 0, "excluded_lines": 0, "num_branches": 0, "num_partial_branches": 0, "covered_branches": 0, "missing_branches": 0}, "missing_lines": [], "excluded_lines": [], "executed_branches": [], "missing_branches": []}, "SecureRandom.random": {"executed_lines": [38], "summary": {"covered_lines": 1, "num_statements": 1, "percent_covered": 100.0, "percent_covered_display": "100.00", "missing_lines": 0, "excluded_lines": 0, "num_branches": 0, "num_partial_branches": 0, "covered_branches": 0, "missing_branches": 0}, "missing_lines": [], "excluded_lines": [], "executed_branches": [], "missing_branches": []}, "SecureRandom.uniform": {"executed_lines": [53, 55], "summary": {"covered_lines": 2, "num_statements": 3, "percent_covered": 60.0, "percent_covered_display": "60.00", "missing_lines": 1, "excluded_lines": 0, "num_branches": 2, "num_partial_branches": 1, "covered_branches": 1, "missing_branches": 1}, "missing_lines": [54], "excluded_lines": [], "executed_branches": [[53, 55]], "missing_branches": [[53, 54]]}, "SecureRandom.randint": {"executed_lines": [70, 72], "summary": {"covered_lines": 2, "num_statements": 3, "percent_covered": 60.0, "percent_covered_display": "60.00", "missing_lines": 1, "excluded_lines": 0, "num_branches": 2, "num_partial_branches": 1, "covered_branches": 1, "missing_branches": 1}, "missing_lines": [71], "excluded_lines": [], "executed_branches": [[70, 72]], "missing_branches": [[70, 71]]}, "SecureRandom.choice": {"executed_lines": [86, 88], "summary": {"covered_lines": 2, "num_statements": 3, "percent_covered": 60.0, "percent_covered_display": "60.00", "missing_lines": 1, "excluded_lines": 0, "num_branches": 2, "num_partial_branches": 1, "covered_branches": 1, "missing_branches": 1}, "missing_lines": [87], "excluded_lines": [], "executed_branches": [[86, 88]], "missing_branches": [[86, 87]]}, "SecureRandom.sample": {"executed_lines": [103, 104, 105], "summary": {"covered_lines": 3, "num_statements": 3, "percent_covered": 100.0, "percent_covered_display": "100.00", "missing_lines": 0, "excluded_lines": 0, "num_branches": 2, "num_partial_branches": 0, "covered_branches": 2, "missing_branches": 0}, "missing_lines": [], "excluded_lines": [], "executed_branches": [[103, 104], [103, 105]], "missing_branches": []}, "SecureRandom.shuffle": {"executed_lines": [113], "summary": {"covered_lines": 1, "num_statements": 1, "percent_covered": 100.0, "percent_covered_display": "100.00", "missing_lines": 0, "excluded_lines": 0, "num_branches": 0, "num_partial_branches": 0, "covered_branches": 0, "missing_branches": 0}, "missing_lines": [], "excluded_lines": [], "executed_branches": [], "missing_branches": []}, "SecureRandom.bytes": {"executed_lines": [127, 129], "summary": {"covered_lines": 2, "num_statements": 3, "percent_covered": 60.0, "percent_covered_display": "60.00", "missing_lines": 1, "excluded_lines": 0, "num_branches": 2, "num_partial_branches": 1, "covered_branches": 1, "missing_branches": 1}, "missing_lines": [128], "excluded_lines": [], "executed_branches": [[127, 129]], "missing_branches": [[127, 128]]}, "SecureRandom.hex": {"executed_lines": [143, 145], "summary": {"covered_lines": 2, "num_statements": 3, "percent_covered": 60.0, "percent_covered_display": "60.00", "missing_lines": 1, "excluded_lines": 0, "num_branches": 2, "num_partial_branches": 1, "covered_branches": 1, "missing_branches": 1}, "missing_lines": [144], "excluded_lines": [], "executed_branches": [[143, 145]], "missing_branches": [[143, 144]]}, "SecureRandom.jitter": {"executed_lines": [160, 163, 167, 168, 169, 171], "summary": {"covered_lines": 6, "num_statements": 8, "percent_covered": 66.66666666666667, "percent_covered_display": "66.67", "missing_lines": 2, "excluded_lines": 0, "num_branches": 4, "num_partial_branches": 2, "covered_branches": 2, "missing_branches": 2}, "missing_lines": [161, 164], "excluded_lines": [], "executed_branches": [[160, 163], [163, 167]], "missing_branches": [[160, 161], [163, 164]]}, "SecureRandom.exponential_backoff_jitter": {"executed_lines": [192, 194, 196, 200, 203, 204, 207], "summary": {"covered_lines": 7, "num_statements": 10, "percent_covered": 62.5, "percent_covered_display": "62.50", "missing_lines": 3, "excluded_lines": 0, "num_branches": 6, "num_partial_branches": 3, "covered_branches": 3, "missing_branches": 3}, "missing_lines": [193, 195, 197], "excluded_lines": [], "executed_branches": [[192, 194], [194, 196], [196, 200]], "missing_branches": [[192, 193], [194, 195], [196, 197]]}, "get_secure_random": {"executed_lines": [220], "summary": {"covered_lines": 1, "num_statements": 1, "percent_covered": 100.0, "percent_covered_display": "100.00", "missing_lines": 0, "excluded_lines": 0, "num_branches": 0, "num_partial_branches": 0, "covered_branches": 0, "missing_branches": 0}, "missing_lines": [], "excluded_lines": [], "executed_branches": [], "missing_branches": []}, "secure_jitter": {"executed_lines": [234], "summary": {"covered_lines": 1, "num_statements": 1, "percent_covered": 100.0, "percent_covered_display": "100.00", "missing_lines": 0, "excluded_lines": 0, "num_branches": 0, "num_partial_branches": 0, "covered_branches": 0, "missing_branches": 0}, "missing_lines": [], "excluded_lines": [], "executed_branches": [], "missing_branches": []}, "secure_uniform": {"executed_lines": [247], "summary": {"covered_lines": 1, "num_statements": 1, "percent_covered": 100.0, "percent_covered_display": "100.00", "missing_lines": 0, "excluded_lines": 0, "num_branches": 0, "num_partial_branches": 0, "covered_branches": 0, "missing_branches": 0}, "missing_lines": [], "excluded_lines": [], "executed_branches": [], "missing_branches": []}, "secure_choice": {"executed_lines": [259], "summary": {"covered_lines": 1, "num_statements": 1, "percent_covered": 100.0, "percent_covered_display": "100.00", "missing_lines": 0, "excluded_lines": 0, "num_branches": 0, "num_partial_branches": 0, "covered_branches": 0, "missing_branches": 0}, "missing_lines": [], "excluded_lines": [], "executed_branches": [], "missing_branches": []}, "": {"executed_lines": [1, 8, 9, 10, 12, 15, 16, 28, 32, 40, 57, 74, 90, 107, 115, 131, 147, 173, 211, 214, 224, 237, 250], "summary": {"covered_lines": 21, "num_statements": 21, "percent_covered": 100.0, "percent_covered_display": "100.00", "missing_lines": 0, "excluded_lines": 0, "num_branches": 0, "num_partial_branches": 0, "covered_branches": 0, "missing_branches": 0}, "missing_lines": [], "excluded_lines": [], "executed_branches": [], "missing_branches": []}}, "classes": {"SecureRandom": {"executed_lines": [30, 38, 53, 55, 70, 72, 86, 88, 103, 104, 105, 113, 127, 129, 143, 145, 160, 163, 167, 168, 169, 171, 192, 194, 196, 200, 203, 204, 207], "summary": {"covered_lines": 29, "num_statements": 39, "percent_covered": 67.21311475409836, "percent_covered_display": "67.21", "missing_lines": 10, "excluded_lines": 0, "num_branches": 22, "num_partial_branches": 10, "covered_branches": 12, "missing_branches": 10}, "missing_lines": [54, 71, 87, 128, 144, 161, 164, 193, 195, 197], "excluded_lines": [], "executed_branches": [[53, 55], [70, 72], [86, 88], [103, 104], [103, 105], [127, 129], [143, 145], [160, 163], [163, 167], [192, 194], [194, 196], [196, 200]], "missing_branches": [[53, 54], [70, 71], [86, 87], [127, 128], [143, 144], [160, 161], [163, 164], [192, 193], [194, 195], [196, 197]]}, "": {"executed_lines": [1, 8, 9, 10, 12, 15, 16, 28, 32, 40, 57, 74, 90, 107, 115, 131, 147, 173, 211, 214, 220, 224, 234, 237, 247, 250, 259], "summary": {"covered_lines": 25, "num_statements": 25, "percent_covered": 100.0, "percent_covered_display": "100.00", "missing_lines": 0, "excluded_lines": 0, "num_branches": 0, "num_partial_branches": 0, "covered_branches": 0, "missing_branches": 0}, "missing_lines": [], "excluded_lines": [], "executed_branches": [], "missing_branches": []}}}, "src/utils/setup_validator.py": {"executed_lines": [1, 8, 9, 10, 12, 13, 17, 18, 22, 29, 31, 34, 40, 43, 44, 46, 47, 49, 52, 58, 59, 62, 63, 65, 66, 67, 70, 71, 72, 75, 77, 79, 82, 93, 95, 98, 99, 100, 101, 102, 103, 104, 106, 109, 110, 111, 112, 113, 114, 115, 117, 120, 121, 124, 125, 126, 128, 131, 133, 135, 136, 137, 138, 140, 141, 142, 145, 146, 147, 148, 150, 152, 155, 161, 162, 163, 166], "summary": {"covered_lines": 75, "num_statements": 80, "percent_covered": 95.09803921568627, "percent_covered_display": "95.10", "missing_lines": 5, "excluded_lines": 5, "num_branches": 22, "num_partial_branches": 0, "covered_branches": 22, "missing_branches": 0}, "missing_lines": [14, 15, 19, 20, 64], "excluded_lines": [166, 168, 173, 174, 175], "executed_branches": [[43, 44], [43, 46], [46, 47], [46, 49], [71, 72], [71, 79], [100, 101], [100, 106], [102, 103], [102, 104], [111, 112], [111, 117], [113, 114], [113, 115], [120, 121], [120, 124], [126, 128], [126, 131], [145, 146], [145, 150], [161, -155], [161, 162]], "missing_branches": [], "functions": {"validate_system_requirements": {"executed_lines": [40, 43, 44, 46, 47, 49], "summary": {"covered_lines": 6, "num_statements": 6, "percent_covered": 100.0, "percent_covered_display": "100.00", "missing_lines": 0, "excluded_lines": 0, "num_branches": 4, "num_partial_branches": 0, "covered_branches": 4, "missing_branches": 0}, "missing_lines": [], "excluded_lines": [], "executed_branches": [[43, 44], [43, 46], [46, 47], [46, 49]], "missing_branches": []}, "validate_environment_setup": {"executed_lines": [58, 59, 62, 63, 65, 66, 67, 70, 71, 72, 75, 77, 79], "summary": {"covered_lines": 13, "num_statements": 14, "percent_covered": 93.75, "percent_covered_display": "93.75", "missing_lines": 1, "excluded_lines": 0, "num_branches": 2, "num_partial_branches": 0, "covered_branches": 2, "missing_branches": 0}, "missing_lines": [64], "excluded_lines": [], "executed_branches": [[71, 72], [71, 79]], "missing_branches": []}, "validate_startup_configuration": {"executed_lines": [93, 95, 98, 99, 100, 101, 102, 103, 104, 106, 109, 110, 111, 112, 113, 114, 115, 117, 120, 121, 124, 125, 126, 128, 131, 133, 135, 136, 137, 138, 140, 141, 142, 145, 146, 147, 148, 150, 152], "summary": {"covered_lines": 39, "num_statements": 39, "percent_covered": 100.0, "percent_covered_display": "100.00", "missing_lines": 0, "excluded_lines": 0, "num_branches": 14, "num_partial_branches": 0, "covered_branches": 14, "missing_branches": 0}, "missing_lines": [], "excluded_lines": [], "executed_branches": [[100, 101], [100, 106], [102, 103], [102, 104], [111, 112], [111, 117], [113, 114], [113, 115], [120, 121], [120, 124], [126, 128], [126, 131], [145, 146], [145, 150]], "missing_branches": []}, "run_startup_checks": {"executed_lines": [161, 162, 163], "summary": {"covered_lines": 3, "num_statements": 3, "percent_covered": 100.0, "percent_covered_display": "100.00", "missing_lines": 0, "excluded_lines": 0, "num_branches": 2, "num_partial_branches": 0, "covered_branches": 2, "missing_branches": 0}, "missing_lines": [], "excluded_lines": [], "executed_branches": [[161, -155], [161, 162]], "missing_branches": []}, "": {"executed_lines": [1, 8, 9, 10, 12, 13, 17, 18, 22, 29, 31, 34, 52, 82, 155, 166], "summary": {"covered_lines": 14, "num_statements": 18, "percent_covered": 77.77777777777777, "percent_covered_display": "77.78", "missing_lines": 4, "excluded_lines": 5, "num_branches": 0, "num_partial_branches": 0, "covered_branches": 0, "missing_branches": 0}, "missing_lines": [14, 15, 19, 20], "excluded_lines": [166, 168, 173, 174, 175], "executed_branches": [], "missing_branches": []}}, "classes": {"": {"executed_lines": [1, 8, 9, 10, 12, 13, 17, 18, 22, 29, 31, 34, 40, 43, 44, 46, 47, 49, 52, 58, 59, 62, 63, 65, 66, 67, 70, 71, 72, 75, 77, 79, 82, 93, 95, 98, 99, 100, 101, 102, 103, 104, 106, 109, 110, 111, 112, 113, 114, 115, 117, 120, 121, 124, 125, 126, 128, 131, 133, 135, 136, 137, 138, 140, 141, 142, 145, 146, 147, 148, 150, 152, 155, 161, 162, 163, 166], "summary": {"covered_lines": 75, "num_statements": 80, "percent_covered": 95.09803921568627, "percent_covered_display": "95.10", "missing_lines": 5, "excluded_lines": 5, "num_branches": 22, "num_partial_branches": 0, "covered_branches": 22, "missing_branches": 0}, "missing_lines": [14, 15, 19, 20, 64], "excluded_lines": [166, 168, 173, 174, 175], "executed_branches": [[43, 44], [43, 46], [46, 47], [46, 49], [71, 72], [71, 79], [100, 101], [100, 106], [102, 103], [102, 104], [111, 112], [111, 117], [113, 114], [113, 115], [120, 121], [120, 124], [126, 128], [126, 131], [145, 146], [145, 150], [161, -155], [161, 162]], "missing_branches": []}}}, "src/utils/time_utils.py": {"executed_lines": [1, 14, 17, 28, 31, 42, 45, 73, 76, 90, 93, 105, 106, 107, 110, 126, 127, 128, 129, 131, 134, 148, 149, 153, 157], "summary": {"covered_lines": 24, "num_statements": 24, "percent_covered": 100.0, "percent_covered_display": "100.00", "missing_lines": 0, "excluded_lines": 0, "num_branches": 6, "num_partial_branches": 0, "covered_branches": 6, "missing_branches": 0}, "missing_lines": [], "excluded_lines": [], "executed_branches": [[105, 106], [105, 107], [126, 127], [126, 128], [128, 129], [128, 131]], "missing_branches": [], "functions": {"utc_now": {"executed_lines": [28], "summary": {"covered_lines": 1, "num_statements": 1, "percent_covered": 100.0, "percent_covered_display": "100.00", "missing_lines": 0, "excluded_lines": 0, "num_branches": 0, "num_partial_branches": 0, "covered_branches": 0, "missing_branches": 0}, "missing_lines": [], "excluded_lines": [], "executed_branches": [], "missing_branches": []}, "utc_timestamp": {"executed_lines": [42], "summary": {"covered_lines": 1, "num_statements": 1, "percent_covered": 100.0, "percent_covered_display": "100.00", "missing_lines": 0, "excluded_lines": 0, "num_branches": 0, "num_partial_branches": 0, "covered_branches": 0, "missing_branches": 0}, "missing_lines": [], "excluded_lines": [], "executed_branches": [], "missing_branches": []}, "to_utc_datetime": {"executed_lines": [73], "summary": {"covered_lines": 1, "num_statements": 1, "percent_covered": 100.0, "percent_covered_display": "100.00", "missing_lines": 0, "excluded_lines": 0, "num_branches": 0, "num_partial_branches": 0, "covered_branches": 0, "missing_branches": 0}, "missing_lines": [], "excluded_lines": [], "executed_branches": [], "missing_branches": []}, "from_timestamp": {"executed_lines": [90], "summary": {"covered_lines": 1, "num_statements": 1, "percent_covered": 100.0, "percent_covered_display": "100.00", "missing_lines": 0, "excluded_lines": 0, "num_branches": 0, "num_partial_branches": 0, "covered_branches": 0, "missing_branches": 0}, "missing_lines": [], "excluded_lines": [], "executed_branches": [], "missing_branches": []}, "to_timestamp": {"executed_lines": [105, 106, 107], "summary": {"covered_lines": 3, "num_statements": 3, "percent_covered": 100.0, "percent_covered_display": "100.00", "missing_lines": 0, "excluded_lines": 0, "num_branches": 2, "num_partial_branches": 0, "covered_branches": 2, "missing_branches": 0}, "missing_lines": [], "excluded_lines": [], "executed_branches": [[105, 106], [105, 107]], "missing_branches": []}, "format_datetime": {"executed_lines": [126, 127, 128, 129, 131], "summary": {"covered_lines": 5, "num_statements": 5, "percent_covered": 100.0, "percent_covered_display": "100.00", "missing_lines": 0, "excluded_lines": 0, "num_branches": 4, "num_partial_branches": 0, "covered_branches": 4, "missing_branches": 0}, "missing_lines": [], "excluded_lines": [], "executed_branches": [[126, 127], [126, 128], [128, 129], [128, 131]], "missing_branches": []}, "parse_iso_datetime": {"executed_lines": [148, 149], "summary": {"covered_lines": 2, "num_statements": 2, "percent_covered": 100.0, "percent_covered_display": "100.00", "missing_lines": 0, "excluded_lines": 0, "num_branches": 0, "num_partial_branches": 0, "covered_branches": 0, "missing_branches": 0}, "missing_lines": [], "excluded_lines": [], "executed_branches": [], "missing_branches": []}, "": {"executed_lines": [1, 14, 17, 31, 45, 76, 93, 110, 134, 153, 157], "summary": {"covered_lines": 10, "num_statements": 10, "percent_covered": 100.0, "percent_covered_display": "100.00", "missing_lines": 0, "excluded_lines": 0, "num_branches": 0, "num_partial_branches": 0, "covered_branches": 0, "missing_branches": 0}, "missing_lines": [], "excluded_lines": [], "executed_branches": [], "missing_branches": []}}, "classes": {"": {"executed_lines": [1, 14, 17, 28, 31, 42, 45, 73, 76, 90, 93, 105, 106, 107, 110, 126, 127, 128, 129, 131, 134, 148, 149, 153, 157], "summary": {"covered_lines": 24, "num_statements": 24, "percent_covered": 100.0, "percent_covered_display": "100.00", "missing_lines": 0, "excluded_lines": 0, "num_branches": 6, "num_partial_branches": 0, "covered_branches": 6, "missing_branches": 0}, "missing_lines": [], "excluded_lines": [], "executed_branches": [[105, 106], [105, 107], [126, 127], [126, 128], [128, 129], [128, 131]], "missing_branches": []}}}}, "totals": {"covered_lines": 8779, "num_statements": 9381, "percent_covered": 91.98720646410234, "percent_covered_display": "91.99", "missing_lines": 602, "excluded_lines": 249, "num_branches": 2500, "num_partial_branches": 266, "covered_branches": 2150, "missing_branches": 350}}
